Log file open, 07/22/18 09:45:13
LogWindows: Failed to load 'aqProf.dll' (GetLastError=126)
LogWindows: File 'aqProf.dll' does not exist
LogWindows: Failed to load 'VtuneApi.dll' (GetLastError=126)
LogWindows: File 'VtuneApi.dll' does not exist
LogWindows: Failed to load 'VtuneApi32e.dll' (GetLastError=126)
LogWindows: File 'VtuneApi32e.dll' does not exist
LogInit: Display: Running engine for game: ProjectR
LogPlatformFile: Not using cached read wrapper
LogInit: Display: RandInit(52568797) SRandInit(52568797).
LogInit: Read version file with build ID '3944462'
LogInit: Overriding engine version to CL 3989454, compatible CL 3944462
LogInit: Registered custom module enumerator with build ID '3944462'
LogTaskGraph: Started task graph with 5 named threads and 23 total threads with 3 sets of task threads.
LogStats: Stats thread started at 0.406193
LogD3D11RHI: Aftermath initialized
LogICUInternationalization: Display: ICU TimeZone Detection - Raw Offset: +3:30, Platform Override: ''
LogModuleManager: Display: Found up-to-date module file ../../../Engine/Plugins/2D/Paper2D/Binaries/Win64/UE4Editor-Paper2D.dll (API version 3944462).
LogModuleManager: Display: Found up-to-date module file ../../../Engine/Plugins/2D/Paper2D/Binaries/Win64/UE4Editor-Paper2DEditor.dll (API version 3944462).
LogModuleManager: Display: Found up-to-date module file ../../../Engine/Plugins/2D/Paper2D/Binaries/Win64/UE4Editor-PaperSpriteSheetImporter.dll (API version 3944462).
LogModuleManager: Display: Found up-to-date module file ../../../Engine/Plugins/2D/Paper2D/Binaries/Win64/UE4Editor-PaperTiledImporter.dll (API version 3944462).
LogModuleManager: Display: Found up-to-date module file ../../../Engine/Plugins/2D/Paper2D/Binaries/Win64/UE4Editor-SmartSnapping.dll (API version 3944462).
LogModuleManager: Display: Found up-to-date module file ../../../Engine/Plugins/Blendables/LightPropagationVolume/Binaries/Win64/UE4Editor-LightPropagationVolumeRuntime.dll (API version 3944462).
LogModuleManager: Display: Found up-to-date module file ../../../Engine/Plugins/Blendables/LightPropagationVolume/Binaries/Win64/UE4Editor-LightPropagationVolumeEditor.dll (API version 3944462).
LogModuleManager: Display: Found up-to-date module file ../../../Engine/Plugins/Developer/CLionSourceCodeAccess/Binaries/Win64/UE4Editor-CLionSourceCodeAccess.dll (API version 3944462).
LogModuleManager: Display: Found up-to-date module file ../../../Engine/Plugins/Developer/GitSourceControl/Binaries/Win64/UE4Editor-GitSourceControl.dll (API version 3944462).
LogModuleManager: Display: Found up-to-date module file ../../../Engine/Plugins/Developer/PerforceSourceControl/Binaries/Win64/UE4Editor-PerforceSourceControl.dll (API version 3944462).
LogModuleManager: Display: Found up-to-date module file ../../../Engine/Plugins/Developer/SubversionSourceControl/Binaries/Win64/UE4Editor-SubversionSourceControl.dll (API version 3944462).
LogModuleManager: Display: Found up-to-date module file ../../../Engine/Plugins/Developer/UObjectPlugin/Binaries/Win64/UE4Editor-UObjectPlugin.dll (API version 3944462).
LogModuleManager: Display: Found up-to-date module file ../../../Engine/Plugins/Developer/VisualStudioCodeSourceCodeAccess/Binaries/Win64/UE4Editor-VisualStudioCodeSourceCodeAccess.dll (API version 3944462).
LogModuleManager: Display: Found up-to-date module file ../../../Engine/Plugins/Developer/VisualStudioSourceCodeAccess/Binaries/Win64/UE4Editor-VisualStudioSourceCodeAccess.dll (API version 3944462).
LogModuleManager: Display: Found up-to-date module file ../../../Engine/Plugins/Editor/AssetManagerEditor/Binaries/Win64/UE4Editor-AssetManagerEditor.dll (API version 3944462).
LogModuleManager: Display: Found up-to-date module file ../../../Engine/Plugins/Editor/CryptoKeys/Binaries/Win64/UE4Editor-CryptoKeys.dll (API version 3944462).
LogModuleManager: Display: Found up-to-date module file ../../../Engine/Plugins/Editor/CryptoKeys/Binaries/Win64/UE4Editor-CryptoKeysOpenSSL.dll (API version 3944462).
LogModuleManager: Display: Found up-to-date module file ../../../Engine/Plugins/Editor/DataValidation/Binaries/Win64/UE4Editor-DataValidation.dll (API version 3944462).
LogModuleManager: Display: Found up-to-date module file ../../../Engine/Plugins/Editor/FacialAnimation/Binaries/Win64/UE4Editor-FacialAnimation.dll (API version 3944462).
LogModuleManager: Display: Found up-to-date module file ../../../Engine/Plugins/Editor/FacialAnimation/Binaries/Win64/UE4Editor-FacialAnimationEditor.dll (API version 3944462).
LogModuleManager: Display: Found up-to-date module file ../../../Engine/Plugins/Editor/GameplayTagsEditor/Binaries/Win64/UE4Editor-GameplayTagsEditor.dll (API version 3944462).
LogModuleManager: Display: Found up-to-date module file ../../../Engine/Plugins/Editor/MobileLauncherProfileWizard/Binaries/Win64/UE4Editor-MobileLauncherProfileWizard.dll (API version 3944462).
LogModuleManager: Display: Found up-to-date module file ../../../Engine/Plugins/Editor/PluginBrowser/Binaries/Win64/UE4Editor-PluginBrowser.dll (API version 3944462).
LogModuleManager: Display: Found up-to-date module file ../../../Engine/Plugins/Editor/SpeedTreeImporter/Binaries/Win64/UE4Editor-SpeedTreeImporter.dll (API version 3944462).
LogModuleManager: Display: Found up-to-date module file ../../../Engine/Plugins/Enterprise/DatasmithContent/Binaries/Win64/UE4Editor-DatasmithContent.dll (API version 3944462).
LogModuleManager: Display: Found up-to-date module file ../../../Engine/Plugins/Experimental/AlembicImporter/Binaries/Win64/UE4Editor-AlembicImporter.dll (API version 3944462).
LogModuleManager: Display: Found up-to-date module file ../../../Engine/Plugins/Experimental/AlembicImporter/Binaries/Win64/UE4Editor-AlembicLibrary.dll (API version 3944462).
LogModuleManager: Display: Found up-to-date module file ../../../Engine/Plugins/Experimental/CharacterAI/Binaries/Win64/UE4Editor-CharacterAI.dll (API version 3944462).
LogModuleManager: Display: Found up-to-date module file ../../../Engine/Plugins/Experimental/HTML5Networking/Binaries/Win64/UE4Editor-HTML5Networking.dll (API version 3944462).
LogModuleManager: Display: Found up-to-date module file ../../../Engine/Plugins/Media/AndroidMedia/Binaries/Win64/UE4Editor-AndroidMediaEditor.dll (API version 3944462).
LogModuleManager: Display: Found up-to-date module file ../../../Engine/Plugins/Media/AndroidMedia/Binaries/Win64/UE4Editor-AndroidMediaFactory.dll (API version 3944462).
LogModuleManager: Display: Found up-to-date module file ../../../Engine/Plugins/Media/AvfMedia/Binaries/Win64/UE4Editor-AvfMediaEditor.dll (API version 3944462).
LogModuleManager: Display: Found up-to-date module file ../../../Engine/Plugins/Media/AvfMedia/Binaries/Win64/UE4Editor-AvfMediaFactory.dll (API version 3944462).
LogModuleManager: Display: Found up-to-date module file ../../../Engine/Plugins/Media/AvfMedia/Binaries/Win64/UE4Editor-AvfMediaFactory.dll (API version 3944462).
LogModuleManager: Display: Found up-to-date module file ../../../Engine/Plugins/Media/ImgMedia/Binaries/Win64/UE4Editor-ImgMedia.dll (API version 3944462).
LogModuleManager: Display: Found up-to-date module file ../../../Engine/Plugins/Media/ImgMedia/Binaries/Win64/UE4Editor-ImgMediaEditor.dll (API version 3944462).
LogModuleManager: Display: Found up-to-date module file ../../../Engine/Plugins/Media/ImgMedia/Binaries/Win64/UE4Editor-ImgMediaFactory.dll (API version 3944462).
LogModuleManager: Display: Found up-to-date module file ../../../Engine/Plugins/Media/ImgMedia/Binaries/Win64/UE4Editor-ImgMediaFactory.dll (API version 3944462).
LogModuleManager: Display: Found up-to-date module file ../../../Engine/Plugins/Media/ImgMedia/Binaries/Win64/UE4Editor-OpenExrWrapper.dll (API version 3944462).
LogModuleManager: Display: Found up-to-date module file ../../../Engine/Plugins/Media/LinearTimecode/Binaries/Win64/UE4Editor-LinearTimecode.dll (API version 3944462).
LogModuleManager: Display: Found up-to-date module file ../../../Engine/Plugins/Media/MediaCompositing/Binaries/Win64/UE4Editor-MediaCompositing.dll (API version 3944462).
LogModuleManager: Display: Found up-to-date module file ../../../Engine/Plugins/Media/MediaCompositing/Binaries/Win64/UE4Editor-MediaCompositingEditor.dll (API version 3944462).
LogModuleManager: Display: Found up-to-date module file ../../../Engine/Plugins/Media/MediaPlayerEditor/Binaries/Win64/UE4Editor-MediaPlayerEditor.dll (API version 3944462).
LogModuleManager: Display: Found up-to-date module file ../../../Engine/Plugins/Media/WmfMedia/Binaries/Win64/UE4Editor-WmfMedia.dll (API version 3944462).
LogModuleManager: Display: Found up-to-date module file ../../../Engine/Plugins/Media/WmfMedia/Binaries/Win64/UE4Editor-WmfMediaEditor.dll (API version 3944462).
LogModuleManager: Display: Found up-to-date module file ../../../Engine/Plugins/Media/WmfMedia/Binaries/Win64/UE4Editor-WmfMediaFactory.dll (API version 3944462).
LogModuleManager: Display: Found up-to-date module file ../../../Engine/Plugins/Media/WmfMedia/Binaries/Win64/UE4Editor-WmfMediaFactory.dll (API version 3944462).
LogModuleManager: Display: Found up-to-date module file ../../../Engine/Plugins/Messaging/TcpMessaging/Binaries/Win64/UE4Editor-TcpMessaging.dll (API version 3944462).
LogModuleManager: Display: Found up-to-date module file ../../../Engine/Plugins/Messaging/UdpMessaging/Binaries/Win64/UE4Editor-UdpMessaging.dll (API version 3944462).
LogModuleManager: Display: Found up-to-date module file ../../../Engine/Plugins/MovieScene/ActorSequence/Binaries/Win64/UE4Editor-ActorSequence.dll (API version 3944462).
LogModuleManager: Display: Found up-to-date module file ../../../Engine/Plugins/MovieScene/LevelSequenceEditor/Binaries/Win64/UE4Editor-LevelSequenceEditor.dll (API version 3944462).
LogModuleManager: Display: Found up-to-date module file ../../../Engine/Plugins/MovieScene/MatineeToLevelSequence/Binaries/Win64/UE4Editor-MatineeToLevelSequence.dll (API version 3944462).
LogModuleManager: Display: Found up-to-date module file ../../../Engine/Plugins/NetcodeUnitTest/NetcodeUnitTest/Binaries/Win64/UE4Editor-NetcodeUnitTest.dll (API version 3944462).
LogModuleManager: Display: Found up-to-date module file ../../../Engine/Plugins/NetcodeUnitTest/NUTUnrealEngine4/Binaries/Win64/UE4Editor-NUTUnrealEngine4.dll (API version 3944462).
LogModuleManager: Display: Found up-to-date module file ../../../Engine/Plugins/Online/OnlineSubsystem/Binaries/Win64/UE4Editor-OnlineSubsystem.dll (API version 3944462).
LogModuleManager: Display: Found up-to-date module file ../../../Engine/Plugins/Runtime/AndroidPermission/Binaries/Win64/UE4Editor-AndroidPermission.dll (API version 3944462).
LogModuleManager: Display: Found up-to-date module file ../../../Engine/Plugins/Online/OnlineSubsystemNull/Binaries/Win64/UE4Editor-OnlineSubsystemNull.dll (API version 3944462).
LogModuleManager: Display: Found up-to-date module file ../../../Engine/Plugins/Online/OnlineSubsystemUtils/Binaries/Win64/UE4Editor-OnlineSubsystemUtils.dll (API version 3944462).
LogModuleManager: Display: Found up-to-date module file ../../../Engine/Plugins/Online/OnlineSubsystemUtils/Binaries/Win64/UE4Editor-OnlineBlueprintSupport.dll (API version 3944462).
LogModuleManager: Display: Found up-to-date module file ../../../Engine/Plugins/Runtime/AndroidDeviceProfileSelector/Binaries/Win64/UE4Editor-AndroidDeviceProfileSelector.dll (API version 3944462).
LogModuleManager: Display: Found up-to-date module file ../../../Engine/Plugins/Runtime/AppleARKit/Binaries/Win64/UE4Editor-AppleARKit.dll (API version 3944462).
LogModuleManager: Display: Found up-to-date module file ../../../Engine/Plugins/Runtime/ProceduralMeshComponent/Binaries/Win64/UE4Editor-ProceduralMeshComponent.dll (API version 3944462).
LogModuleManager: Display: Found up-to-date module file ../../../Engine/Plugins/Runtime/ProceduralMeshComponent/Binaries/Win64/UE4Editor-ProceduralMeshComponentEditor.dll (API version 3944462).
LogModuleManager: Display: Found up-to-date module file ../../../Engine/Plugins/Animation/LiveLink/Binaries/Win64/UE4Editor-LiveLink.dll (API version 3944462).
LogModuleManager: Display: Found up-to-date module file ../../../Engine/Plugins/Animation/LiveLink/Binaries/Win64/UE4Editor-LiveLinkEditor.dll (API version 3944462).
LogModuleManager: Display: Found up-to-date module file ../../../Engine/Plugins/Runtime/ArchVisCharacter/Binaries/Win64/UE4Editor-ArchVisCharacter.dll (API version 3944462).
LogModuleManager: Display: Found up-to-date module file ../../../Engine/Plugins/Runtime/AudioCapture/Binaries/Win64/UE4Editor-AudioCapture.dll (API version 3944462).
LogModuleManager: Display: Found up-to-date module file ../../../Engine/Plugins/Runtime/AudioCapture/Binaries/Win64/UE4Editor-AudioCaptureEditor.dll (API version 3944462).
LogModuleManager: Display: Found up-to-date module file ../../../Engine/Plugins/Runtime/CableComponent/Binaries/Win64/UE4Editor-CableComponent.dll (API version 3944462).
LogModuleManager: Display: Found up-to-date module file ../../../Engine/Plugins/Runtime/CustomMeshComponent/Binaries/Win64/UE4Editor-CustomMeshComponent.dll (API version 3944462).
LogModuleManager: Display: Found up-to-date module file ../../../Engine/Plugins/Runtime/ExampleDeviceProfileSelector/Binaries/Win64/UE4Editor-ExampleDeviceProfileSelector.dll (API version 3944462).
LogModuleManager: Display: Found up-to-date module file ../../../Engine/Plugins/Runtime/ImmediatePhysics/Binaries/Win64/UE4Editor-ImmediatePhysics.dll (API version 3944462).
LogModuleManager: Display: Found up-to-date module file ../../../Engine/Plugins/Runtime/ImmediatePhysics/Binaries/Win64/UE4Editor-ImmediatePhysicsEditor.dll (API version 3944462).
LogModuleManager: Display: Found up-to-date module file ../../../Engine/Plugins/Runtime/LocationServicesBPLibrary/Binaries/Win64/UE4Editor-LocationServicesBPLibrary.dll (API version 3944462).
LogModuleManager: Display: Found up-to-date module file ../../../Engine/Plugins/Runtime/MobilePatchingUtils/Binaries/Win64/UE4Editor-MobilePatchingUtils.dll (API version 3944462).
LogModuleManager: Display: Found up-to-date module file ../../../Engine/Plugins/Runtime/Oculus/OculusVR/Binaries/Win64/UE4Editor-OculusHMD.dll (API version 3944462).
LogModuleManager: Display: Found up-to-date module file ../../../Engine/Plugins/Runtime/Oculus/OculusVR/Binaries/Win64/UE4Editor-OculusInput.dll (API version 3944462).
LogModuleManager: Display: Found up-to-date module file ../../../Engine/Plugins/Runtime/Oculus/OculusVR/Binaries/Win64/UE4Editor-OculusEditor.dll (API version 3944462).
LogModuleManager: Display: Found up-to-date module file ../../../Engine/Plugins/Runtime/PhysXVehicles/Binaries/Win64/UE4Editor-PhysXVehicles.dll (API version 3944462).
LogModuleManager: Display: Found up-to-date module file ../../../Engine/Plugins/Runtime/PhysXVehicles/Binaries/Win64/UE4Editor-PhysXVehiclesEditor.dll (API version 3944462).
LogModuleManager: Display: Found up-to-date module file ../../../Engine/Plugins/Runtime/RuntimePhysXCooking/Binaries/Win64/UE4Editor-RuntimePhysXCooking.dll (API version 3944462).
LogModuleManager: Display: Found up-to-date module file ../../../Engine/Plugins/Runtime/Steam/SteamVR/Binaries/Win64/UE4Editor-SteamVR.dll (API version 3944462).
LogModuleManager: Display: Found up-to-date module file ../../../Engine/Plugins/Runtime/Steam/SteamVR/Binaries/Win64/UE4Editor-SteamVRController.dll (API version 3944462).
LogModuleManager: Display: Found up-to-date module file ../../../Engine/Plugins/Runtime/WindowsMoviePlayer/Binaries/Win64/UE4Editor-WindowsMoviePlayer.dll (API version 3944462).
LogModuleManager: Display: Found up-to-date module file ../../../Engine/Plugins/UnrealEnginePython/Binaries/Win64/UE4Editor-UnrealEnginePython.dll (API version 3944462).
LogModuleManager: Display: Found up-to-date module file ../../../Engine/Plugins/UnrealEnginePython/Binaries/Win64/UE4Editor-PythonConsole.dll (API version 3944462).
LogModuleManager: Display: Found up-to-date module file ../../../Engine/Plugins/UnrealEnginePython/Binaries/Win64/UE4Editor-PythonEditor.dll (API version 3944462).
LogPluginManager: Mounting plugin Paper2D
LogPluginManager: Mounting plugin LiveLink
LogPluginManager: Mounting plugin LightPropagationVolume
LogPluginManager: Mounting plugin CLionSourceCodeAccess
LogPluginManager: Mounting plugin CodeLiteSourceCodeAccess
LogPluginManager: Mounting plugin GitSourceControl
LogPluginManager: Mounting plugin KDevelopSourceCodeAccess
LogPluginManager: Mounting plugin NullSourceCodeAccess
LogPluginManager: Mounting plugin PerforceSourceControl
LogPluginManager: Mounting plugin SubversionSourceControl
LogPluginManager: Mounting plugin UObjectPlugin
LogPluginManager: Mounting plugin VisualStudioCodeSourceCodeAccess
LogPluginManager: Mounting plugin VisualStudioSourceCodeAccess
LogPluginManager: Mounting plugin XCodeSourceCodeAccess
LogPluginManager: Mounting plugin AssetManagerEditor
LogPluginManager: Mounting plugin CryptoKeys
LogPluginManager: Mounting plugin DataValidation
LogPluginManager: Mounting plugin FacialAnimation
LogPluginManager: Mounting plugin GameplayTagsEditor
LogPluginManager: Mounting plugin MobileLauncherProfileWizard
LogPluginManager: Mounting plugin PluginBrowser
LogPluginManager: Mounting plugin SpeedTreeImporter
LogPluginManager: Mounting plugin DatasmithContent
LogPluginManager: Mounting plugin AlembicImporter
LogPluginManager: Mounting plugin CharacterAI
LogPluginManager: Mounting plugin HTML5Networking
LogPluginManager: Mounting plugin AndroidMedia
LogPluginManager: Mounting plugin AvfMedia
LogPluginManager: Mounting plugin ImgMedia
LogPluginManager: Mounting plugin LinearTimecode
LogPluginManager: Mounting plugin MediaCompositing
LogPluginManager: Mounting plugin MediaPlayerEditor
LogPluginManager: Mounting plugin WmfMedia
LogPluginManager: Mounting plugin TcpMessaging
LogPluginManager: Mounting plugin UdpMessaging
LogPluginManager: Mounting plugin ActorSequence
LogPluginManager: Mounting plugin LevelSequenceEditor
LogPluginManager: Mounting plugin MatineeToLevelSequence
LogPluginManager: Mounting plugin NetcodeUnitTest
LogPluginManager: Mounting plugin NUTUnrealEngine4
LogPluginManager: Mounting plugin OnlineSubsystemGooglePlay
LogPluginManager: Mounting plugin OnlineSubsystemIOS
LogPluginManager: Mounting plugin OnlineSubsystem
LogPluginManager: Mounting plugin OnlineSubsystemNull
LogPluginManager: Mounting plugin OnlineSubsystemUtils
LogPluginManager: Mounting plugin AndroidDeviceProfileSelector
LogPluginManager: Mounting plugin AndroidMoviePlayer
LogPluginManager: Mounting plugin AndroidPermission
LogPluginManager: Mounting plugin AppleARKit
LogPluginManager: Mounting plugin AppleMoviePlayer
LogPluginManager: Mounting plugin ArchVisCharacter
LogPluginManager: Mounting plugin AudioCapture
LogPluginManager: Mounting plugin CableComponent
LogPluginManager: Mounting plugin CustomMeshComponent
LogPluginManager: Mounting plugin ExampleDeviceProfileSelector
LogPluginManager: Mounting plugin GoogleCloudMessaging
LogPluginManager: Mounting plugin ImmediatePhysics
LogPluginManager: Mounting plugin IOSDeviceProfileSelector
LogPluginManager: Mounting plugin LinuxDeviceProfileSelector
LogPluginManager: Mounting plugin LocationServicesBPLibrary
LogPluginManager: Mounting plugin MobilePatchingUtils
LogPluginManager: Mounting plugin OculusVR
LogPluginManager: Plugin shader directory ../../../Engine/Plugins/Runtime/Oculus/OculusVR/Shaders found
LogPluginManager: Mapping shader source directory ../../../Engine/Plugins/Runtime/Oculus/OculusVR/Shaders to virtual directory /Plugin/OculusVR
LogPluginManager: Mounting plugin PhysXVehicles
LogPluginManager: Mounting plugin ProceduralMeshComponent
LogPluginManager: Mounting plugin RuntimePhysXCooking
LogPluginManager: Mounting plugin SteamVR
LogPluginManager: Mounting plugin WindowsMoviePlayer
LogPluginManager: Mounting plugin UnrealEnginePython
LogStreaming: Display: Took  2.843s to configure plugins.
LogInit: Using libcurl 7.47.1
LogInit:  - built for x86_64-pc-win32
LogInit:  - supports SSL with OpenSSL/1.0.2g
LogInit:  - supports HTTP deflate (compression) using libz 1.2.8
LogInit:  - other features:
LogInit:      CURL_VERSION_SSL
LogInit:      CURL_VERSION_LIBZ
LogInit:      CURL_VERSION_IPV6
LogInit:      CURL_VERSION_ASYNCHDNS
LogInit:      CURL_VERSION_LARGEFILE
LogInit:      CURL_VERSION_IDN
LogInit:  CurlRequestOptions (configurable via config and command line):
LogInit:  - bVerifyPeer = false  - Libcurl will NOT verify peer certificate
LogInit:  - bUseHttpProxy = false  - Libcurl will NOT use HTTP proxy
LogInit:  - bDontReuseConnections = false  - Libcurl will reuse connections
LogInit:  - CertBundlePath = nullptr  - Libcurl will use whatever was configured at build time.
LogInit:  - MaxHostConnections = 16  - Libcurl will limit the number of connections to a host
LogInit:  - LocalHostAddr = Default
LogInit: WinSock: version 1.1 (2.2), MaxSocks=32767, MaxUdp=65467
LogInit: WinSock: I am Hosein (192.168.1.6:0)
LogInit: Build: ++UE4+Release-4.19-CL-3989454
LogInit: Engine Version: 4.19.1-3989454+++UE4+Release-4.19
LogInit: Compatible Engine Version: 4.19.0-3944462+++UE4+Release-4.19
LogInit: Net CL: 3944462
LogDevObjectVersion: Number of dev versions registered: 18
LogDevObjectVersion:   Dev-Blueprints (B0D832E4-1F89-4F0D-ACCF-7EB736FD4AA2): 10
LogDevObjectVersion:   Dev-Build (E1C64328-A22C-4D53-A36C-8E866417BD8C): 0
LogDevObjectVersion:   Dev-Core (375EC13C-06E4-48FB-B500-84F0262A717E): 2
LogDevObjectVersion:   Dev-Editor (E4B068ED-F494-42E9-A231-DA0B2E46BB41): 23
LogDevObjectVersion:   Dev-Framework (CFFC743F-43B0-4480-9391-14DF171D2073): 33
LogDevObjectVersion:   Dev-Mobile (B02B49B5-BB20-44E9-A304-32B752E40360): 2
LogDevObjectVersion:   Dev-Networking (A4E4105C-59A1-49B5-A7C5-40C4547EDFEE): 0
LogDevObjectVersion:   Dev-Online (39C831C9-5AE6-47DC-9A44-9C173E1C8E7C): 0
LogDevObjectVersion:   Dev-Physics (78F01B33-EBEA-4F98-B9B4-84EACCB95AA2): 0
LogDevObjectVersion:   Dev-Platform (6631380F-2D4D-43E0-8009-CF276956A95A): 0
LogDevObjectVersion:   Dev-Rendering (12F88B9F-8875-4AFC-A67C-D90C383ABD29): 25
LogDevObjectVersion:   Dev-Sequencer (7B5AE74C-D270-4C10-A958-57980B212A5A): 6
LogDevObjectVersion:   Dev-VR (D7296918-1DD6-4BDD-9DE2-64A83CC13884): 1
LogDevObjectVersion:   Dev-LoadTimes (C2A15278-BFE7-4AFE-6C17-90FF531DF755): 1
LogDevObjectVersion:   Private-Geometry (6EACA3D4-40EC-4CC1-B786-8BED09428FC5): 2
LogDevObjectVersion:   Dev-AnimPhys (29E575DD-E0A3-4627-9D10-D276232CDCEA): 16
LogDevObjectVersion:   Dev-ReflectionCapture (6B266CEC-1EC7-4B8F-A30B-E4D90942FC07): 1
LogDevObjectVersion:   Dev-Automation (0DF73D61-A23F-47EA-B727-89E90C41499A): 1
LogInit: Compiled (64-bit): Apr  6 2018 12:26:04
LogInit: Compiled with Visual C++: 19.00.24215.01
LogInit: Build Configuration: Development
LogInit: Branch Name: ++UE4+Release-4.19
LogInit: Command Line:  
LogInit: Base Directory: h:/Unreal Engine/Epic Games/UE_4.19/Engine/Binaries/Win64/
LogInit: Installed Engine Build: 1
LogStreaming: Display: Took  0.000s to delete old logs.
LogInit: Presizing for max 8388607 objects, including 0 objects not considered by GC, pre-allocating 0 bytes for permanent pool.
LogInit: Object subsystem initialized
[2018.07.22-05.15.17:056][  0]LogInit: Selected Device Profile: [Windows]
[2018.07.22-05.15.17:056][  0]LogInit: Applying CVar settings loaded from the selected device profile: [Windows]
[2018.07.22-05.15.17:162][  0]LogInit: Computer: HOSEIN
[2018.07.22-05.15.17:162][  0]LogInit: User: Hosein
[2018.07.22-05.15.17:162][  0]LogInit: CPU Page size=4096, Cores=4
[2018.07.22-05.15.17:162][  0]LogInit: High frequency timer resolution =3.914066 MHz
[2018.07.22-05.15.17:165][  0]LogMemory: Memory total: Physical=31.9GB (32GB approx)
[2018.07.22-05.15.17:165][  0]LogMemory: Platform Memory Stats for Windows
[2018.07.22-05.15.17:165][  0]LogMemory: Process Physical Memory: 273.56 MB used, 273.56 MB peak
[2018.07.22-05.15.17:165][  0]LogMemory: Process Virtual Memory: 264.75 MB used, 264.75 MB peak
[2018.07.22-05.15.17:165][  0]LogMemory: Physical Memory: 3904.21 MB used,  28794.50 MB free, 32698.71 MB total
[2018.07.22-05.15.17:165][  0]LogMemory: Virtual Memory: 658.86 MB used,  28794.50 MB free, 134217728.00 MB total
[2018.07.22-05.15.17:691][  0]LogInit: Using OS detected language (en-US).
[2018.07.22-05.15.17:691][  0]LogInit: Using OS detected locale (en-US).
[2018.07.22-05.15.17:859][  0]LogTextLocalizationManager: No specific localization for 'en-US' exists, so the 'en' localization will be used.
[2018.07.22-05.15.18:389][  0]LogStreaming: Display: Took  0.681s to EndInitTextLocalization.
[2018.07.22-05.15.18:417][  0]LogInit: Setting process to per monitor DPI aware
[2018.07.22-05.15.18:895][  0]LogSlate: New Slate User Created.  User Index 0, Is Virtual User: 0
[2018.07.22-05.15.18:895][  0]LogSlate: Slate User Registered.  User Index 0, Is Virtual User: 0
[2018.07.22-05.15.20:540][  0]LogD3D11RHI: D3D11 adapters:
[2018.07.22-05.15.20:576][  0]LogD3D11RHI:    0. 'NVIDIA GeForce GTX 1070' (Feature Level 11_0)
[2018.07.22-05.15.20:576][  0]LogD3D11RHI:       8100/0/16349 MB DedicatedVideo/DedicatedSystem/SharedSystem, Outputs:1, VendorId:0x10de
[2018.07.22-05.15.20:578][  0]LogD3D11RHI:    1. 'Microsoft Basic Render Driver' (Feature Level 11_0)
[2018.07.22-05.15.20:578][  0]LogD3D11RHI:       0/0/16349 MB DedicatedVideo/DedicatedSystem/SharedSystem, Outputs:0, VendorId:0x1414
[2018.07.22-05.15.20:578][  0]LogD3D11RHI: Chosen D3D11 Adapter: 0
[2018.07.22-05.15.20:677][  0]LogD3D11RHI: Creating new Direct3DDevice
[2018.07.22-05.15.20:680][  0]LogD3D11RHI:     GPU DeviceId: 0x1b81 (for the marketing name, search the web for "GPU Device Id")
[2018.07.22-05.15.20:680][  0]LogWindows: EnumDisplayDevices:
[2018.07.22-05.15.20:680][  0]LogWindows:    0. 'NVIDIA GeForce GTX 1070' (P:1 D:1)
[2018.07.22-05.15.20:680][  0]LogWindows:    1. 'NVIDIA GeForce GTX 1070' (P:0 D:0)
[2018.07.22-05.15.20:680][  0]LogWindows:    2. 'NVIDIA GeForce GTX 1070' (P:0 D:0)
[2018.07.22-05.15.20:680][  0]LogWindows:    3. 'NVIDIA GeForce GTX 1070' (P:0 D:0)
[2018.07.22-05.15.20:680][  0]LogWindows: DebugString: FoundDriverCount:4 
[2018.07.22-05.15.20:680][  0]LogD3D11RHI:     Adapter Name: NVIDIA GeForce GTX 1070
[2018.07.22-05.15.20:680][  0]LogD3D11RHI:   Driver Version: 388.59 (internal:23.21.13.8859, unified:388.59)
[2018.07.22-05.15.20:680][  0]LogD3D11RHI:      Driver Date: 12-5-2017
[2018.07.22-05.15.20:680][  0]LogRHI: Texture pool is 5670 MB (70% of 8100 MB)
[2018.07.22-05.15.20:702][  0]LogD3D11RHI: [Aftermath] Aftermath enabled and primed
[2018.07.22-05.15.20:702][  0]LogD3D11RHI: [Aftermath] Aftermath enabled and primed
[2018.07.22-05.15.20:702][  0]LogD3D11RHI: Async texture creation enabled
[2018.07.22-05.15.20:966][  0]LogD3D11RHI: GPU Timing Frequency: 1000.000000 (Debug: 2 1)
[2018.07.22-05.15.21:081][  0]LogShaderCompilers: Guid format shader working directory is 12 characters bigger than the processId version (../../../../../Workstation/ProjectR/Intermediate/Shaders/WorkingDirectory/8536/).
[2018.07.22-05.15.21:084][  0]LogShaderCompilers: Cleaned the shader compiler working directory 'C:/Users/Hosein/AppData/Local/Temp/UnrealShaderWorkingDir/3342544E45E88D695AC4D6B6DAC7E11F/'.
[2018.07.22-05.15.22:078][  0]LogTemp: Display: Loaded TP AllDesktopTargetPlatform
[2018.07.22-05.15.22:087][  0]LogTemp: Display: Loaded TP MacClientTargetPlatform
[2018.07.22-05.15.22:096][  0]LogTemp: Display: Loaded TP MacNoEditorTargetPlatform
[2018.07.22-05.15.22:105][  0]LogTemp: Display: Loaded TP MacServerTargetPlatform
[2018.07.22-05.15.22:173][  0]LogTemp: Display: Loaded TP MacTargetPlatform
[2018.07.22-05.15.22:182][  0]LogTemp: Display: Loaded TP WindowsClientTargetPlatform
[2018.07.22-05.15.22:191][  0]LogTemp: Display: Loaded TP WindowsNoEditorTargetPlatform
[2018.07.22-05.15.22:200][  0]LogTemp: Display: Loaded TP WindowsServerTargetPlatform
[2018.07.22-05.15.22:205][  0]LogTemp: Display: Loaded TP WindowsTargetPlatform
[2018.07.22-05.15.22:213][  0]LogTemp: Display: Loaded TP Android_ASTCTargetPlatform
[2018.07.22-05.15.22:221][  0]LogTemp: Display: Loaded TP Android_ATCTargetPlatform
[2018.07.22-05.15.22:229][  0]LogTemp: Display: Loaded TP Android_DXTTargetPlatform
[2018.07.22-05.15.22:237][  0]LogTemp: Display: Loaded TP Android_ETC1aTargetPlatform
[2018.07.22-05.15.22:245][  0]LogTemp: Display: Loaded TP Android_ETC1TargetPlatform
[2018.07.22-05.15.22:253][  0]LogTemp: Display: Loaded TP Android_ETC2TargetPlatform
[2018.07.22-05.15.22:270][  0]LogTemp: Display: Loaded TP Android_MultiTargetPlatform
[2018.07.22-05.15.22:270][  0]LogTemp: Display: Loaded TP Android_PVRTCTargetPlatform
[2018.07.22-05.15.22:344][  0]LogTemp: Display: Loaded TP AndroidTargetPlatform
[2018.07.22-05.15.22:344][  0]LogTemp: Display: Loaded TP HTML5TargetPlatform
[2018.07.22-05.15.22:430][  0]LogTemp: Display: Loaded TP IOSTargetPlatform
[2018.07.22-05.15.22:438][  0]LogTemp: Display: Loaded TP TVOSTargetPlatform
[2018.07.22-05.15.22:446][  0]LogTemp: Display: Loaded TP LinuxClientTargetPlatform
[2018.07.22-05.15.22:454][  0]LogTemp: Display: Loaded TP LinuxNoEditorTargetPlatform
[2018.07.22-05.15.22:462][  0]LogTemp: Display: Loaded TP LinuxServerTargetPlatform
[2018.07.22-05.15.22:511][  0]LogTemp: Display: Loaded TP LinuxTargetPlatform
[2018.07.22-05.15.22:511][  0]LogTargetPlatformManager: Display: Building Assets For Windows
[2018.07.22-05.15.23:360][  0]LogXGEController: Cleaning working directory: C:/Users/Hosein/AppData/Local/Temp/UnrealXGEWorkingDir/
[2018.07.22-05.15.23:360][  0]LogXGEController: Cannot use XGE Controller as Incredibuild is not installed on this machine.
[2018.07.22-05.15.23:366][  0]LogShaderCompilers: Cannot use XGE Shader Compiler as Incredibuild is not installed on this machine.
[2018.07.22-05.15.23:366][  0]LogShaderCompilers: Display: Using Local Shader Compiler.
[2018.07.22-05.15.25:080][  0]LogDerivedDataCache: Display: Max Cache Size: 512 MB
[2018.07.22-05.15.25:386][  0]LogDerivedDataCache: Loaded boot cache 0.31s 74MB C:/Users/Hosein/AppData/Local/UnrealEngine/4.19/DerivedDataCache/Boot.ddc.
[2018.07.22-05.15.25:387][  0]LogDerivedDataCache: Display: Loaded Boot cache: C:/Users/Hosein/AppData/Local/UnrealEngine/4.19/DerivedDataCache/Boot.ddc
[2018.07.22-05.15.25:387][  0]LogDerivedDataCache: FDerivedDataBackendGraph:  Pak pak cache file ../../../../../Workstation/ProjectR/DerivedDataCache/DDC.ddp not found, will not use a pak cache.
[2018.07.22-05.15.25:387][  0]LogDerivedDataCache: Unable to find inner node Pak for hierarchical cache Hierarchy.
[2018.07.22-05.15.25:387][  0]LogDerivedDataCache: FDerivedDataBackendGraph:  CompressedPak pak cache file ../../../../../Workstation/ProjectR/DerivedDataCache/Compressed.ddp not found, will not use a pak cache.
[2018.07.22-05.15.25:387][  0]LogDerivedDataCache: Unable to find inner node CompressedPak for hierarchical cache Hierarchy.
[2018.07.22-05.15.25:463][  0]LogDerivedDataCache: Display: Pak cache opened for reading ../../../Engine/DerivedDataCache/Compressed.ddp.
[2018.07.22-05.15.25:491][  0]LogDerivedDataCache: Using Local data cache path C:/Users/Hosein/AppData/Local/UnrealEngine/Common/DerivedDataCache: Writable
[2018.07.22-05.15.25:523][  0]LogMaterial: Verifying Global Shaders for PCD3D_SM5
[2018.07.22-05.15.25:555][  0]LogSlate: Using Freetype 2.6.0
[2018.07.22-05.15.25:629][  0]LogSlate: SlateFontCache - WITH_FREETYPE: 1, WITH_HARFBUZZ: 1
[2018.07.22-05.15.25:629][  0]LogSlate: SlateFontCache - WITH_FREETYPE: 1, WITH_HARFBUZZ: 1
[2018.07.22-05.15.29:964][  0]LogAssetRegistry: FAssetRegistry took 0.0366 seconds to start up
[2018.07.22-05.15.33:663][  0]LogInit: Selected Device Profile: [Windows]
[2018.07.22-05.15.34:641][  0]LogSimplygon: Simplygon DLL not present - disabling.
[2018.07.22-05.15.34:664][  0]LogMeshReduction: Using SimplygonSwarm for distributed automatic mesh merging
[2018.07.22-05.15.34:670][  0]LogMeshReduction: Using QuadricMeshReduction for automatic static mesh reduction
[2018.07.22-05.15.34:670][  0]LogMeshReduction: No automatic skeletal mesh reduction module available
[2018.07.22-05.15.34:670][  0]LogMeshReduction: No automatic mesh merging module available
[2018.07.22-05.15.34:670][  0]LogMeshMerging: No automatic mesh merging module available
[2018.07.22-05.15.34:979][  0]LogNetVersion: ProjectR , NetCL: 3944462, EngineNetVer: 2, GameNetVer: 0 (Checksum: 859984229)
[2018.07.22-05.15.38:326][  0]LogPackageLocalizationCache: Processed 10 localized package path(s) for 2 prioritized culture(s) in 0.161060 seconds
[2018.07.22-05.15.38:353][  0]LogUObjectArray: 36728 objects as part of root set at end of initial load.
[2018.07.22-05.15.38:353][  0]LogUObjectAllocator: 7314312 out of 0 bytes used by permanent object pool.
[2018.07.22-05.15.38:353][  0]LogUObjectArray: CloseDisregardForGC: 0/0 objects in disregard for GC pool
[2018.07.22-05.15.45:293][  0]LogTcpMessaging: Initializing TcpMessaging bridge
[2018.07.22-05.15.45:322][  0]LogUdpMessaging: Initializing bridge on interface 0.0.0.0:0 to multicast group 230.0.0.1:6666.
[2018.07.22-05.15.46:009][  0]SourceControl: Source control is disabled
[2018.07.22-05.15.46:009][  0]LogWindows: Warning: CreateProc failed: The system cannot find the file specified. (0x00000002)
[2018.07.22-05.15.46:009][  0]LogWindows: Warning: URL: C:/Program Files/Git/bin/git.exe version
[2018.07.22-05.15.46:010][  0]LogWindows: Warning: CreateProc failed: The system cannot find the file specified. (0x00000002)
[2018.07.22-05.15.46:010][  0]LogWindows: Warning: URL: C:/Program Files (x86)/Git/bin/git.exe version
[2018.07.22-05.15.46:010][  0]LogWindows: Warning: CreateProc failed: The system cannot find the file specified. (0x00000002)
[2018.07.22-05.15.46:010][  0]LogWindows: Warning: URL: C:\Users\Hosein\AppData\Local/Programs/Git/cmd/git.exe version
[2018.07.22-05.15.46:010][  0]LogWindows: Warning: CreateProc failed: The system cannot find the file specified. (0x00000002)
[2018.07.22-05.15.46:010][  0]LogWindows: Warning: URL: C:/Program Files (x86)/SmartGit/git/bin/git.exe version
[2018.07.22-05.15.46:010][  0]LogWindows: Warning: CreateProc failed: The system cannot find the file specified. (0x00000002)
[2018.07.22-05.15.46:010][  0]LogWindows: Warning: URL: C:/Program Files (x86)/SmartGit/bin/git.exe version
[2018.07.22-05.15.46:010][  0]LogWindows: Warning: CreateProc failed: The system cannot find the file specified. (0x00000002)
[2018.07.22-05.15.46:010][  0]LogWindows: Warning: URL: C:\Users\Hosein\AppData\Local/Atlassian/SourceTree/git_local/bin/git.exe version
[2018.07.22-05.15.46:010][  0]LogWindows: Warning: CreateProc failed: The system cannot find the file specified. (0x00000002)
[2018.07.22-05.15.46:010][  0]LogWindows: Warning: URL: C:/Program Files (x86)/fournova/Tower/vendor/Git/bin/git.exe version
[2018.07.22-05.15.46:028][  0]LogWindows: Warning: CreateProc failed: The system cannot find the file specified. (0x00000002)
[2018.07.22-05.15.46:028][  0]LogWindows: Warning: URL: C:/Program Files/Git/bin/git.exe version
[2018.07.22-05.15.46:028][  0]LogWindows: Warning: CreateProc failed: The system cannot find the file specified. (0x00000002)
[2018.07.22-05.15.46:028][  0]LogWindows: Warning: URL: C:/Program Files (x86)/Git/bin/git.exe version
[2018.07.22-05.15.46:028][  0]LogWindows: Warning: CreateProc failed: The system cannot find the file specified. (0x00000002)
[2018.07.22-05.15.46:028][  0]LogWindows: Warning: URL: C:\Users\Hosein\AppData\Local/Programs/Git/cmd/git.exe version
[2018.07.22-05.15.46:028][  0]LogWindows: Warning: CreateProc failed: The system cannot find the file specified. (0x00000002)
[2018.07.22-05.15.46:028][  0]LogWindows: Warning: URL: C:/Program Files (x86)/SmartGit/git/bin/git.exe version
[2018.07.22-05.15.46:028][  0]LogWindows: Warning: CreateProc failed: The system cannot find the file specified. (0x00000002)
[2018.07.22-05.15.46:028][  0]LogWindows: Warning: URL: C:/Program Files (x86)/SmartGit/bin/git.exe version
[2018.07.22-05.15.46:028][  0]LogWindows: Warning: CreateProc failed: The system cannot find the file specified. (0x00000002)
[2018.07.22-05.15.46:028][  0]LogWindows: Warning: URL: C:\Users\Hosein\AppData\Local/Atlassian/SourceTree/git_local/bin/git.exe version
[2018.07.22-05.15.46:028][  0]LogWindows: Warning: CreateProc failed: The system cannot find the file specified. (0x00000002)
[2018.07.22-05.15.46:028][  0]LogWindows: Warning: URL: C:/Program Files (x86)/fournova/Tower/vendor/Git/bin/git.exe version
[2018.07.22-05.15.46:045][  0]LogWindows: Warning: CreateProc failed: The system cannot find the file specified. (0x00000002)
[2018.07.22-05.15.46:045][  0]LogWindows: Warning: URL: C:/Program Files/Git/bin/git.exe version
[2018.07.22-05.15.46:046][  0]LogWindows: Warning: CreateProc failed: The system cannot find the file specified. (0x00000002)
[2018.07.22-05.15.46:046][  0]LogWindows: Warning: URL: C:/Program Files (x86)/Git/bin/git.exe version
[2018.07.22-05.15.46:046][  0]LogWindows: Warning: CreateProc failed: The system cannot find the file specified. (0x00000002)
[2018.07.22-05.15.46:046][  0]LogWindows: Warning: URL: C:\Users\Hosein\AppData\Local/Programs/Git/cmd/git.exe version
[2018.07.22-05.15.46:046][  0]LogWindows: Warning: CreateProc failed: The system cannot find the file specified. (0x00000002)
[2018.07.22-05.15.46:046][  0]LogWindows: Warning: URL: C:/Program Files (x86)/SmartGit/git/bin/git.exe version
[2018.07.22-05.15.46:046][  0]LogWindows: Warning: CreateProc failed: The system cannot find the file specified. (0x00000002)
[2018.07.22-05.15.46:046][  0]LogWindows: Warning: URL: C:/Program Files (x86)/SmartGit/bin/git.exe version
[2018.07.22-05.15.46:046][  0]LogWindows: Warning: CreateProc failed: The system cannot find the file specified. (0x00000002)
[2018.07.22-05.15.46:046][  0]LogWindows: Warning: URL: C:\Users\Hosein\AppData\Local/Atlassian/SourceTree/git_local/bin/git.exe version
[2018.07.22-05.15.46:046][  0]LogWindows: Warning: CreateProc failed: The system cannot find the file specified. (0x00000002)
[2018.07.22-05.15.46:046][  0]LogWindows: Warning: URL: C:/Program Files (x86)/fournova/Tower/vendor/Git/bin/git.exe version
[2018.07.22-05.15.46:652][  0]LogAndroidPermission: UAndroidPermissionCallbackProxy::GetInstance
[2018.07.22-05.15.46:785][  0]LogOcInput: OculusInput pre-init called
[2018.07.22-05.15.46:943][  0]LogPython: Python VM initialized: 3.6.2 (v3.6.2:5fd33b5, Jul  8 2017, 04:57:36) [MSC v.1900 64 bit (AMD64)]
[2018.07.22-05.15.46:943][  0]LogPython: Python Scripts search path: H:\Unreal Engine\Epic Games\UE_4.19\Engine\Plugins\UnrealEnginePython
[2018.07.22-05.15.47:716][  0]LogPython: ####################----------Python Integration for Megascans Initialized----------####################
[2018.07.22-05.15.47:716][  0]LogPython: 

[2018.07.22-05.15.47:716][  0]LogPython: H:\\Unreal Engine\\Epic Games\\UE_4.19\\Engine\\Plugins\\UnrealEnginePython/
[2018.07.22-05.15.47:716][  0]LogPython: 

[2018.07.22-05.15.48:625][  0]LogPython: Megascans Integration - LiveLink Initialized...
[2018.07.22-05.15.48:625][  0]LogPython: 

[2018.07.22-05.15.48:641][  0]LogPython: ue_site Python module successfully imported
[2018.07.22-05.15.49:040][  0]LogEngine: Initializing Engine...
[2018.07.22-05.15.49:065][  0]LogHMD: Failed to initialize OpenVR with code 101
[2018.07.22-05.15.49:074][  0]LogStats: UGameplayTagsManager::ConstructGameplayTagTree: Construct from data asset -  0.000 s
[2018.07.22-05.15.49:074][  0]LogStats: UGameplayTagsManager::ConstructGameplayTagTree: GameplayTagTreeChangedEvent.Broadcast -  0.000 s
[2018.07.22-05.15.49:834][  0]LogAIModule: Creating AISystem for world Untitled
[2018.07.22-05.15.49:903][  0]LogInit: XAudio2 using 'Speakers (Realtek High Definition Audio)' : 2 channels at 48 kHz using 32 bits per sample (channel mask 0x3)
[2018.07.22-05.15.49:929][  0]LogInit: FAudioDevice initialized.
[2018.07.22-05.15.50:061][  0]LogDerivedDataCache: Saved boot cache 0.12s 74MB C:/Users/Hosein/AppData/Local/UnrealEngine/4.19/DerivedDataCache/Boot.ddc.
[2018.07.22-05.15.50:069][  0]LogInit: Texture streaming: Enabled
[2018.07.22-05.15.50:102][  0]LogEngineSessionManager: EngineSessionManager initialized
[2018.07.22-05.15.50:895][  0]LogInit: Transaction tracking system initialized
[2018.07.22-05.15.51:103][  0]BlueprintLog: New page: Editor Load
[2018.07.22-05.15.51:691][  0]LocalizationService: Localization service is disabled
[2018.07.22-05.15.52:260][  0]LogConsoleResponse: Display: 
[2018.07.22-05.15.54:029][  0]LogFileCache: Scanning file cache for directory 'h:/Unreal Engine/Workstation/ProjectR/Content/' took 0.02s
[2018.07.22-05.15.54:029][  0]LogCook: Display: Max memory allowance for cook 16384mb min free memory 0mb
[2018.07.22-05.15.54:030][  0]LogCook: Display: Mobile HDR setting 1
[2018.07.22-05.15.54:030][  0]LogGameplayTags: Display: UGameplayTagsManager::DoneAddingNativeTags. DelegateIsBound: 0
[2018.07.22-05.15.54:030][  0]LogStats: UGameplayTagsManager::ConstructGameplayTagTree: Construct from data asset -  0.000 s
[2018.07.22-05.15.54:030][  0]LogStats: UGameplayTagsManager::ConstructGameplayTagTree: GameplayTagTreeChangedEvent.Broadcast -  0.000 s
[2018.07.22-05.15.55:100][  0]LogWindows: Warning: CreateProc failed: The system cannot find the file specified. (0x00000002)
[2018.07.22-05.15.55:100][  0]LogWindows: Warning: URL: C:/Program Files/Git/bin/git.exe version
[2018.07.22-05.15.55:100][  0]LogWindows: Warning: CreateProc failed: The system cannot find the file specified. (0x00000002)
[2018.07.22-05.15.55:100][  0]LogWindows: Warning: URL: C:/Program Files (x86)/Git/bin/git.exe version
[2018.07.22-05.15.55:100][  0]LogWindows: Warning: CreateProc failed: The system cannot find the file specified. (0x00000002)
[2018.07.22-05.15.55:101][  0]LogWindows: Warning: URL: C:\Users\Hosein\AppData\Local/Programs/Git/cmd/git.exe version
[2018.07.22-05.15.55:101][  0]LogWindows: Warning: CreateProc failed: The system cannot find the file specified. (0x00000002)
[2018.07.22-05.15.55:101][  0]LogWindows: Warning: URL: C:/Program Files (x86)/SmartGit/git/bin/git.exe version
[2018.07.22-05.15.55:101][  0]LogWindows: Warning: CreateProc failed: The system cannot find the file specified. (0x00000002)
[2018.07.22-05.15.55:101][  0]LogWindows: Warning: URL: C:/Program Files (x86)/SmartGit/bin/git.exe version
[2018.07.22-05.15.55:101][  0]LogWindows: Warning: CreateProc failed: The system cannot find the file specified. (0x00000002)
[2018.07.22-05.15.55:101][  0]LogWindows: Warning: URL: C:\Users\Hosein\AppData\Local/Atlassian/SourceTree/git_local/bin/git.exe version
[2018.07.22-05.15.55:101][  0]LogWindows: Warning: CreateProc failed: The system cannot find the file specified. (0x00000002)
[2018.07.22-05.15.55:101][  0]LogWindows: Warning: URL: C:/Program Files (x86)/fournova/Tower/vendor/Git/bin/git.exe version
[2018.07.22-05.15.55:131][  0]Cmd: MAP LOAD FILE="../../../../../Workstation/ProjectR/Content/ThirdPersonBP/Maps/ThirdPersonExampleMap.umap" TEMPLATE=0 SHOWPROGRESS=1 FEATURELEVEL=3
[2018.07.22-05.15.55:205][  0]LightingResults: New page: Lighting Build
[2018.07.22-05.15.55:290][  0]MapCheck: New page: Map Check
[2018.07.22-05.15.55:290][  0]LightingResults: New page: Lighting Build
[2018.07.22-05.15.57:718][  0]LogSkeletalMesh: Skeletal Mesh found in DDC [20.483814ms] /Game/Mannequin/Character/Mesh/SK_Mannequin.SK_Mannequin
[2018.07.22-05.15.58:023][  0]LogAIModule: Creating AISystem for world ThirdPersonExampleMap
[2018.07.22-05.15.58:464][  0]LogEditorServer: Finished looking for orphan Actors (0.000 secs)
[2018.07.22-05.15.58:535][  0]Cmd: MAP CHECKDEP NOCLEARLOG
[2018.07.22-05.15.58:560][  0]MapCheck: Map check complete: 0 Error(s), 0 Warning(s), took 24.631ms to complete.
[2018.07.22-05.15.58:560][  0]LogFileHelpers: Loading map 'ThirdPersonExampleMap' took 3.432
[2018.07.22-05.15.59:700][  0]LogCollectionManager: Loaded 0 collections in 0.001021 seconds
[2018.07.22-05.15.59:777][  0]LogFileCache: Scanning file cache for directory 'h:/Unreal Engine/Workstation/ProjectR/Saved/Collections/' took 0.01s
[2018.07.22-05.15.59:777][  0]LogFileCache: Scanning file cache for directory 'h:/Unreal Engine/Workstation/ProjectR/Content/Developers/Hosein/Collections/' took 0.01s
[2018.07.22-05.15.59:777][  0]LogFileCache: Scanning file cache for directory 'h:/Unreal Engine/Workstation/ProjectR/Content/Collections/' took 0.01s
[2018.07.22-05.15.59:777][  0]LogCollectionManager: Rebuilt the GUID cache for 0 collections in 0.000000 seconds
[2018.07.22-05.15.59:793][  0]LogContentBrowser: Native class hierarchy populated in 0.0152 seconds. Added 2474 classes and 570 folders.
[2018.07.22-05.15.59:848][  0]LogContentBrowser: Native class hierarchy updated for 'WidgetCarousel' in 0.0002 seconds. Added 0 classes and 0 folders.
[2018.07.22-05.16.00:491][  0]LogContentBrowser: Native class hierarchy updated for 'AddContentDialog' in 0.0002 seconds. Added 0 classes and 0 folders.
[2018.07.22-05.16.00:561][  0]LogSlate: Took 0.017188 seconds to synchronously load lazily loaded font '../../../Engine/Content/Slate/Fonts/Roboto-Regular.ttf' (155K)
[2018.07.22-05.16.00:636][  0]LogSlate: Took 0.053414 seconds to synchronously load lazily loaded font '../../../Engine/Content/Slate/Fonts/Roboto-Bold.ttf' (160K)
[2018.07.22-05.16.00:979][  0]LogRenderer: Reallocating scene render targets to support 1192x920 Format 10 NumSamples 1 (Frame:1).
[2018.07.22-05.16.01:337][  0]LogContentBrowser: Native class hierarchy updated for 'HierarchicalLODOutliner' in 0.0002 seconds. Added 0 classes and 0 folders.
[2018.07.22-05.16.01:337][  0]LogLoad: (Engine Initialization) Total time: 56.37 seconds
[2018.07.22-05.16.01:337][  0]LogLoad: (Engine Initialization) Total Blueprint compile time: 0.00 seconds
[2018.07.22-05.16.01:745][  0]LogContentStreaming: Texture pool size now 3000 MB
[2018.07.22-05.16.02:044][  1]LogAssetRegistry: Asset discovery search completed in 32.1121 seconds
[2018.07.22-05.16.02:045][  1]LogCollectionManager: Rebuilt the object cache for 0 collections in 0.000000 seconds (found 0 objects)
[2018.07.22-05.16.02:045][  1]LogCollectionManager: Fixed up redirectors for 0 collections in 0.000035 seconds (updated 0 objects)
[2018.07.22-05.23.33:785][413]LogSlate: FSceneViewport::OnFocusLost() reason 0
[2018.07.22-05.23.33:802][413]LogSlate: Took 0.015825 seconds to synchronously load lazily loaded font '../../../Engine/Content/Editor/Slate/Fonts/FontAwesome.ttf' (139K)
[2018.07.22-05.23.33:882][413]LogSlate: Took 0.020019 seconds to synchronously load lazily loaded font '../../../Engine/Content/Slate/Fonts/Roboto-Light.ttf' (167K)
[2018.07.22-05.23.36:338][579]LogSlate: Took 0.000111 seconds to synchronously load lazily loaded font '../../../Engine/Content/Slate/Fonts/Roboto-Light.ttf' (167K)
[2018.07.22-05.23.40:912][579]LogAIModule: Creating AISystem for world ProjectR_MainHall
[2018.07.22-05.23.40:978][579]Cmd: MAP LOAD FILE="../../../../../Workstation/ProjectR/Content/ProjectR_MainHall.umap" TEMPLATE=0 SHOWPROGRESS=1 FEATURELEVEL=3
[2018.07.22-05.23.40:978][579]LightingResults: New page: Lighting Build
[2018.07.22-05.23.40:979][579]LoadErrors: New page: Loading map: ProjectR_MainHall.umap
[2018.07.22-05.23.41:014][579]MapCheck: New page: Map Check
[2018.07.22-05.23.41:014][579]LightingResults: New page: Lighting Build
[2018.07.22-05.23.41:233][579]LogEditorServer: Finished looking for orphan Actors (0.000 secs)
[2018.07.22-05.23.41:271][579]Cmd: MAP CHECKDEP NOCLEARLOG
[2018.07.22-05.23.41:304][579]MapCheck: Map check complete: 0 Error(s), 0 Warning(s), took 32.904ms to complete.
[2018.07.22-05.23.41:304][579]LogFileHelpers: Loading map 'ProjectR_MainHall' took 0.333
[2018.07.22-05.23.58:042][520]LogEditorViewport: Clicking on Actor (context menu): StaticMeshActor (ProjectR_MainHallFront_pCube1)
[2018.07.22-05.23.58:519][520]LogSlate: FSceneViewport::OnFocusLost() reason 2
[2018.07.22-05.23.59:856][652]LogBlueprintUserMessages: Early PlayInEditor Detection: Level '/Game/ProjectR_MainHall.ProjectR_MainHall:PersistentLevel' has LevelScriptBlueprint '/Game/ProjectR_MainHall.ProjectR_MainHall:PersistentLevel.ProjectR_MainHall' with GeneratedClass '/Game/ProjectR_MainHall.ProjectR_MainHall_C' with ClassGeneratedBy '/Game/ProjectR_MainHall.ProjectR_MainHall:PersistentLevel.ProjectR_MainHall'
[2018.07.22-05.23.59:856][652]LogPlayLevel: PlayLevel: No blueprints needed recompiling
[2018.07.22-05.23.59:877][652]PIE: New page: PIE session: ProjectR_MainHall (Jul 22, 2018, 2:23:59 PM)
[2018.07.22-05.23.59:877][652]LogPlayLevel: Creating play world package: /Game/UEDPIE_0_ProjectR_MainHall
[2018.07.22-05.23.59:929][652]LogPlayLevel: PIE: StaticDuplicateObject took: (0.051300s)
[2018.07.22-05.23.59:929][652]LogAIModule: Creating AISystem for world ProjectR_MainHall
[2018.07.22-05.23.59:929][652]LogPlayLevel: PIE: World Init took: (0.000431s)
[2018.07.22-05.23.59:929][652]LogPlayLevel: PIE: Created PIE world by copying editor world from /Game/ProjectR_MainHall.ProjectR_MainHall to /Game/UEDPIE_0_ProjectR_MainHall.ProjectR_MainHall (0.051864s)
[2018.07.22-05.23.59:943][652]LogInit: XAudio2 using 'Speakers (Realtek High Definition Audio)' : 2 channels at 48 kHz using 32 bits per sample (channel mask 0x3)
[2018.07.22-05.23.59:957][652]LogInit: FAudioDevice initialized.
[2018.07.22-05.23.59:963][652]LogSlate: FSceneViewport::OnFocusLost() reason 2
[2018.07.22-05.24.00:029][652]LogLoad: Game class is 'ThirdPersonGameMode_C'
[2018.07.22-05.24.00:043][652]LogWorld: Bringing World /Game/UEDPIE_0_ProjectR_MainHall.ProjectR_MainHall up for play (max tick rate 0) at 2018.07.22-09.54.00
[2018.07.22-05.24.00:074][652]LogWorld: Bringing up level for play took: 0.034427
[2018.07.22-05.24.00:158][652]LogContentBrowser: Native class hierarchy updated for 'MovieSceneCapture' in 0.0002 seconds. Added 11 classes and 0 folders.
[2018.07.22-05.24.00:229][652]PIE: Play in editor start time for /Game/UEDPIE_0_ProjectR_MainHall 0.537
[2018.07.22-05.24.00:229][652]LogBlueprintUserMessages: Late PlayInEditor Detection: Level '/Game/ProjectR_MainHall.ProjectR_MainHall:PersistentLevel' has LevelScriptBlueprint '/Game/ProjectR_MainHall.ProjectR_MainHall:PersistentLevel.ProjectR_MainHall' with GeneratedClass '/Game/ProjectR_MainHall.ProjectR_MainHall_C' with ClassGeneratedBy '/Game/ProjectR_MainHall.ProjectR_MainHall:PersistentLevel.ProjectR_MainHall'
[2018.07.22-05.24.05:888][317]LogBlueprintUserMessages: Early EndPlayMap Detection: Level '/Game/ProjectR_MainHall.ProjectR_MainHall:PersistentLevel' has LevelScriptBlueprint '/Game/ProjectR_MainHall.ProjectR_MainHall:PersistentLevel.ProjectR_MainHall' with GeneratedClass '/Game/ProjectR_MainHall.ProjectR_MainHall_C' with ClassGeneratedBy '/Game/ProjectR_MainHall.ProjectR_MainHall:PersistentLevel.ProjectR_MainHall'
[2018.07.22-05.24.05:919][317]LogBlueprintUserMessages: Late EndPlayMap Detection: Level '/Game/ProjectR_MainHall.ProjectR_MainHall:PersistentLevel' has LevelScriptBlueprint '/Game/ProjectR_MainHall.ProjectR_MainHall:PersistentLevel.ProjectR_MainHall' with GeneratedClass '/Game/ProjectR_MainHall.ProjectR_MainHall_C' with ClassGeneratedBy '/Game/ProjectR_MainHall.ProjectR_MainHall:PersistentLevel.ProjectR_MainHall'
[2018.07.22-05.24.10:906][884]LogEditorViewport: Clicking on Actor (LMB): LightmassImportanceVolume (Box Brush11)
[2018.07.22-05.24.16:409][502]LogSlate: FSceneViewport::OnFocusLost() reason 0
[2018.07.22-05.24.19:121][822]LogSlate: FSceneViewport::OnFocusLost() reason 0
[2018.07.22-05.24.19:819][864]LogActorComponent: UnregisterComponent: (/Engine/Transient.SphereBrushComponent) Not registered. Aborting.
[2018.07.22-05.24.21:350][ 46]LogEditorViewport: Clicking on Actor (LMB): LightmassImportanceVolume (Box Brush11)
[2018.07.22-05.24.38:074][949]LogSlate: FSceneViewport::OnFocusLost() reason 0
[2018.07.22-05.24.44:425][699]MapCheck: New page: Map Check
[2018.07.22-05.24.44:504][699]Cmd: MAP REBUILD ALLVISIBLE
[2018.07.22-05.24.44:504][699]LogEditorServer: Rebuildmap Clear paths rebuilt
[2018.07.22-05.24.44:711][699]LogMaterial: Missing cached shader map for material FDebugViewModeMaterialProxy WorldGridMaterial, compiling. Is special engine material.
[2018.07.22-05.24.44:734][699]LogMaterial: Missing cached shader map for material FDebugViewModeMaterialProxy MaterialInstanceDynamic_2, compiling. 
[2018.07.22-05.24.44:739][699]LogShaderCompilers: Display: Shaders left to compile 2
[2018.07.22-05.24.44:739][699]LogShaderCompilers: Display: Shaders left to compile 1
[2018.07.22-05.24.44:739][699]LogMaterial: Missing cached shader map for material FDebugViewModeMaterialProxy lambert4, compiling. 
[2018.07.22-05.24.44:743][699]LogMaterial: Missing cached shader map for material FDebugViewModeMaterialProxy lambert3, compiling. 
[2018.07.22-05.24.44:747][699]LogMaterial: Missing cached shader map for material FDebugViewModeMaterialProxy lambert1, compiling. 
[2018.07.22-05.24.44:751][699]LogMaterial: Missing cached shader map for material FDebugViewModeMaterialProxy lambert5, compiling. 
[2018.07.22-05.24.44:755][699]LogMaterial: Missing cached shader map for material FDebugViewModeMaterialProxy lambert9, compiling. 
[2018.07.22-05.24.44:760][699]LogMaterial: Missing cached shader map for material FDebugViewModeMaterialProxy lambert8, compiling. 
[2018.07.22-05.24.44:764][699]LogMaterial: Missing cached shader map for material FDebugViewModeMaterialProxy lambert7, compiling. 
[2018.07.22-05.24.44:769][699]LogMaterial: Missing cached shader map for material FDebugViewModeMaterialProxy lambert6, compiling. 
[2018.07.22-05.24.44:773][699]LogMaterial: Missing cached shader map for material FDebugViewModeMaterialProxy lambert10, compiling. 
[2018.07.22-05.24.44:777][699]LogMaterial: Missing cached shader map for material FDebugViewModeMaterialProxy lambert11, compiling. 
[2018.07.22-05.24.44:781][699]LogMaterial: Missing cached shader map for material FDebugViewModeMaterialProxy lambert12, compiling. 
[2018.07.22-05.24.44:785][699]LogMaterial: Missing cached shader map for material FDebugViewModeMaterialProxy lambert13, compiling. 
[2018.07.22-05.24.44:790][699]LogShaderCompilers: Display: Shaders left to compile 12
[2018.07.22-05.24.44:790][699]LogShaderCompilers: Display: Shaders left to compile 11
[2018.07.22-05.24.44:790][699]LogMaterial: Missing cached shader map for material FDebugViewModeMaterialProxy lambert14, compiling. 
[2018.07.22-05.24.44:794][699]LogMaterial: Missing cached shader map for material FDebugViewModeMaterialProxy lambert15, compiling. 
[2018.07.22-05.24.44:799][699]LogMaterial: Missing cached shader map for material FDebugViewModeMaterialProxy lambert16, compiling. 
[2018.07.22-05.24.44:803][699]LogMaterial: Missing cached shader map for material FDebugViewModeMaterialProxy lambert17, compiling. 
[2018.07.22-05.24.44:808][699]LogMaterial: Missing cached shader map for material FDebugViewModeMaterialProxy PackedMaterial1, compiling. 
[2018.07.22-05.24.44:811][699]LogMaterial: Missing cached shader map for material FDebugViewModeMaterialProxy lambert18, compiling. 
[2018.07.22-05.24.44:815][699]LogMaterial: Missing cached shader map for material FDebugViewModeMaterialProxy lambert19, compiling. 
[2018.07.22-05.24.44:820][699]LogMaterial: Missing cached shader map for material FDebugViewModeMaterialProxy lambert22, compiling. 
[2018.07.22-05.24.44:824][699]LogMaterial: Missing cached shader map for material FDebugViewModeMaterialProxy lambert21, compiling. 
[2018.07.22-05.24.44:828][699]LogMaterial: Missing cached shader map for material FDebugViewModeMaterialProxy lambert20, compiling. 
[2018.07.22-05.24.44:835][699]LogMaterial: Missing cached shader map for material FDebugViewModeMaterialProxy lambert24, compiling. 
[2018.07.22-05.24.44:840][699]LogMaterial: Missing cached shader map for material FDebugViewModeMaterialProxy lambert23, compiling. 
[2018.07.22-05.24.44:845][699]LogMaterial: Missing cached shader map for material FDebugViewModeMaterialProxy lambert25, compiling. 
[2018.07.22-05.24.44:848][699]LogMaterial: Missing cached shader map for material FDebugViewModeMaterialProxy lambert26, compiling. 
[2018.07.22-05.24.44:852][699]LogMaterial: Missing cached shader map for material FDebugViewModeMaterialProxy lambert27, compiling. 
[2018.07.22-05.24.44:857][699]LogMaterial: Missing cached shader map for material FDebugViewModeMaterialProxy lambert28, compiling. 
[2018.07.22-05.24.44:861][699]LogMaterial: Missing cached shader map for material FDebugViewModeMaterialProxy lambert29, compiling. 
[2018.07.22-05.24.44:865][699]LogMaterial: Missing cached shader map for material FDebugViewModeMaterialProxy lambert30, compiling. 
[2018.07.22-05.24.44:869][699]LogMaterial: Missing cached shader map for material FDebugViewModeMaterialProxy lambert31, compiling. 
[2018.07.22-05.24.44:873][699]LogMaterial: Missing cached shader map for material FDebugViewModeMaterialProxy lambert32, compiling. 
[2018.07.22-05.24.44:877][699]LogMaterial: Missing cached shader map for material FDebugViewModeMaterialProxy lambert33, compiling. 
[2018.07.22-05.24.44:881][699]LogMaterial: Missing cached shader map for material FDebugViewModeMaterialProxy BasicShapeMaterial, compiling. 
[2018.07.22-05.24.44:886][699]LogMaterial: Missing cached shader map for material FDebugViewModeMaterialProxy lambert1, compiling. 
[2018.07.22-05.24.44:890][699]LogMaterial: Missing cached shader map for material FDebugViewModeMaterialProxy PackedMaterial1, compiling. 
[2018.07.22-05.24.44:894][699]LogMaterial: Missing cached shader map for material FDebugViewModeMaterialProxy LandscapeGizmo_Mat, compiling. 
[2018.07.22-05.24.46:466][699]LogShaderCompilers: Display: Shaders left to compile 35
[2018.07.22-05.24.46:466][699]LogShaderCompilers: Display: Shaders left to compile 34
[2018.07.22-05.24.46:466][699]LogShaderCompilers: Display: Shaders left to compile 33
[2018.07.22-05.24.46:466][699]LogShaderCompilers: Display: Shaders left to compile 32
[2018.07.22-05.24.46:466][699]LogShaderCompilers: Display: Shaders left to compile 31
[2018.07.22-05.24.46:466][699]LogShaderCompilers: Display: Shaders left to compile 30
[2018.07.22-05.24.46:466][699]LogShaderCompilers: Display: Shaders left to compile 29
[2018.07.22-05.24.46:466][699]LogShaderCompilers: Display: Shaders left to compile 28
[2018.07.22-05.24.46:466][699]LogShaderCompilers: Display: Shaders left to compile 27
[2018.07.22-05.24.46:466][699]LogShaderCompilers: Display: Shaders left to compile 26
[2018.07.22-05.24.46:466][699]LogShaderCompilers: Display: Shaders left to compile 25
[2018.07.22-05.24.46:466][699]LogShaderCompilers: Display: Shaders left to compile 24
[2018.07.22-05.24.46:466][699]LogShaderCompilers: Display: Shaders left to compile 23
[2018.07.22-05.24.46:466][699]LogShaderCompilers: Display: Shaders left to compile 22
[2018.07.22-05.24.46:466][699]LogShaderCompilers: Display: Shaders left to compile 21
[2018.07.22-05.24.46:466][699]LogShaderCompilers: Display: Shaders left to compile 20
[2018.07.22-05.24.46:466][699]LogShaderCompilers: Display: Shaders left to compile 19
[2018.07.22-05.24.46:466][699]LogShaderCompilers: Display: Shaders left to compile 18
[2018.07.22-05.24.46:466][699]LogShaderCompilers: Display: Shaders left to compile 17
[2018.07.22-05.24.46:466][699]LogShaderCompilers: Display: Shaders left to compile 16
[2018.07.22-05.24.46:466][699]LogShaderCompilers: Display: Shaders left to compile 15
[2018.07.22-05.24.46:466][699]LogShaderCompilers: Display: Shaders left to compile 14
[2018.07.22-05.24.46:466][699]LogShaderCompilers: Display: Shaders left to compile 13
[2018.07.22-05.24.46:466][699]LogShaderCompilers: Display: Shaders left to compile 12
[2018.07.22-05.24.46:466][699]LogShaderCompilers: Display: Shaders left to compile 11
[2018.07.22-05.24.46:466][699]LogShaderCompilers: Display: Shaders left to compile 10
[2018.07.22-05.24.46:466][699]LogShaderCompilers: Display: Shaders left to compile 9
[2018.07.22-05.24.46:467][699]LogShaderCompilers: Display: Shaders left to compile 8
[2018.07.22-05.24.46:467][699]LogShaderCompilers: Display: Shaders left to compile 7
[2018.07.22-05.24.46:467][699]LogShaderCompilers: Display: Shaders left to compile 6
[2018.07.22-05.24.46:467][699]LogShaderCompilers: Display: Shaders left to compile 5
[2018.07.22-05.24.46:467][699]LogShaderCompilers: Display: Shaders left to compile 4
[2018.07.22-05.24.46:467][699]LogShaderCompilers: Display: Shaders left to compile 3
[2018.07.22-05.24.46:467][699]LogShaderCompilers: Display: Shaders left to compile 2
[2018.07.22-05.24.46:467][699]LogShaderCompilers: Display: Shaders left to compile 1
[2018.07.22-05.24.46:467][699]TextureStreamingBuild: Display: Compiling optional shaders took 1.761 seconds.
[2018.07.22-05.24.46:491][699]LogLevel: Display: Export Material TexCoord Scales took 0.025 seconds.
[2018.07.22-05.24.46:520][699]TextureStreamingBuild: Display: Build Texture Streaming took 0.028 seconds.
[2018.07.22-05.24.46:551][699]LightingResults: New page: Lighting Build - Jul 22, 2018, 2:24:46 PM
[2018.07.22-05.24.46:668][699]LogSwarmInterface: [OpenConnection] Registering TCP channel ...
[2018.07.22-05.24.46:760][699]LogSwarmInterface: [OpenConnection] Connecting to agent ...
[2018.07.22-05.24.46:778][699]LogSwarmInterface: [TryOpenConnection] Testing the Agent
[2018.07.22-05.24.47:301][699]LogSwarmInterface: [TryOpenConnection] Opening Connection to Agent
[2018.07.22-05.24.47:301][699]LogSwarmInterface: [TryOpenConnection] Local Process ID is 8536
[2018.07.22-05.24.54:141][699]LogStaticLightingSystem: Running Lightmass w/ ImmediateImport mode ENABLED
[2018.07.22-05.24.54:141][699]LogStaticLightingSystem: Running Lightmass w/ ImmediateProcess mode ENABLED
[2018.07.22-05.24.54:141][699]LogStaticLightingSystem: Running Lightmass w/ Sorting mode ENABLED
[2018.07.22-05.24.54:141][699]LogStaticLightingSystem: Running Lightmass w/ Mapping paddings ENABLED
[2018.07.22-05.24.54:141][699]LogStaticLightingSystem: Running Lightmass w/ Mapping debug paddings DISABLED
[2018.07.22-05.24.54:310][699]Cmd: MAP CHECK DONTDISPLAYDIALOG
[2018.07.22-05.24.54:310][699]MapCheck: New page: ProjectR_MainHall - Jul 22, 2018, 2:24:54 PM
[2018.07.22-05.24.54:314][699]MapCheck: Error: WorldSettings_1 Maps need lighting rebuilt 
[2018.07.22-05.24.54:315][699]MapCheck: Warning: ProjectR_MainHall_pCube10_27 Static mesh actor has NULL StaticMesh property 
[2018.07.22-05.24.54:325][699]MapCheck: Warning: ProjectR_MainHall_pCube10_27 Static mesh actor ProjectR_MainHall_pCube10_27 has NULL StaticMesh property 
[2018.07.22-05.24.54:325][699]MapCheck: Warning: ProjectR_MainHall_pCube11_29 Static mesh actor has NULL StaticMesh property 
[2018.07.22-05.24.54:325][699]MapCheck: Warning: ProjectR_MainHall_pCube11_29 Static mesh actor ProjectR_MainHall_pCube11_29 has NULL StaticMesh property 
[2018.07.22-05.24.54:325][699]MapCheck: Warning: ProjectR_MainHall_pCube12_31 Static mesh actor has NULL StaticMesh property 
[2018.07.22-05.24.54:325][699]MapCheck: Warning: ProjectR_MainHall_pCube12_31 Static mesh actor ProjectR_MainHall_pCube12_31 has NULL StaticMesh property 
[2018.07.22-05.24.54:325][699]MapCheck: Warning: ProjectR_MainHall_pCube13_33 Static mesh actor has NULL StaticMesh property 
[2018.07.22-05.24.54:325][699]MapCheck: Warning: ProjectR_MainHall_pCube13_33 Static mesh actor ProjectR_MainHall_pCube13_33 has NULL StaticMesh property 
[2018.07.22-05.24.54:325][699]MapCheck: Warning: ProjectR_MainHall_pCube14_35 Static mesh actor has NULL StaticMesh property 
[2018.07.22-05.24.54:325][699]MapCheck: Warning: ProjectR_MainHall_pCube14_35 Static mesh actor ProjectR_MainHall_pCube14_35 has NULL StaticMesh property 
[2018.07.22-05.24.54:325][699]MapCheck: Warning: ProjectR_MainHall_pCube3_37 Static mesh actor has NULL StaticMesh property 
[2018.07.22-05.24.54:325][699]MapCheck: Warning: ProjectR_MainHall_pCube3_37 Static mesh actor ProjectR_MainHall_pCube3_37 has NULL StaticMesh property 
[2018.07.22-05.24.54:325][699]MapCheck: Warning: ProjectR_MainHall_pCube4_39 Static mesh actor has NULL StaticMesh property 
[2018.07.22-05.24.54:326][699]MapCheck: Warning: ProjectR_MainHall_pCube4_39 Static mesh actor ProjectR_MainHall_pCube4_39 has NULL StaticMesh property 
[2018.07.22-05.24.54:326][699]MapCheck: Warning: ProjectR_MainHall_pCube5_41 Static mesh actor has NULL StaticMesh property 
[2018.07.22-05.24.54:326][699]MapCheck: Warning: ProjectR_MainHall_pCube5_41 Static mesh actor ProjectR_MainHall_pCube5_41 has NULL StaticMesh property 
[2018.07.22-05.24.54:326][699]MapCheck: Warning: ProjectR_MainHall_pCube6_43 Static mesh actor has NULL StaticMesh property 
[2018.07.22-05.24.54:326][699]MapCheck: Warning: ProjectR_MainHall_pCube6_43 Static mesh actor ProjectR_MainHall_pCube6_43 has NULL StaticMesh property 
[2018.07.22-05.24.54:326][699]MapCheck: Warning: ProjectR_MainHall_pCube7_45 Static mesh actor has NULL StaticMesh property 
[2018.07.22-05.24.54:326][699]MapCheck: Warning: ProjectR_MainHall_pCube7_45 Static mesh actor ProjectR_MainHall_pCube7_45 has NULL StaticMesh property 
[2018.07.22-05.24.54:326][699]MapCheck: Warning: ProjectR_MainHall_pCube7_47 Static mesh actor has NULL StaticMesh property 
[2018.07.22-05.24.54:326][699]MapCheck: Warning: ProjectR_MainHall_pCube7_47 Static mesh actor ProjectR_MainHall_pCube7_47 has NULL StaticMesh property 
[2018.07.22-05.24.54:326][699]MapCheck: Warning: ProjectR_MainHall_pCube8_49 Static mesh actor has NULL StaticMesh property 
[2018.07.22-05.24.54:326][699]MapCheck: Warning: ProjectR_MainHall_pCube8_49 Static mesh actor ProjectR_MainHall_pCube8_49 has NULL StaticMesh property 
[2018.07.22-05.24.54:326][699]MapCheck: Warning: ProjectR_MainHall_pCube8_51 Static mesh actor has NULL StaticMesh property 
[2018.07.22-05.24.54:326][699]MapCheck: Warning: ProjectR_MainHall_pCube8_51 Static mesh actor ProjectR_MainHall_pCube8_51 has NULL StaticMesh property 
[2018.07.22-05.24.54:326][699]MapCheck: Warning: ProjectR_MainHall_pCube9_53 Static mesh actor has NULL StaticMesh property 
[2018.07.22-05.24.54:326][699]MapCheck: Warning: ProjectR_MainHall_pCube9_53 Static mesh actor ProjectR_MainHall_pCube9_53 has NULL StaticMesh property 
[2018.07.22-05.24.54:326][699]MapCheck: Warning: ProjectR_MainHall_pCylinder1_55 Static mesh actor has NULL StaticMesh property 
[2018.07.22-05.24.54:326][699]MapCheck: Warning: ProjectR_MainHall_pCylinder1_55 Static mesh actor ProjectR_MainHall_pCylinder1_55 has NULL StaticMesh property 
[2018.07.22-05.24.54:326][699]MapCheck: Warning: ProjectR_MainHall_pCylinder2_57 Static mesh actor has NULL StaticMesh property 
[2018.07.22-05.24.54:326][699]MapCheck: Warning: ProjectR_MainHall_pCylinder2_57 Static mesh actor ProjectR_MainHall_pCylinder2_57 has NULL StaticMesh property 
[2018.07.22-05.24.54:326][699]MapCheck: Warning: ProjectR_MainHall_pCylinder3_59 Static mesh actor has NULL StaticMesh property 
[2018.07.22-05.24.54:326][699]MapCheck: Warning: ProjectR_MainHall_pCylinder3_59 Static mesh actor ProjectR_MainHall_pCylinder3_59 has NULL StaticMesh property 
[2018.07.22-05.24.54:326][699]MapCheck: Warning: ProjectR_MainHall_pCylinder4_61 Static mesh actor has NULL StaticMesh property 
[2018.07.22-05.24.54:326][699]MapCheck: Warning: ProjectR_MainHall_pCylinder4_61 Static mesh actor ProjectR_MainHall_pCylinder4_61 has NULL StaticMesh property 
[2018.07.22-05.24.54:326][699]MapCheck: Warning: ProjectR_MainHall_pCylinder5_63 Static mesh actor has NULL StaticMesh property 
[2018.07.22-05.24.54:326][699]MapCheck: Warning: ProjectR_MainHall_pCylinder5_63 Static mesh actor ProjectR_MainHall_pCylinder5_63 has NULL StaticMesh property 
[2018.07.22-05.24.54:326][699]MapCheck: Warning: ProjectR_MainHall_pCylinder6_65 Static mesh actor has NULL StaticMesh property 
[2018.07.22-05.24.54:326][699]MapCheck: Warning: ProjectR_MainHall_pCylinder6_65 Static mesh actor ProjectR_MainHall_pCylinder6_65 has NULL StaticMesh property 
[2018.07.22-05.24.54:326][699]MapCheck: Warning: ProjectR_MainHall_pCylinder7_67 Static mesh actor has NULL StaticMesh property 
[2018.07.22-05.24.54:326][699]MapCheck: Warning: ProjectR_MainHall_pCylinder7_67 Static mesh actor ProjectR_MainHall_pCylinder7_67 has NULL StaticMesh property 
[2018.07.22-05.24.54:327][699]MapCheck: Warning: ProjectR_MainHall_pCylinder8_69 Static mesh actor has NULL StaticMesh property 
[2018.07.22-05.24.54:327][699]MapCheck: Warning: ProjectR_MainHall_pCylinder8_69 Static mesh actor ProjectR_MainHall_pCylinder8_69 has NULL StaticMesh property 
[2018.07.22-05.24.54:327][699]MapCheck: Warning: ProjectR_MainHall_polySurface1_71 Static mesh actor has NULL StaticMesh property 
[2018.07.22-05.24.54:327][699]MapCheck: Warning: ProjectR_MainHall_polySurface1_71 Static mesh actor ProjectR_MainHall_polySurface1_71 has NULL StaticMesh property 
[2018.07.22-05.24.54:327][699]MapCheck: Warning: ProjectR_MainHall_polySurface1_73 Static mesh actor has NULL StaticMesh property 
[2018.07.22-05.24.54:327][699]MapCheck: Warning: ProjectR_MainHall_polySurface1_73 Static mesh actor ProjectR_MainHall_polySurface1_73 has NULL StaticMesh property 
[2018.07.22-05.24.54:327][699]MapCheck: Warning: ProjectR_MainHall_Start_Table_75 Static mesh actor has NULL StaticMesh property 
[2018.07.22-05.24.54:327][699]MapCheck: Warning: ProjectR_MainHall_Start_Table_75 Static mesh actor ProjectR_MainHall_Start_Table_75 has NULL StaticMesh property 
[2018.07.22-05.24.54:327][699]MapCheck: Warning: ProjectR_MainHall_Start_Table2_77 Static mesh actor has NULL StaticMesh property 
[2018.07.22-05.24.54:327][699]MapCheck: Warning: ProjectR_MainHall_Start_Table2_77 Static mesh actor ProjectR_MainHall_Start_Table2_77 has NULL StaticMesh property 
[2018.07.22-05.24.54:363][699]MapCheck: Map check complete: 1 Error(s), 52 Warning(s), took 53.004ms to complete.
[2018.07.22-05.24.54:385][699]LogEditorBuildUtils: Build time 0:09
[2018.07.22-05.25.01:681][255]LogSlate: Took 0.019735 seconds to synchronously load lazily loaded font '../../../Engine/Content/Slate/Fonts/Roboto-Italic.ttf' (157K)
[2018.07.22-05.25.06:404][696]LightingResults: Warning: ProjectR_MainHall_13 Object has overlapping UVs.
[2018.07.22-05.25.06:404][696]LightingResults: ProjectR_MainHall_13 Lightmap UV are overlapping by 21.6%. Please adjust content - Enable Error Coloring to visualize.
[2018.07.22-05.25.08:114][838]Job is a success!
[2018.07.22-05.25.34:788][950]LogSlate: FSceneViewport::OnFocusLost() reason 0
[2018.07.22-05.25.36:368][139]LogSlate: FSceneViewport::OnFocusLost() reason 0
[2018.07.22-05.25.36:468][151]LogSlate: Window 'Message Log' being destroyed
[2018.07.22-05.25.36:470][151]LogSlate: Window 'Message Log' being destroyed
[2018.07.22-05.25.38:214][356]Cmd: CAMERA ALIGN ACTIVEVIEWPORTONLY
[2018.07.22-05.25.54:418][278]LogEditorViewport: Clicking on Actor (LMB): StaticMeshActor (ProjectR_MainHall_15)
[2018.07.22-05.25.56:789][540]LogEditorViewport: Clicking on Actor (LMB): StaticMeshActor (ProjectR_MainHall_9)
[2018.07.22-05.25.57:669][631]LogEditorViewport: Clicking on Actor (LMB): StaticMeshActor (ProjectR_MainHall_pCube25)
[2018.07.22-05.26.05:697][586]LogEditorViewport: Clicking on Actor (LMB): Landscape (Landscape1)
[2018.07.22-05.26.07:196][741]LogSlate: FSceneViewport::OnFocusLost() reason 0
[2018.07.22-05.26.11:482][254]Cmd: SELECT NONE
[2018.07.22-05.26.13:692][507]LogEditorViewport: Clicking on Actor (LMB): Landscape (Landscape1)
[2018.07.22-05.26.14:458][586]LogSlate: FSceneViewport::OnFocusLost() reason 0
[2018.07.22-05.26.19:966][239]LogSlate: FSceneViewport::OnFocusLost() reason 0
[2018.07.22-05.26.33:496][848]LogVolumetricLightmapImport: Imported Volumetric Lightmap in 0.091s
[2018.07.22-05.26.33:496][848]LogVolumetricLightmapImport:      Indirection Texture 64x64x64 = 1.0Mb
[2018.07.22-05.26.33:496][848]LogVolumetricLightmapImport:      BrickData 1280x10x5 = 2.3Mb (trimmed 0.7Mb due to 0.010000 MinBrickError)
[2018.07.22-05.26.33:496][848]LogVolumetricLightmapImport:      Bricks at Level
[2018.07.22-05.26.33:496][848]LogVolumetricLightmapImport:          0: 17.5% covering 100.0% of volume
[2018.07.22-05.26.33:496][848]LogVolumetricLightmapImport:          1: 49.2% covering 4.4% of volume
[2018.07.22-05.26.33:496][848]LogVolumetricLightmapImport:          2: 33.3% covering 0.0% of volume
[2018.07.22-05.26.34:042][848]LogTexture: Display: Building textures: HQ_Lightmap0_1 (AutoDXT, 1024X1024)
[2018.07.22-05.26.34:042][848]LogTexture: Display: Building textures: LQ_Lightmap_0_1 (DXT1, 1024X1024)
[2018.07.22-05.26.34:042][848]LogTexture: Display: Building textures: HQ_Lightmap0_2 (AutoDXT, 1024X1024)
[2018.07.22-05.26.34:042][848]LogTexture: Display: Building textures: LQ_Lightmap_0_2 (DXT1, 1024X1024)
[2018.07.22-05.26.34:042][848]LogTexture: Display: Building textures: HQ_Lightmap1_3 (AutoDXT, 256X256)
[2018.07.22-05.26.34:042][848]LogTexture: Display: Building textures: LQ_Lightmap_1_3 (DXT1, 256X256)
[2018.07.22-05.26.34:042][848]LogTexture: Display: Building textures: HQ_Lightmap0_4 (AutoDXT, 256X256)
[2018.07.22-05.26.34:042][848]LogTexture: Display: Building textures: LQ_Lightmap_0_4 (DXT1, 256X256)
[2018.07.22-05.26.34:042][848]LogTexture: Display: Building textures: HQ_Lightmap0_5 (AutoDXT, 256X256)
[2018.07.22-05.26.34:042][848]LogTexture: Display: Building textures: LQ_Lightmap_0_5 (DXT1, 256X256)
[2018.07.22-05.26.34:042][848]LogTexture: Display: Building textures: HQ_Lightmap0_6 (AutoDXT, 256X256)
[2018.07.22-05.26.34:042][848]LogTexture: Display: Building textures: LQ_Lightmap_0_6 (DXT1, 256X256)
[2018.07.22-05.26.34:042][848]LogTexture: Display: Building textures: HQ_Lightmap0_7 (AutoDXT, 256X256)
[2018.07.22-05.26.34:042][848]LogTexture: Display: Building textures: LQ_Lightmap_0_7 (DXT1, 256X256)
[2018.07.22-05.26.34:042][848]LogTexture: Display: Building textures: HQ_Lightmap0_8 (AutoDXT, 64X64)
[2018.07.22-05.26.34:042][848]LogTexture: Display: Building textures: LQ_Lightmap_0_8 (DXT1, 64X64)
[2018.07.22-05.26.34:099][848]LogTexture: Display: Building textures: ShadowMapTexture2D_6 (G8, 512X32)
[2018.07.22-05.26.34:099][848]LogTexture: Display: Building textures: ShadowMapTexture2D_8 (G8, 512X32)
[2018.07.22-05.26.34:099][848]LogTexture: Display: Building textures: ShadowMapTexture2D_7 (G8, 512X32)
[2018.07.22-05.26.34:099][848]LogTexture: Display: Building textures: ShadowMapTexture2D_10 (G8, 32X32)
[2018.07.22-05.26.34:099][848]LogTexture: Display: Building textures: ShadowMapTexture2D_9 (G8, 128X32)
[2018.07.22-05.26.34:100][848]LogTexture: Display: Building textures: ShadowMapTexture2D_2 (G8, 1024X32)
[2018.07.22-05.26.34:100][848]LogTexture: Display: Building textures: ShadowMapTexture2D_0 (G8, 512X512)
[2018.07.22-05.26.34:100][848]LogTexture: Display: Building textures: ShadowMapTexture2D_1 (G8, 1024X256)
[2018.07.22-05.26.34:155][848]Lightmass on HOSEIN: 1:37 min total, 598 ms importing, 116 ms setup, 2.47 sec photons, 1:33 min processing, 0 ms extra exporting [357/357 mappings]. Threads: 10:56 min total, 23.2 sec processing.
[2018.07.22-05.26.34:188][848]LogStaticLightingSystem: Illumination: 22.3 sec (446 ms encoding lightmaps, 57 ms encoding shadowmaps)
[2018.07.22-05.26.34:188][848]LogStaticLightingSystem: Lightmap texture memory:  4.6 MB (2.6 MB streaming, 2.0 MB non-streaming), 16 textures
[2018.07.22-05.26.34:188][848]LogStaticLightingSystem: Shadowmap texture memory: 0.8 MB (0.4 MB streaming, 0.3 MB non-streaming), 8 textures
[2018.07.22-05.26.35:146][848]DumpUnbuiltLightIteractions
[2018.07.22-05.26.35:146][848]Lights with unbuilt interactions: 1
[2018.07.22-05.26.35:146][848]    Light LightSource
[2018.07.22-05.26.35:146][848]
[2018.07.22-05.26.35:146][848]Primitives with unbuilt interactions: 1
[2018.07.22-05.26.35:146][848]    Primitive StaticMeshComponent /Game/ProjectR_MainHall.ProjectR_MainHall:PersistentLevel.ProjectR_MainHall_pCube10_27.StaticMeshComponent0
[2018.07.22-05.26.35:278][849]Cmd: MAP CHECK NOTIFYRESULTS
[2018.07.22-05.26.35:278][849]MapCheck: New page: ProjectR_MainHall - Jul 22, 2018, 2:26:35 PM
[2018.07.22-05.26.35:279][849]MapCheck: Error: WorldSettings_1 Maps need lighting rebuilt 
[2018.07.22-05.26.35:279][849]MapCheck: Warning: ProjectR_MainHall_pCube11_29 Static mesh actor has NULL StaticMesh property 
[2018.07.22-05.26.35:279][849]MapCheck: Warning: ProjectR_MainHall_pCube11_29 Static mesh actor ProjectR_MainHall_pCube11_29 has NULL StaticMesh property 
[2018.07.22-05.26.35:279][849]MapCheck: Warning: ProjectR_MainHall_pCube12_31 Static mesh actor has NULL StaticMesh property 
[2018.07.22-05.26.35:279][849]MapCheck: Warning: ProjectR_MainHall_pCube12_31 Static mesh actor ProjectR_MainHall_pCube12_31 has NULL StaticMesh property 
[2018.07.22-05.26.35:279][849]MapCheck: Warning: ProjectR_MainHall_pCube13_33 Static mesh actor has NULL StaticMesh property 
[2018.07.22-05.26.35:279][849]MapCheck: Warning: ProjectR_MainHall_pCube13_33 Static mesh actor ProjectR_MainHall_pCube13_33 has NULL StaticMesh property 
[2018.07.22-05.26.35:279][849]MapCheck: Warning: ProjectR_MainHall_pCube14_35 Static mesh actor has NULL StaticMesh property 
[2018.07.22-05.26.35:279][849]MapCheck: Warning: ProjectR_MainHall_pCube14_35 Static mesh actor ProjectR_MainHall_pCube14_35 has NULL StaticMesh property 
[2018.07.22-05.26.35:279][849]MapCheck: Warning: ProjectR_MainHall_pCube3_37 Static mesh actor has NULL StaticMesh property 
[2018.07.22-05.26.35:279][849]MapCheck: Warning: ProjectR_MainHall_pCube3_37 Static mesh actor ProjectR_MainHall_pCube3_37 has NULL StaticMesh property 
[2018.07.22-05.26.35:279][849]MapCheck: Warning: ProjectR_MainHall_pCube4_39 Static mesh actor has NULL StaticMesh property 
[2018.07.22-05.26.35:279][849]MapCheck: Warning: ProjectR_MainHall_pCube4_39 Static mesh actor ProjectR_MainHall_pCube4_39 has NULL StaticMesh property 
[2018.07.22-05.26.35:279][849]MapCheck: Warning: ProjectR_MainHall_pCube5_41 Static mesh actor has NULL StaticMesh property 
[2018.07.22-05.26.35:279][849]MapCheck: Warning: ProjectR_MainHall_pCube5_41 Static mesh actor ProjectR_MainHall_pCube5_41 has NULL StaticMesh property 
[2018.07.22-05.26.35:279][849]MapCheck: Warning: ProjectR_MainHall_pCube6_43 Static mesh actor has NULL StaticMesh property 
[2018.07.22-05.26.35:279][849]MapCheck: Warning: ProjectR_MainHall_pCube6_43 Static mesh actor ProjectR_MainHall_pCube6_43 has NULL StaticMesh property 
[2018.07.22-05.26.35:279][849]MapCheck: Warning: ProjectR_MainHall_pCube7_45 Static mesh actor has NULL StaticMesh property 
[2018.07.22-05.26.35:279][849]MapCheck: Warning: ProjectR_MainHall_pCube7_45 Static mesh actor ProjectR_MainHall_pCube7_45 has NULL StaticMesh property 
[2018.07.22-05.26.35:279][849]MapCheck: Warning: ProjectR_MainHall_pCube7_47 Static mesh actor has NULL StaticMesh property 
[2018.07.22-05.26.35:279][849]MapCheck: Warning: ProjectR_MainHall_pCube7_47 Static mesh actor ProjectR_MainHall_pCube7_47 has NULL StaticMesh property 
[2018.07.22-05.26.35:280][849]MapCheck: Warning: ProjectR_MainHall_pCube8_49 Static mesh actor has NULL StaticMesh property 
[2018.07.22-05.26.35:280][849]MapCheck: Warning: ProjectR_MainHall_pCube8_49 Static mesh actor ProjectR_MainHall_pCube8_49 has NULL StaticMesh property 
[2018.07.22-05.26.35:280][849]MapCheck: Warning: ProjectR_MainHall_pCube8_51 Static mesh actor has NULL StaticMesh property 
[2018.07.22-05.26.35:280][849]MapCheck: Warning: ProjectR_MainHall_pCube8_51 Static mesh actor ProjectR_MainHall_pCube8_51 has NULL StaticMesh property 
[2018.07.22-05.26.35:280][849]MapCheck: Warning: ProjectR_MainHall_pCube9_53 Static mesh actor has NULL StaticMesh property 
[2018.07.22-05.26.35:280][849]MapCheck: Warning: ProjectR_MainHall_pCube9_53 Static mesh actor ProjectR_MainHall_pCube9_53 has NULL StaticMesh property 
[2018.07.22-05.26.35:280][849]MapCheck: Warning: ProjectR_MainHall_pCylinder1_55 Static mesh actor has NULL StaticMesh property 
[2018.07.22-05.26.35:280][849]MapCheck: Warning: ProjectR_MainHall_pCylinder1_55 Static mesh actor ProjectR_MainHall_pCylinder1_55 has NULL StaticMesh property 
[2018.07.22-05.26.35:280][849]MapCheck: Warning: ProjectR_MainHall_pCylinder2_57 Static mesh actor has NULL StaticMesh property 
[2018.07.22-05.26.35:280][849]MapCheck: Warning: ProjectR_MainHall_pCylinder2_57 Static mesh actor ProjectR_MainHall_pCylinder2_57 has NULL StaticMesh property 
[2018.07.22-05.26.35:280][849]MapCheck: Warning: ProjectR_MainHall_pCylinder3_59 Static mesh actor has NULL StaticMesh property 
[2018.07.22-05.26.35:280][849]MapCheck: Warning: ProjectR_MainHall_pCylinder3_59 Static mesh actor ProjectR_MainHall_pCylinder3_59 has NULL StaticMesh property 
[2018.07.22-05.26.35:280][849]MapCheck: Warning: ProjectR_MainHall_pCylinder4_61 Static mesh actor has NULL StaticMesh property 
[2018.07.22-05.26.35:280][849]MapCheck: Warning: ProjectR_MainHall_pCylinder4_61 Static mesh actor ProjectR_MainHall_pCylinder4_61 has NULL StaticMesh property 
[2018.07.22-05.26.35:280][849]MapCheck: Warning: ProjectR_MainHall_pCylinder5_63 Static mesh actor has NULL StaticMesh property 
[2018.07.22-05.26.35:280][849]MapCheck: Warning: ProjectR_MainHall_pCylinder5_63 Static mesh actor ProjectR_MainHall_pCylinder5_63 has NULL StaticMesh property 
[2018.07.22-05.26.35:280][849]MapCheck: Warning: ProjectR_MainHall_pCylinder6_65 Static mesh actor has NULL StaticMesh property 
[2018.07.22-05.26.35:280][849]MapCheck: Warning: ProjectR_MainHall_pCylinder6_65 Static mesh actor ProjectR_MainHall_pCylinder6_65 has NULL StaticMesh property 
[2018.07.22-05.26.35:280][849]MapCheck: Warning: ProjectR_MainHall_pCylinder7_67 Static mesh actor has NULL StaticMesh property 
[2018.07.22-05.26.35:280][849]MapCheck: Warning: ProjectR_MainHall_pCylinder7_67 Static mesh actor ProjectR_MainHall_pCylinder7_67 has NULL StaticMesh property 
[2018.07.22-05.26.35:280][849]MapCheck: Warning: ProjectR_MainHall_pCylinder8_69 Static mesh actor has NULL StaticMesh property 
[2018.07.22-05.26.35:280][849]MapCheck: Warning: ProjectR_MainHall_pCylinder8_69 Static mesh actor ProjectR_MainHall_pCylinder8_69 has NULL StaticMesh property 
[2018.07.22-05.26.35:280][849]MapCheck: Warning: ProjectR_MainHall_polySurface1_71 Static mesh actor has NULL StaticMesh property 
[2018.07.22-05.26.35:280][849]MapCheck: Warning: ProjectR_MainHall_polySurface1_71 Static mesh actor ProjectR_MainHall_polySurface1_71 has NULL StaticMesh property 
[2018.07.22-05.26.35:280][849]MapCheck: Warning: ProjectR_MainHall_polySurface1_73 Static mesh actor has NULL StaticMesh property 
[2018.07.22-05.26.35:280][849]MapCheck: Warning: ProjectR_MainHall_polySurface1_73 Static mesh actor ProjectR_MainHall_polySurface1_73 has NULL StaticMesh property 
[2018.07.22-05.26.35:280][849]MapCheck: Warning: ProjectR_MainHall_Start_Table_75 Static mesh actor has NULL StaticMesh property 
[2018.07.22-05.26.35:281][849]MapCheck: Warning: ProjectR_MainHall_Start_Table_75 Static mesh actor ProjectR_MainHall_Start_Table_75 has NULL StaticMesh property 
[2018.07.22-05.26.35:281][849]MapCheck: Warning: ProjectR_MainHall_Start_Table2_77 Static mesh actor has NULL StaticMesh property 
[2018.07.22-05.26.35:281][849]MapCheck: Warning: ProjectR_MainHall_Start_Table2_77 Static mesh actor ProjectR_MainHall_Start_Table2_77 has NULL StaticMesh property 
[2018.07.22-05.26.35:317][849]MapCheck: Map check complete: 1 Error(s), 50 Warning(s), took 38.604ms to complete.
[2018.07.22-05.26.36:346][965]LogSlate: Window 'Message Log' being destroyed
[2018.07.22-05.26.36:349][965]LogSlate: Window 'Message Log' being destroyed
[2018.07.22-05.26.41:001][518]LogSlate: FSceneViewport::OnFocusLost() reason 0
[2018.07.22-05.26.47:845][324]LogSlate: FSceneViewport::OnFocusLost() reason 0
[2018.07.22-05.26.59:974][369]LogSlate: Window 'Message Log' being destroyed
[2018.07.22-05.26.59:976][369]LogSlate: Window 'Message Log' being destroyed
[2018.07.22-05.27.51:367][413]LogActorFactory: Actor Factory created ProjectR_MainHall_pCube3
[2018.07.22-05.27.51:373][414]LogWindows: Windows GetLastError: The operation completed successfully. (0)
[2018.07.22-05.27.52:461][415]LogWindows: Windows GetLastError: The operation completed successfully. (0)
[2018.07.22-05.27.52:461][415]LogWindows: Error: === Critical error: ===
[2018.07.22-05.27.52:461][415]LogWindows: Error: 
[2018.07.22-05.27.52:461][415]LogWindows: Error: Fatal error: [File:D:\Build\++UE4+Release-4.19+Compile\Sync\Engine\Source\Runtime\RenderCore\Private\RenderingThread.cpp] [Line: 819] 
[2018.07.22-05.27.52:461][415]LogWindows: Error: Rendering thread exception:
[2018.07.22-05.27.52:461][415]LogWindows: Error: Assertion failed: (Index >= 0) & (Index < ArrayNum) [File:D:\Build\++UE4+Release-4.19+Compile\Sync\Engine\Source\Runtime\Core\Public\Containers/Array.h] [Line: 610] 
[2018.07.22-05.27.52:461][415]LogWindows: Error: Array index out of bounds: 10 from an array of size 5
[2018.07.22-05.27.52:461][415]LogWindows: Error: 
[2018.07.22-05.27.52:461][415]LogWindows: Error: 
[2018.07.22-05.27.52:461][415]LogWindows: Error: [Callstack] 0x000000005C967788 KERNELBASE.dll!UnknownFunction []
[2018.07.22-05.27.52:461][415]LogWindows: Error: [Callstack] 0x0000000033517884 UE4Editor-ApplicationCore.dll!UnknownFunction []
[2018.07.22-05.27.52:461][415]LogWindows: Error: [Callstack] 0x00000000324F6D8B UE4Editor-Core.dll!UnknownFunction []
[2018.07.22-05.27.52:461][415]LogWindows: Error: [Callstack] 0x0000000032431929 UE4Editor-Core.dll!UnknownFunction []
[2018.07.22-05.27.52:461][415]LogWindows: Error: [Callstack] 0x0000000031BB1A38 UE4Editor-Landscape.dll!UnknownFunction []
[2018.07.22-05.27.52:461][415]LogWindows: Error: [Callstack] 0x0000000028CB55EF UE4Editor-Renderer.dll!UnknownFunction []
[2018.07.22-05.27.52:461][415]LogWindows: Error: [Callstack] 0x0000000028CB7D3F UE4Editor-Renderer.dll!UnknownFunction []
[2018.07.22-05.27.52:461][415]LogWindows: Error: [Callstack] 0x0000000028C9B5E8 UE4Editor-Renderer.dll!UnknownFunction []
[2018.07.22-05.27.52:461][415]LogWindows: Error: [Callstack] 0x0000000028C9F315 UE4Editor-Renderer.dll!UnknownFunction []
[2018.07.22-05.27.52:461][415]LogWindows: Error: [Callstack] 0x0000000028CB25B2 UE4Editor-Renderer.dll!UnknownFunction []
[2018.07.22-05.27.52:461][415]LogWindows: Error: [Callstack] 0x000000002870725A UE4Editor-Renderer.dll!UnknownFunction []
[2018.07.22-05.27.52:461][415]LogWindows: Error: [Callstack] 0x0000000028CC5F21 UE4Editor-Renderer.dll!UnknownFunction []
[2018.07.22-05.27.52:461][415]LogWindows: Error: [Callstack] 0x0000000028CA9DF4 UE4Editor-Renderer.dll!UnknownFunction []
[2018.07.22-05.27.52:462][415]LogWindows: Error: [Callstack] 0x000000003230B713 UE4Editor-Core.dll!UnknownFunction []
[2018.07.22-05.27.52:462][415]LogWindows: Error: [Callstack] 0x000000003230BD3A UE4Editor-Core.dll!UnknownFunction []
[2018.07.22-05.27.52:462][415]LogWindows: Error: [Callstack] 0x0000000045483CC9 UE4Editor-RenderCore.dll!UnknownFunction []
[2018.07.22-05.27.52:462][415]LogWindows: Error: [Callstack] 0x0000000045484CF6 UE4Editor-RenderCore.dll!UnknownFunction []
[2018.07.22-05.27.52:462][415]LogWindows: Error: [Callstack] 0x00000000326D9FEC UE4Editor-Core.dll!UnknownFunction []
[2018.07.22-05.27.52:462][415]LogWindows: Error: [Callstack] 0x00000000326CED53 UE4Editor-Core.dll!UnknownFunction []
[2018.07.22-05.27.52:462][415]LogWindows: Error: [Callstack] 0x000000005CD68364 KERNEL32.DLL!UnknownFunction []
[2018.07.22-05.27.52:462][415]LogWindows: Error: [Callstack] 0x000000005F6F5E91 ntdll.dll!UnknownFunction []
[2018.07.22-05.27.52:462][415]LogWindows: Error: [Callstack] 0x000000005F6F5E91 ntdll.dll!UnknownFunction []
[2018.07.22-05.27.52:462][415]LogWindows: Error: 
[2018.07.22-05.27.52:462][415]LogWindows: Error: 
[2018.07.22-05.27.52:462][415]LogWindows: Error: 
[2018.07.22-05.27.52:462][415]LogWindows: Error: 
[2018.07.22-05.27.52:479][415]LogExit: Executing StaticShutdownAfterError
[2018.07.22-05.27.52:505][415]LogWindows: FPlatformMisc::RequestExit(1)
[2018.07.22-05.27.52:505][415]Log file closed, 07/22/18 09:57:52
