Log file open, 07/24/18 09:15:10
LogWindows: Failed to load 'aqProf.dll' (GetLastError=126)
LogWindows: File 'aqProf.dll' does not exist
LogWindows: Failed to load 'VtuneApi.dll' (GetLastError=126)
LogWindows: File 'VtuneApi.dll' does not exist
LogWindows: Failed to load 'VtuneApi32e.dll' (GetLastError=126)
LogWindows: File 'VtuneApi32e.dll' does not exist
LogInit: Display: Running engine for game: ProjectR
LogPlatformFile: Not using cached read wrapper
LogInit: Display: RandInit(-640493907) SRandInit(-640493907).
LogInit: Read version file with build ID '3944462'
LogInit: Overriding engine version to CL 3989454, compatible CL 3944462
LogInit: Registered custom module enumerator with build ID '3944462'
LogTaskGraph: Started task graph with 5 named threads and 23 total threads with 3 sets of task threads.
LogStats: Stats thread started at 2.729848
LogD3D11RHI: Aftermath initialized
LogICUInternationalization: Display: ICU TimeZone Detection - Raw Offset: +3:30, Platform Override: ''
LogModuleManager: Display: Found up-to-date module file ../../../Engine/Plugins/2D/Paper2D/Binaries/Win64/UE4Editor-Paper2D.dll (API version 3944462).
LogModuleManager: Display: Found up-to-date module file ../../../Engine/Plugins/2D/Paper2D/Binaries/Win64/UE4Editor-Paper2DEditor.dll (API version 3944462).
LogModuleManager: Display: Found up-to-date module file ../../../Engine/Plugins/2D/Paper2D/Binaries/Win64/UE4Editor-PaperSpriteSheetImporter.dll (API version 3944462).
LogModuleManager: Display: Found up-to-date module file ../../../Engine/Plugins/2D/Paper2D/Binaries/Win64/UE4Editor-PaperTiledImporter.dll (API version 3944462).
LogModuleManager: Display: Found up-to-date module file ../../../Engine/Plugins/2D/Paper2D/Binaries/Win64/UE4Editor-SmartSnapping.dll (API version 3944462).
LogModuleManager: Display: Found up-to-date module file ../../../Engine/Plugins/Blendables/LightPropagationVolume/Binaries/Win64/UE4Editor-LightPropagationVolumeRuntime.dll (API version 3944462).
LogModuleManager: Display: Found up-to-date module file ../../../Engine/Plugins/Blendables/LightPropagationVolume/Binaries/Win64/UE4Editor-LightPropagationVolumeEditor.dll (API version 3944462).
LogModuleManager: Display: Found up-to-date module file ../../../Engine/Plugins/Developer/CLionSourceCodeAccess/Binaries/Win64/UE4Editor-CLionSourceCodeAccess.dll (API version 3944462).
LogModuleManager: Display: Found up-to-date module file ../../../Engine/Plugins/Developer/GitSourceControl/Binaries/Win64/UE4Editor-GitSourceControl.dll (API version 3944462).
LogModuleManager: Display: Found up-to-date module file ../../../Engine/Plugins/Developer/PerforceSourceControl/Binaries/Win64/UE4Editor-PerforceSourceControl.dll (API version 3944462).
LogModuleManager: Display: Found up-to-date module file ../../../Engine/Plugins/Developer/SubversionSourceControl/Binaries/Win64/UE4Editor-SubversionSourceControl.dll (API version 3944462).
LogModuleManager: Display: Found up-to-date module file ../../../Engine/Plugins/Developer/UObjectPlugin/Binaries/Win64/UE4Editor-UObjectPlugin.dll (API version 3944462).
LogModuleManager: Display: Found up-to-date module file ../../../Engine/Plugins/Developer/VisualStudioCodeSourceCodeAccess/Binaries/Win64/UE4Editor-VisualStudioCodeSourceCodeAccess.dll (API version 3944462).
LogModuleManager: Display: Found up-to-date module file ../../../Engine/Plugins/Developer/VisualStudioSourceCodeAccess/Binaries/Win64/UE4Editor-VisualStudioSourceCodeAccess.dll (API version 3944462).
LogModuleManager: Display: Found up-to-date module file ../../../Engine/Plugins/Editor/AssetManagerEditor/Binaries/Win64/UE4Editor-AssetManagerEditor.dll (API version 3944462).
LogModuleManager: Display: Found up-to-date module file ../../../Engine/Plugins/Editor/CryptoKeys/Binaries/Win64/UE4Editor-CryptoKeys.dll (API version 3944462).
LogModuleManager: Display: Found up-to-date module file ../../../Engine/Plugins/Editor/CryptoKeys/Binaries/Win64/UE4Editor-CryptoKeysOpenSSL.dll (API version 3944462).
LogModuleManager: Display: Found up-to-date module file ../../../Engine/Plugins/Editor/DataValidation/Binaries/Win64/UE4Editor-DataValidation.dll (API version 3944462).
LogModuleManager: Display: Found up-to-date module file ../../../Engine/Plugins/Editor/FacialAnimation/Binaries/Win64/UE4Editor-FacialAnimation.dll (API version 3944462).
LogModuleManager: Display: Found up-to-date module file ../../../Engine/Plugins/Editor/FacialAnimation/Binaries/Win64/UE4Editor-FacialAnimationEditor.dll (API version 3944462).
LogModuleManager: Display: Found up-to-date module file ../../../Engine/Plugins/Editor/GameplayTagsEditor/Binaries/Win64/UE4Editor-GameplayTagsEditor.dll (API version 3944462).
LogModuleManager: Display: Found up-to-date module file ../../../Engine/Plugins/Editor/MobileLauncherProfileWizard/Binaries/Win64/UE4Editor-MobileLauncherProfileWizard.dll (API version 3944462).
LogModuleManager: Display: Found up-to-date module file ../../../Engine/Plugins/Editor/PluginBrowser/Binaries/Win64/UE4Editor-PluginBrowser.dll (API version 3944462).
LogModuleManager: Display: Found up-to-date module file ../../../Engine/Plugins/Editor/SpeedTreeImporter/Binaries/Win64/UE4Editor-SpeedTreeImporter.dll (API version 3944462).
LogModuleManager: Display: Found up-to-date module file ../../../Engine/Plugins/Enterprise/DatasmithContent/Binaries/Win64/UE4Editor-DatasmithContent.dll (API version 3944462).
LogModuleManager: Display: Found up-to-date module file ../../../Engine/Plugins/Experimental/AlembicImporter/Binaries/Win64/UE4Editor-AlembicImporter.dll (API version 3944462).
LogModuleManager: Display: Found up-to-date module file ../../../Engine/Plugins/Experimental/AlembicImporter/Binaries/Win64/UE4Editor-AlembicLibrary.dll (API version 3944462).
LogModuleManager: Display: Found up-to-date module file ../../../Engine/Plugins/Experimental/CharacterAI/Binaries/Win64/UE4Editor-CharacterAI.dll (API version 3944462).
LogModuleManager: Display: Found up-to-date module file ../../../Engine/Plugins/Experimental/HTML5Networking/Binaries/Win64/UE4Editor-HTML5Networking.dll (API version 3944462).
LogModuleManager: Display: Found up-to-date module file ../../../Engine/Plugins/Media/AndroidMedia/Binaries/Win64/UE4Editor-AndroidMediaEditor.dll (API version 3944462).
LogModuleManager: Display: Found up-to-date module file ../../../Engine/Plugins/Media/AndroidMedia/Binaries/Win64/UE4Editor-AndroidMediaFactory.dll (API version 3944462).
LogModuleManager: Display: Found up-to-date module file ../../../Engine/Plugins/Media/AvfMedia/Binaries/Win64/UE4Editor-AvfMediaEditor.dll (API version 3944462).
LogModuleManager: Display: Found up-to-date module file ../../../Engine/Plugins/Media/AvfMedia/Binaries/Win64/UE4Editor-AvfMediaFactory.dll (API version 3944462).
LogModuleManager: Display: Found up-to-date module file ../../../Engine/Plugins/Media/AvfMedia/Binaries/Win64/UE4Editor-AvfMediaFactory.dll (API version 3944462).
LogModuleManager: Display: Found up-to-date module file ../../../Engine/Plugins/Media/ImgMedia/Binaries/Win64/UE4Editor-ImgMedia.dll (API version 3944462).
LogModuleManager: Display: Found up-to-date module file ../../../Engine/Plugins/Media/ImgMedia/Binaries/Win64/UE4Editor-ImgMediaEditor.dll (API version 3944462).
LogModuleManager: Display: Found up-to-date module file ../../../Engine/Plugins/Media/ImgMedia/Binaries/Win64/UE4Editor-ImgMediaFactory.dll (API version 3944462).
LogModuleManager: Display: Found up-to-date module file ../../../Engine/Plugins/Media/ImgMedia/Binaries/Win64/UE4Editor-ImgMediaFactory.dll (API version 3944462).
LogModuleManager: Display: Found up-to-date module file ../../../Engine/Plugins/Media/ImgMedia/Binaries/Win64/UE4Editor-OpenExrWrapper.dll (API version 3944462).
LogModuleManager: Display: Found up-to-date module file ../../../Engine/Plugins/Media/LinearTimecode/Binaries/Win64/UE4Editor-LinearTimecode.dll (API version 3944462).
LogModuleManager: Display: Found up-to-date module file ../../../Engine/Plugins/Media/MediaCompositing/Binaries/Win64/UE4Editor-MediaCompositing.dll (API version 3944462).
LogModuleManager: Display: Found up-to-date module file ../../../Engine/Plugins/Media/MediaCompositing/Binaries/Win64/UE4Editor-MediaCompositingEditor.dll (API version 3944462).
LogModuleManager: Display: Found up-to-date module file ../../../Engine/Plugins/Media/MediaPlayerEditor/Binaries/Win64/UE4Editor-MediaPlayerEditor.dll (API version 3944462).
LogModuleManager: Display: Found up-to-date module file ../../../Engine/Plugins/Media/WmfMedia/Binaries/Win64/UE4Editor-WmfMedia.dll (API version 3944462).
LogModuleManager: Display: Found up-to-date module file ../../../Engine/Plugins/Media/WmfMedia/Binaries/Win64/UE4Editor-WmfMediaEditor.dll (API version 3944462).
LogModuleManager: Display: Found up-to-date module file ../../../Engine/Plugins/Media/WmfMedia/Binaries/Win64/UE4Editor-WmfMediaFactory.dll (API version 3944462).
LogModuleManager: Display: Found up-to-date module file ../../../Engine/Plugins/Media/WmfMedia/Binaries/Win64/UE4Editor-WmfMediaFactory.dll (API version 3944462).
LogModuleManager: Display: Found up-to-date module file ../../../Engine/Plugins/Messaging/TcpMessaging/Binaries/Win64/UE4Editor-TcpMessaging.dll (API version 3944462).
LogModuleManager: Display: Found up-to-date module file ../../../Engine/Plugins/Messaging/UdpMessaging/Binaries/Win64/UE4Editor-UdpMessaging.dll (API version 3944462).
LogModuleManager: Display: Found up-to-date module file ../../../Engine/Plugins/MovieScene/ActorSequence/Binaries/Win64/UE4Editor-ActorSequence.dll (API version 3944462).
LogModuleManager: Display: Found up-to-date module file ../../../Engine/Plugins/MovieScene/LevelSequenceEditor/Binaries/Win64/UE4Editor-LevelSequenceEditor.dll (API version 3944462).
LogModuleManager: Display: Found up-to-date module file ../../../Engine/Plugins/MovieScene/MatineeToLevelSequence/Binaries/Win64/UE4Editor-MatineeToLevelSequence.dll (API version 3944462).
LogModuleManager: Display: Found up-to-date module file ../../../Engine/Plugins/NetcodeUnitTest/NetcodeUnitTest/Binaries/Win64/UE4Editor-NetcodeUnitTest.dll (API version 3944462).
LogModuleManager: Display: Found up-to-date module file ../../../Engine/Plugins/NetcodeUnitTest/NUTUnrealEngine4/Binaries/Win64/UE4Editor-NUTUnrealEngine4.dll (API version 3944462).
LogModuleManager: Display: Found up-to-date module file ../../../Engine/Plugins/Online/OnlineSubsystem/Binaries/Win64/UE4Editor-OnlineSubsystem.dll (API version 3944462).
LogModuleManager: Display: Found up-to-date module file ../../../Engine/Plugins/Runtime/AndroidPermission/Binaries/Win64/UE4Editor-AndroidPermission.dll (API version 3944462).
LogModuleManager: Display: Found up-to-date module file ../../../Engine/Plugins/Online/OnlineSubsystemNull/Binaries/Win64/UE4Editor-OnlineSubsystemNull.dll (API version 3944462).
LogModuleManager: Display: Found up-to-date module file ../../../Engine/Plugins/Online/OnlineSubsystemUtils/Binaries/Win64/UE4Editor-OnlineSubsystemUtils.dll (API version 3944462).
LogModuleManager: Display: Found up-to-date module file ../../../Engine/Plugins/Online/OnlineSubsystemUtils/Binaries/Win64/UE4Editor-OnlineBlueprintSupport.dll (API version 3944462).
LogModuleManager: Display: Found up-to-date module file ../../../Engine/Plugins/Runtime/AndroidDeviceProfileSelector/Binaries/Win64/UE4Editor-AndroidDeviceProfileSelector.dll (API version 3944462).
LogModuleManager: Display: Found up-to-date module file ../../../Engine/Plugins/Runtime/AppleARKit/Binaries/Win64/UE4Editor-AppleARKit.dll (API version 3944462).
LogModuleManager: Display: Found up-to-date module file ../../../Engine/Plugins/Runtime/ProceduralMeshComponent/Binaries/Win64/UE4Editor-ProceduralMeshComponent.dll (API version 3944462).
LogModuleManager: Display: Found up-to-date module file ../../../Engine/Plugins/Runtime/ProceduralMeshComponent/Binaries/Win64/UE4Editor-ProceduralMeshComponentEditor.dll (API version 3944462).
LogModuleManager: Display: Found up-to-date module file ../../../Engine/Plugins/Animation/LiveLink/Binaries/Win64/UE4Editor-LiveLink.dll (API version 3944462).
LogModuleManager: Display: Found up-to-date module file ../../../Engine/Plugins/Animation/LiveLink/Binaries/Win64/UE4Editor-LiveLinkEditor.dll (API version 3944462).
LogModuleManager: Display: Found up-to-date module file ../../../Engine/Plugins/Runtime/ArchVisCharacter/Binaries/Win64/UE4Editor-ArchVisCharacter.dll (API version 3944462).
LogModuleManager: Display: Found up-to-date module file ../../../Engine/Plugins/Runtime/AudioCapture/Binaries/Win64/UE4Editor-AudioCapture.dll (API version 3944462).
LogModuleManager: Display: Found up-to-date module file ../../../Engine/Plugins/Runtime/AudioCapture/Binaries/Win64/UE4Editor-AudioCaptureEditor.dll (API version 3944462).
LogModuleManager: Display: Found up-to-date module file ../../../Engine/Plugins/Runtime/CableComponent/Binaries/Win64/UE4Editor-CableComponent.dll (API version 3944462).
LogModuleManager: Display: Found up-to-date module file ../../../Engine/Plugins/Runtime/CustomMeshComponent/Binaries/Win64/UE4Editor-CustomMeshComponent.dll (API version 3944462).
LogModuleManager: Display: Found up-to-date module file ../../../Engine/Plugins/Runtime/ExampleDeviceProfileSelector/Binaries/Win64/UE4Editor-ExampleDeviceProfileSelector.dll (API version 3944462).
LogModuleManager: Display: Found up-to-date module file ../../../Engine/Plugins/Runtime/ImmediatePhysics/Binaries/Win64/UE4Editor-ImmediatePhysics.dll (API version 3944462).
LogModuleManager: Display: Found up-to-date module file ../../../Engine/Plugins/Runtime/ImmediatePhysics/Binaries/Win64/UE4Editor-ImmediatePhysicsEditor.dll (API version 3944462).
LogModuleManager: Display: Found up-to-date module file ../../../Engine/Plugins/Runtime/LocationServicesBPLibrary/Binaries/Win64/UE4Editor-LocationServicesBPLibrary.dll (API version 3944462).
LogModuleManager: Display: Found up-to-date module file ../../../Engine/Plugins/Runtime/MobilePatchingUtils/Binaries/Win64/UE4Editor-MobilePatchingUtils.dll (API version 3944462).
LogModuleManager: Display: Found up-to-date module file ../../../Engine/Plugins/Runtime/Oculus/OculusVR/Binaries/Win64/UE4Editor-OculusHMD.dll (API version 3944462).
LogModuleManager: Display: Found up-to-date module file ../../../Engine/Plugins/Runtime/Oculus/OculusVR/Binaries/Win64/UE4Editor-OculusInput.dll (API version 3944462).
LogModuleManager: Display: Found up-to-date module file ../../../Engine/Plugins/Runtime/Oculus/OculusVR/Binaries/Win64/UE4Editor-OculusEditor.dll (API version 3944462).
LogModuleManager: Display: Found up-to-date module file ../../../Engine/Plugins/Runtime/PhysXVehicles/Binaries/Win64/UE4Editor-PhysXVehicles.dll (API version 3944462).
LogModuleManager: Display: Found up-to-date module file ../../../Engine/Plugins/Runtime/PhysXVehicles/Binaries/Win64/UE4Editor-PhysXVehiclesEditor.dll (API version 3944462).
LogModuleManager: Display: Found up-to-date module file ../../../Engine/Plugins/Runtime/RuntimePhysXCooking/Binaries/Win64/UE4Editor-RuntimePhysXCooking.dll (API version 3944462).
LogModuleManager: Display: Found up-to-date module file ../../../Engine/Plugins/Runtime/Steam/SteamVR/Binaries/Win64/UE4Editor-SteamVR.dll (API version 3944462).
LogModuleManager: Display: Found up-to-date module file ../../../Engine/Plugins/Runtime/Steam/SteamVR/Binaries/Win64/UE4Editor-SteamVRController.dll (API version 3944462).
LogModuleManager: Display: Found up-to-date module file ../../../Engine/Plugins/Runtime/WindowsMoviePlayer/Binaries/Win64/UE4Editor-WindowsMoviePlayer.dll (API version 3944462).
LogModuleManager: Display: Found up-to-date module file ../../../Engine/Plugins/UnrealEnginePython/Binaries/Win64/UE4Editor-UnrealEnginePython.dll (API version 3944462).
LogModuleManager: Display: Found up-to-date module file ../../../Engine/Plugins/UnrealEnginePython/Binaries/Win64/UE4Editor-PythonConsole.dll (API version 3944462).
LogModuleManager: Display: Found up-to-date module file ../../../Engine/Plugins/UnrealEnginePython/Binaries/Win64/UE4Editor-PythonEditor.dll (API version 3944462).
LogPluginManager: Mounting plugin Paper2D
LogPluginManager: Mounting plugin LiveLink
LogPluginManager: Mounting plugin LightPropagationVolume
LogPluginManager: Mounting plugin CLionSourceCodeAccess
LogPluginManager: Mounting plugin CodeLiteSourceCodeAccess
LogPluginManager: Mounting plugin GitSourceControl
LogPluginManager: Mounting plugin KDevelopSourceCodeAccess
LogPluginManager: Mounting plugin NullSourceCodeAccess
LogPluginManager: Mounting plugin PerforceSourceControl
LogPluginManager: Mounting plugin SubversionSourceControl
LogPluginManager: Mounting plugin UObjectPlugin
LogPluginManager: Mounting plugin VisualStudioCodeSourceCodeAccess
LogPluginManager: Mounting plugin VisualStudioSourceCodeAccess
LogPluginManager: Mounting plugin XCodeSourceCodeAccess
LogPluginManager: Mounting plugin AssetManagerEditor
LogPluginManager: Mounting plugin CryptoKeys
LogPluginManager: Mounting plugin DataValidation
LogPluginManager: Mounting plugin FacialAnimation
LogPluginManager: Mounting plugin GameplayTagsEditor
LogPluginManager: Mounting plugin MobileLauncherProfileWizard
LogPluginManager: Mounting plugin PluginBrowser
LogPluginManager: Mounting plugin SpeedTreeImporter
LogPluginManager: Mounting plugin DatasmithContent
LogPluginManager: Mounting plugin AlembicImporter
LogPluginManager: Mounting plugin CharacterAI
LogPluginManager: Mounting plugin HTML5Networking
LogPluginManager: Mounting plugin AndroidMedia
LogPluginManager: Mounting plugin AvfMedia
LogPluginManager: Mounting plugin ImgMedia
LogPluginManager: Mounting plugin LinearTimecode
LogPluginManager: Mounting plugin MediaCompositing
LogPluginManager: Mounting plugin MediaPlayerEditor
LogPluginManager: Mounting plugin WmfMedia
LogPluginManager: Mounting plugin TcpMessaging
LogPluginManager: Mounting plugin UdpMessaging
LogPluginManager: Mounting plugin ActorSequence
LogPluginManager: Mounting plugin LevelSequenceEditor
LogPluginManager: Mounting plugin MatineeToLevelSequence
LogPluginManager: Mounting plugin NetcodeUnitTest
LogPluginManager: Mounting plugin NUTUnrealEngine4
LogPluginManager: Mounting plugin OnlineSubsystemGooglePlay
LogPluginManager: Mounting plugin OnlineSubsystemIOS
LogPluginManager: Mounting plugin OnlineSubsystem
LogPluginManager: Mounting plugin OnlineSubsystemNull
LogPluginManager: Mounting plugin OnlineSubsystemUtils
LogPluginManager: Mounting plugin AndroidDeviceProfileSelector
LogPluginManager: Mounting plugin AndroidMoviePlayer
LogPluginManager: Mounting plugin AndroidPermission
LogPluginManager: Mounting plugin AppleARKit
LogPluginManager: Mounting plugin AppleMoviePlayer
LogPluginManager: Mounting plugin ArchVisCharacter
LogPluginManager: Mounting plugin AudioCapture
LogPluginManager: Mounting plugin CableComponent
LogPluginManager: Mounting plugin CustomMeshComponent
LogPluginManager: Mounting plugin ExampleDeviceProfileSelector
LogPluginManager: Mounting plugin GoogleCloudMessaging
LogPluginManager: Mounting plugin ImmediatePhysics
LogPluginManager: Mounting plugin IOSDeviceProfileSelector
LogPluginManager: Mounting plugin LinuxDeviceProfileSelector
LogPluginManager: Mounting plugin LocationServicesBPLibrary
LogPluginManager: Mounting plugin MobilePatchingUtils
LogPluginManager: Mounting plugin OculusVR
LogPluginManager: Plugin shader directory ../../../Engine/Plugins/Runtime/Oculus/OculusVR/Shaders found
LogPluginManager: Mapping shader source directory ../../../Engine/Plugins/Runtime/Oculus/OculusVR/Shaders to virtual directory /Plugin/OculusVR
LogPluginManager: Mounting plugin PhysXVehicles
LogPluginManager: Mounting plugin ProceduralMeshComponent
LogPluginManager: Mounting plugin RuntimePhysXCooking
LogPluginManager: Mounting plugin SteamVR
LogPluginManager: Mounting plugin WindowsMoviePlayer
LogPluginManager: Mounting plugin UnrealEnginePython
LogStreaming: Display: Took  4.633s to configure plugins.
LogInit: Using libcurl 7.47.1
LogInit:  - built for x86_64-pc-win32
LogInit:  - supports SSL with OpenSSL/1.0.2g
LogInit:  - supports HTTP deflate (compression) using libz 1.2.8
LogInit:  - other features:
LogInit:      CURL_VERSION_SSL
LogInit:      CURL_VERSION_LIBZ
LogInit:      CURL_VERSION_IPV6
LogInit:      CURL_VERSION_ASYNCHDNS
LogInit:      CURL_VERSION_LARGEFILE
LogInit:      CURL_VERSION_IDN
LogInit:  CurlRequestOptions (configurable via config and command line):
LogInit:  - bVerifyPeer = false  - Libcurl will NOT verify peer certificate
LogInit:  - bUseHttpProxy = false  - Libcurl will NOT use HTTP proxy
LogInit:  - bDontReuseConnections = false  - Libcurl will reuse connections
LogInit:  - CertBundlePath = nullptr  - Libcurl will use whatever was configured at build time.
LogInit:  - MaxHostConnections = 16  - Libcurl will limit the number of connections to a host
LogInit:  - LocalHostAddr = Default
LogInit: WinSock: version 1.1 (2.2), MaxSocks=32767, MaxUdp=65467
LogInit: WinSock: I am Hosein (192.168.1.6:0)
LogInit: Build: ++UE4+Release-4.19-CL-3989454
LogInit: Engine Version: 4.19.1-3989454+++UE4+Release-4.19
LogInit: Compatible Engine Version: 4.19.0-3944462+++UE4+Release-4.19
LogInit: Net CL: 3944462
LogDevObjectVersion: Number of dev versions registered: 18
LogDevObjectVersion:   Dev-Blueprints (B0D832E4-1F89-4F0D-ACCF-7EB736FD4AA2): 10
LogDevObjectVersion:   Dev-Build (E1C64328-A22C-4D53-A36C-8E866417BD8C): 0
LogDevObjectVersion:   Dev-Core (375EC13C-06E4-48FB-B500-84F0262A717E): 2
LogDevObjectVersion:   Dev-Editor (E4B068ED-F494-42E9-A231-DA0B2E46BB41): 23
LogDevObjectVersion:   Dev-Framework (CFFC743F-43B0-4480-9391-14DF171D2073): 33
LogDevObjectVersion:   Dev-Mobile (B02B49B5-BB20-44E9-A304-32B752E40360): 2
LogDevObjectVersion:   Dev-Networking (A4E4105C-59A1-49B5-A7C5-40C4547EDFEE): 0
LogDevObjectVersion:   Dev-Online (39C831C9-5AE6-47DC-9A44-9C173E1C8E7C): 0
LogDevObjectVersion:   Dev-Physics (78F01B33-EBEA-4F98-B9B4-84EACCB95AA2): 0
LogDevObjectVersion:   Dev-Platform (6631380F-2D4D-43E0-8009-CF276956A95A): 0
LogDevObjectVersion:   Dev-Rendering (12F88B9F-8875-4AFC-A67C-D90C383ABD29): 25
LogDevObjectVersion:   Dev-Sequencer (7B5AE74C-D270-4C10-A958-57980B212A5A): 6
LogDevObjectVersion:   Dev-VR (D7296918-1DD6-4BDD-9DE2-64A83CC13884): 1
LogDevObjectVersion:   Dev-LoadTimes (C2A15278-BFE7-4AFE-6C17-90FF531DF755): 1
LogDevObjectVersion:   Private-Geometry (6EACA3D4-40EC-4CC1-B786-8BED09428FC5): 2
LogDevObjectVersion:   Dev-AnimPhys (29E575DD-E0A3-4627-9D10-D276232CDCEA): 16
LogDevObjectVersion:   Dev-ReflectionCapture (6B266CEC-1EC7-4B8F-A30B-E4D90942FC07): 1
LogDevObjectVersion:   Dev-Automation (0DF73D61-A23F-47EA-B727-89E90C41499A): 1
LogInit: Compiled (64-bit): Apr  6 2018 12:26:04
LogInit: Compiled with Visual C++: 19.00.24215.01
LogInit: Build Configuration: Development
LogInit: Branch Name: ++UE4+Release-4.19
LogInit: Command Line:  
LogInit: Base Directory: h:/Unreal Engine/Epic Games/UE_4.19/Engine/Binaries/Win64/
LogInit: Installed Engine Build: 1
LogStreaming: Display: Took  0.021s to delete old logs.
LogInit: Presizing for max 8388607 objects, including 0 objects not considered by GC, pre-allocating 0 bytes for permanent pool.
LogInit: Object subsystem initialized
[2018.07.24-04.45.15:085][  0]LogInit: Selected Device Profile: [Windows]
[2018.07.24-04.45.15:085][  0]LogInit: Applying CVar settings loaded from the selected device profile: [Windows]
[2018.07.24-04.45.15:164][  0]LogInit: Computer: HOSEIN
[2018.07.24-04.45.15:164][  0]LogInit: User: Hosein
[2018.07.24-04.45.15:164][  0]LogInit: CPU Page size=4096, Cores=4
[2018.07.24-04.45.15:164][  0]LogInit: High frequency timer resolution =3.914066 MHz
[2018.07.24-04.45.15:165][  0]LogMemory: Memory total: Physical=31.9GB (32GB approx)
[2018.07.24-04.45.15:165][  0]LogMemory: Platform Memory Stats for Windows
[2018.07.24-04.45.15:165][  0]LogMemory: Process Physical Memory: 274.89 MB used, 274.89 MB peak
[2018.07.24-04.45.15:165][  0]LogMemory: Process Virtual Memory: 264.86 MB used, 264.86 MB peak
[2018.07.24-04.45.15:165][  0]LogMemory: Physical Memory: 3730.18 MB used,  28968.53 MB free, 32698.71 MB total
[2018.07.24-04.45.15:165][  0]LogMemory: Virtual Memory: 658.86 MB used,  28968.53 MB free, 134217728.00 MB total
[2018.07.24-04.45.15:610][  0]LogInit: Using OS detected language (en-US).
[2018.07.24-04.45.15:610][  0]LogInit: Using OS detected locale (en-US).
[2018.07.24-04.45.15:771][  0]LogTextLocalizationManager: No specific localization for 'en-US' exists, so the 'en' localization will be used.
[2018.07.24-04.45.16:318][  0]LogStreaming: Display: Took  0.694s to EndInitTextLocalization.
[2018.07.24-04.45.16:346][  0]LogInit: Setting process to per monitor DPI aware
[2018.07.24-04.45.16:832][  0]LogSlate: New Slate User Created.  User Index 0, Is Virtual User: 0
[2018.07.24-04.45.16:832][  0]LogSlate: Slate User Registered.  User Index 0, Is Virtual User: 0
[2018.07.24-04.45.18:210][  0]LogD3D11RHI: D3D11 adapters:
[2018.07.24-04.45.18:246][  0]LogD3D11RHI:    0. 'NVIDIA GeForce GTX 1070' (Feature Level 11_0)
[2018.07.24-04.45.18:246][  0]LogD3D11RHI:       8100/0/16349 MB DedicatedVideo/DedicatedSystem/SharedSystem, Outputs:1, VendorId:0x10de
[2018.07.24-04.45.18:247][  0]LogD3D11RHI:    1. 'Microsoft Basic Render Driver' (Feature Level 11_0)
[2018.07.24-04.45.18:247][  0]LogD3D11RHI:       0/0/16349 MB DedicatedVideo/DedicatedSystem/SharedSystem, Outputs:0, VendorId:0x1414
[2018.07.24-04.45.18:247][  0]LogD3D11RHI: Chosen D3D11 Adapter: 0
[2018.07.24-04.45.18:298][  0]LogD3D11RHI: Creating new Direct3DDevice
[2018.07.24-04.45.18:300][  0]LogD3D11RHI:     GPU DeviceId: 0x1b81 (for the marketing name, search the web for "GPU Device Id")
[2018.07.24-04.45.18:300][  0]LogWindows: EnumDisplayDevices:
[2018.07.24-04.45.18:300][  0]LogWindows:    0. 'NVIDIA GeForce GTX 1070' (P:1 D:1)
[2018.07.24-04.45.18:300][  0]LogWindows:    1. 'NVIDIA GeForce GTX 1070' (P:0 D:0)
[2018.07.24-04.45.18:300][  0]LogWindows:    2. 'NVIDIA GeForce GTX 1070' (P:0 D:0)
[2018.07.24-04.45.18:300][  0]LogWindows:    3. 'NVIDIA GeForce GTX 1070' (P:0 D:0)
[2018.07.24-04.45.18:300][  0]LogWindows: DebugString: FoundDriverCount:4 
[2018.07.24-04.45.18:300][  0]LogD3D11RHI:     Adapter Name: NVIDIA GeForce GTX 1070
[2018.07.24-04.45.18:301][  0]LogD3D11RHI:   Driver Version: 388.59 (internal:23.21.13.8859, unified:388.59)
[2018.07.24-04.45.18:301][  0]LogD3D11RHI:      Driver Date: 12-5-2017
[2018.07.24-04.45.18:301][  0]LogRHI: Texture pool is 5670 MB (70% of 8100 MB)
[2018.07.24-04.45.18:319][  0]LogD3D11RHI: [Aftermath] Aftermath enabled and primed
[2018.07.24-04.45.18:319][  0]LogD3D11RHI: [Aftermath] Aftermath enabled and primed
[2018.07.24-04.45.18:319][  0]LogD3D11RHI: Async texture creation enabled
[2018.07.24-04.45.18:494][  0]LogD3D11RHI: GPU Timing Frequency: 1000.000000 (Debug: 2 1)
[2018.07.24-04.45.18:586][  0]LogShaderCompilers: Guid format shader working directory is 12 characters bigger than the processId version (../../../../../Workstation/ProjectR/Intermediate/Shaders/WorkingDirectory/8344/).
[2018.07.24-04.45.18:588][  0]LogShaderCompilers: Cleaned the shader compiler working directory 'C:/Users/Hosein/AppData/Local/Temp/UnrealShaderWorkingDir/B349B9244806B3BEFD369DACD6A28E0F/'.
[2018.07.24-04.45.19:425][  0]LogTemp: Display: Loaded TP AllDesktopTargetPlatform
[2018.07.24-04.45.19:433][  0]LogTemp: Display: Loaded TP MacClientTargetPlatform
[2018.07.24-04.45.19:442][  0]LogTemp: Display: Loaded TP MacNoEditorTargetPlatform
[2018.07.24-04.45.19:451][  0]LogTemp: Display: Loaded TP MacServerTargetPlatform
[2018.07.24-04.45.19:502][  0]LogTemp: Display: Loaded TP MacTargetPlatform
[2018.07.24-04.45.19:510][  0]LogTemp: Display: Loaded TP WindowsClientTargetPlatform
[2018.07.24-04.45.19:519][  0]LogTemp: Display: Loaded TP WindowsNoEditorTargetPlatform
[2018.07.24-04.45.19:528][  0]LogTemp: Display: Loaded TP WindowsServerTargetPlatform
[2018.07.24-04.45.19:532][  0]LogTemp: Display: Loaded TP WindowsTargetPlatform
[2018.07.24-04.45.19:540][  0]LogTemp: Display: Loaded TP Android_ASTCTargetPlatform
[2018.07.24-04.45.19:548][  0]LogTemp: Display: Loaded TP Android_ATCTargetPlatform
[2018.07.24-04.45.19:556][  0]LogTemp: Display: Loaded TP Android_DXTTargetPlatform
[2018.07.24-04.45.19:564][  0]LogTemp: Display: Loaded TP Android_ETC1aTargetPlatform
[2018.07.24-04.45.19:572][  0]LogTemp: Display: Loaded TP Android_ETC1TargetPlatform
[2018.07.24-04.45.19:580][  0]LogTemp: Display: Loaded TP Android_ETC2TargetPlatform
[2018.07.24-04.45.19:596][  0]LogTemp: Display: Loaded TP Android_MultiTargetPlatform
[2018.07.24-04.45.19:596][  0]LogTemp: Display: Loaded TP Android_PVRTCTargetPlatform
[2018.07.24-04.45.19:639][  0]LogTemp: Display: Loaded TP AndroidTargetPlatform
[2018.07.24-04.45.19:640][  0]LogTemp: Display: Loaded TP HTML5TargetPlatform
[2018.07.24-04.45.19:726][  0]LogTemp: Display: Loaded TP IOSTargetPlatform
[2018.07.24-04.45.19:733][  0]LogTemp: Display: Loaded TP TVOSTargetPlatform
[2018.07.24-04.45.19:742][  0]LogTemp: Display: Loaded TP LinuxClientTargetPlatform
[2018.07.24-04.45.19:750][  0]LogTemp: Display: Loaded TP LinuxNoEditorTargetPlatform
[2018.07.24-04.45.19:758][  0]LogTemp: Display: Loaded TP LinuxServerTargetPlatform
[2018.07.24-04.45.19:782][  0]LogTemp: Display: Loaded TP LinuxTargetPlatform
[2018.07.24-04.45.19:782][  0]LogTargetPlatformManager: Display: Building Assets For Windows
[2018.07.24-04.45.20:515][  0]LogXGEController: Cleaning working directory: C:/Users/Hosein/AppData/Local/Temp/UnrealXGEWorkingDir/
[2018.07.24-04.45.20:515][  0]LogXGEController: Cannot use XGE Controller as Incredibuild is not installed on this machine.
[2018.07.24-04.45.20:520][  0]LogShaderCompilers: Cannot use XGE Shader Compiler as Incredibuild is not installed on this machine.
[2018.07.24-04.45.20:520][  0]LogShaderCompilers: Display: Using Local Shader Compiler.
[2018.07.24-04.45.22:096][  0]LogDerivedDataCache: Display: Max Cache Size: 512 MB
[2018.07.24-04.45.22:400][  0]LogDerivedDataCache: Loaded boot cache 0.30s 74MB C:/Users/Hosein/AppData/Local/UnrealEngine/4.19/DerivedDataCache/Boot.ddc.
[2018.07.24-04.45.22:400][  0]LogDerivedDataCache: Display: Loaded Boot cache: C:/Users/Hosein/AppData/Local/UnrealEngine/4.19/DerivedDataCache/Boot.ddc
[2018.07.24-04.45.22:401][  0]LogDerivedDataCache: FDerivedDataBackendGraph:  Pak pak cache file ../../../../../Workstation/ProjectR/DerivedDataCache/DDC.ddp not found, will not use a pak cache.
[2018.07.24-04.45.22:401][  0]LogDerivedDataCache: Unable to find inner node Pak for hierarchical cache Hierarchy.
[2018.07.24-04.45.22:401][  0]LogDerivedDataCache: FDerivedDataBackendGraph:  CompressedPak pak cache file ../../../../../Workstation/ProjectR/DerivedDataCache/Compressed.ddp not found, will not use a pak cache.
[2018.07.24-04.45.22:401][  0]LogDerivedDataCache: Unable to find inner node CompressedPak for hierarchical cache Hierarchy.
[2018.07.24-04.45.22:463][  0]LogDerivedDataCache: Display: Pak cache opened for reading ../../../Engine/DerivedDataCache/Compressed.ddp.
[2018.07.24-04.45.22:475][  0]LogDerivedDataCache: Using Local data cache path C:/Users/Hosein/AppData/Local/UnrealEngine/Common/DerivedDataCache: Writable
[2018.07.24-04.45.22:503][  0]LogMaterial: Verifying Global Shaders for PCD3D_SM5
[2018.07.24-04.45.22:536][  0]LogSlate: Using Freetype 2.6.0
[2018.07.24-04.45.22:617][  0]LogSlate: SlateFontCache - WITH_FREETYPE: 1, WITH_HARFBUZZ: 1
[2018.07.24-04.45.22:617][  0]LogSlate: SlateFontCache - WITH_FREETYPE: 1, WITH_HARFBUZZ: 1
[2018.07.24-04.45.27:125][  0]LogAssetRegistry: FAssetRegistry took 0.0267 seconds to start up
[2018.07.24-04.45.29:468][  0]LogInit: Selected Device Profile: [Windows]
[2018.07.24-04.45.30:478][  0]LogSimplygon: Simplygon DLL not present - disabling.
[2018.07.24-04.45.30:501][  0]LogMeshReduction: Using SimplygonSwarm for distributed automatic mesh merging
[2018.07.24-04.45.30:508][  0]LogMeshReduction: Using QuadricMeshReduction for automatic static mesh reduction
[2018.07.24-04.45.30:508][  0]LogMeshReduction: No automatic skeletal mesh reduction module available
[2018.07.24-04.45.30:508][  0]LogMeshReduction: No automatic mesh merging module available
[2018.07.24-04.45.30:508][  0]LogMeshMerging: No automatic mesh merging module available
[2018.07.24-04.45.30:781][  0]LogNetVersion: ProjectR , NetCL: 3944462, EngineNetVer: 2, GameNetVer: 0 (Checksum: 859984229)
[2018.07.24-04.45.34:037][  0]LogPackageLocalizationCache: Processed 10 localized package path(s) for 2 prioritized culture(s) in 0.125786 seconds
[2018.07.24-04.45.34:060][  0]LogUObjectArray: 36728 objects as part of root set at end of initial load.
[2018.07.24-04.45.34:060][  0]LogUObjectAllocator: 7314312 out of 0 bytes used by permanent object pool.
[2018.07.24-04.45.34:060][  0]LogUObjectArray: CloseDisregardForGC: 0/0 objects in disregard for GC pool
[2018.07.24-04.45.40:789][  0]LogTcpMessaging: Initializing TcpMessaging bridge
[2018.07.24-04.45.40:818][  0]LogUdpMessaging: Initializing bridge on interface 0.0.0.0:0 to multicast group 230.0.0.1:6666.
[2018.07.24-04.45.41:464][  0]SourceControl: Source control is disabled
[2018.07.24-04.45.42:247][  0]LogAndroidPermission: UAndroidPermissionCallbackProxy::GetInstance
[2018.07.24-04.45.42:370][  0]LogOcInput: OculusInput pre-init called
[2018.07.24-04.45.42:531][  0]LogPython: Python VM initialized: 3.6.2 (v3.6.2:5fd33b5, Jul  8 2017, 04:57:36) [MSC v.1900 64 bit (AMD64)]
[2018.07.24-04.45.42:531][  0]LogPython: Python Scripts search path: H:\Unreal Engine\Epic Games\UE_4.19\Engine\Plugins\UnrealEnginePython
[2018.07.24-04.45.43:293][  0]LogPython: ####################----------Python Integration for Megascans Initialized----------####################
[2018.07.24-04.45.43:293][  0]LogPython: 

[2018.07.24-04.45.43:293][  0]LogPython: H:\\Unreal Engine\\Epic Games\\UE_4.19\\Engine\\Plugins\\UnrealEnginePython/
[2018.07.24-04.45.43:293][  0]LogPython: 

[2018.07.24-04.45.44:260][  0]LogPython: Megascans Integration - LiveLink Initialized...
[2018.07.24-04.45.44:260][  0]LogPython: 

[2018.07.24-04.45.44:279][  0]LogPython: ue_site Python module successfully imported
[2018.07.24-04.45.44:661][  0]LogEngine: Initializing Engine...
[2018.07.24-04.45.44:675][  0]LogHMD: Failed to initialize OpenVR with code 101
[2018.07.24-04.45.44:694][  0]LogStats: UGameplayTagsManager::ConstructGameplayTagTree: Construct from data asset -  0.000 s
[2018.07.24-04.45.44:694][  0]LogStats: UGameplayTagsManager::ConstructGameplayTagTree: GameplayTagTreeChangedEvent.Broadcast -  0.000 s
[2018.07.24-04.45.45:422][  0]LogAIModule: Creating AISystem for world Untitled
[2018.07.24-04.45.45:484][  0]LogInit: XAudio2 using 'Speakers (Realtek High Definition Audio)' : 2 channels at 48 kHz using 32 bits per sample (channel mask 0x3)
[2018.07.24-04.45.45:507][  0]LogInit: FAudioDevice initialized.
[2018.07.24-04.45.45:629][  0]LogDerivedDataCache: Saved boot cache 0.12s 74MB C:/Users/Hosein/AppData/Local/UnrealEngine/4.19/DerivedDataCache/Boot.ddc.
[2018.07.24-04.45.45:637][  0]LogInit: Texture streaming: Enabled
[2018.07.24-04.45.45:710][  0]LogEngineSessionManager: EngineSessionManager initialized
[2018.07.24-04.45.45:780][  0]LogInit: Transaction tracking system initialized
[2018.07.24-04.45.45:983][  0]BlueprintLog: New page: Editor Load
[2018.07.24-04.45.46:662][  0]LocalizationService: Localization service is disabled
[2018.07.24-04.45.47:321][  0]LogConsoleResponse: Display: 
[2018.07.24-04.45.49:043][  0]LogFileCache: Scanning file cache for directory 'h:/Unreal Engine/Workstation/ProjectR/Content/' took 0.02s
[2018.07.24-04.45.49:043][  0]LogCook: Display: Max memory allowance for cook 16384mb min free memory 0mb
[2018.07.24-04.45.49:043][  0]LogCook: Display: Mobile HDR setting 1
[2018.07.24-04.45.49:043][  0]LogGameplayTags: Display: UGameplayTagsManager::DoneAddingNativeTags. DelegateIsBound: 0
[2018.07.24-04.45.49:044][  0]LogStats: UGameplayTagsManager::ConstructGameplayTagTree: Construct from data asset -  0.000 s
[2018.07.24-04.45.49:044][  0]LogStats: UGameplayTagsManager::ConstructGameplayTagTree: GameplayTagTreeChangedEvent.Broadcast -  0.000 s
[2018.07.24-04.45.50:143][  0]Cmd: MAP LOAD FILE="../../../../../Workstation/ProjectR/Content/ThirdPersonBP/Maps/ThirdPersonExampleMap.umap" TEMPLATE=0 SHOWPROGRESS=1 FEATURELEVEL=3
[2018.07.24-04.45.50:226][  0]LightingResults: New page: Lighting Build
[2018.07.24-04.45.50:311][  0]MapCheck: New page: Map Check
[2018.07.24-04.45.50:311][  0]LightingResults: New page: Lighting Build
[2018.07.24-04.45.52:889][  0]LogSkeletalMesh: Skeletal Mesh found in DDC [20.885187ms] /Game/Mannequin/Character/Mesh/SK_Mannequin.SK_Mannequin
[2018.07.24-04.45.52:992][  0]LogAIModule: Creating AISystem for world ThirdPersonExampleMap
[2018.07.24-04.45.53:410][  0]LogEditorServer: Finished looking for orphan Actors (0.000 secs)
[2018.07.24-04.45.53:477][  0]Cmd: MAP CHECKDEP NOCLEARLOG
[2018.07.24-04.45.53:501][  0]MapCheck: Map check complete: 0 Error(s), 0 Warning(s), took 23.794ms to complete.
[2018.07.24-04.45.53:501][  0]LogFileHelpers: Loading map 'ThirdPersonExampleMap' took 3.377
[2018.07.24-04.45.54:746][  0]LogCollectionManager: Loaded 0 collections in 0.001024 seconds
[2018.07.24-04.45.54:824][  0]LogFileCache: Scanning file cache for directory 'h:/Unreal Engine/Workstation/ProjectR/Saved/Collections/' took 0.01s
[2018.07.24-04.45.54:824][  0]LogFileCache: Scanning file cache for directory 'h:/Unreal Engine/Workstation/ProjectR/Content/Developers/Hosein/Collections/' took 0.01s
[2018.07.24-04.45.54:824][  0]LogFileCache: Scanning file cache for directory 'h:/Unreal Engine/Workstation/ProjectR/Content/Collections/' took 0.01s
[2018.07.24-04.45.54:824][  0]LogCollectionManager: Rebuilt the GUID cache for 0 collections in 0.000000 seconds
[2018.07.24-04.45.54:839][  0]LogContentBrowser: Native class hierarchy populated in 0.0143 seconds. Added 2474 classes and 570 folders.
[2018.07.24-04.45.54:893][  0]LogContentBrowser: Native class hierarchy updated for 'WidgetCarousel' in 0.0002 seconds. Added 0 classes and 0 folders.
[2018.07.24-04.45.55:554][  0]LogContentBrowser: Native class hierarchy updated for 'AddContentDialog' in 0.0002 seconds. Added 0 classes and 0 folders.
[2018.07.24-04.45.55:624][  0]LogSlate: Took 0.021444 seconds to synchronously load lazily loaded font '../../../Engine/Content/Slate/Fonts/Roboto-Regular.ttf' (155K)
[2018.07.24-04.45.55:682][  0]LogSlate: Took 0.037180 seconds to synchronously load lazily loaded font '../../../Engine/Content/Slate/Fonts/Roboto-Bold.ttf' (160K)
[2018.07.24-04.45.56:013][  0]LogRenderer: Reallocating scene render targets to support 1192x920 Format 10 NumSamples 1 (Frame:1).
[2018.07.24-04.45.56:325][  0]LogContentBrowser: Native class hierarchy updated for 'HierarchicalLODOutliner' in 0.0002 seconds. Added 0 classes and 0 folders.
[2018.07.24-04.45.56:325][  0]LogLoad: (Engine Initialization) Total time: 58.20 seconds
[2018.07.24-04.45.56:325][  0]LogLoad: (Engine Initialization) Total Blueprint compile time: 0.00 seconds
[2018.07.24-04.45.56:733][  0]LogContentStreaming: Texture pool size now 3000 MB
[2018.07.24-04.45.57:010][  1]LogAssetRegistry: Asset discovery search completed in 29.9076 seconds
[2018.07.24-04.45.57:011][  1]LogCollectionManager: Rebuilt the object cache for 0 collections in 0.000001 seconds (found 0 objects)
[2018.07.24-04.45.57:011][  1]LogCollectionManager: Fixed up redirectors for 0 collections in 0.000032 seconds (updated 0 objects)
[2018.07.24-04.45.57:684][  3]LogSlate: Took 0.017695 seconds to synchronously load lazily loaded font '../../../Engine/Content/Slate/Fonts/Roboto-Light.ttf' (167K)
[2018.07.24-04.46.01:103][315]LogSlate: FSceneViewport::OnFocusLost() reason 0
[2018.07.24-04.46.01:861][401]LogSlate: FSceneViewport::OnFocusLost() reason 0
[2018.07.24-04.46.01:869][401]LogSlate: Took 0.007623 seconds to synchronously load lazily loaded font '../../../Engine/Content/Editor/Slate/Fonts/FontAwesome.ttf' (139K)
[2018.07.24-04.46.01:922][401]LogSlate: Took 0.000092 seconds to synchronously load lazily loaded font '../../../Engine/Content/Slate/Fonts/Roboto-Light.ttf' (167K)
[2018.07.24-04.46.11:167][422]LogSlate: Window 'Python Editor' being destroyed
[2018.07.24-04.46.11:170][422]LogSlate: Window 'Python Editor' being destroyed
[2018.07.24-04.46.16:630][847]LogTemp: Executing iPhonePackager certificates Engine -bundlename com.YourCompany.ProjectR
[2018.07.24-04.46.16:630][847]LogTemp: CWD: h:\Unreal Engine\Epic Games\UE_4.19\Engine\Binaries\DotNET\IOS
[2018.07.24-04.46.16:630][847]LogTemp: Initial Dir: h:\Unreal Engine\Epic Games\UE_4.19
[2018.07.24-04.46.16:630][847]LogTemp: Env CWD: h:\Unreal Engine\Epic Games\UE_4.19\Engine\Binaries\DotNET\IOS
[2018.07.24-04.46.16:630][847]LogTemp: BranchPath = HOSEIN/h/Unreal Engine/Epic Games/UE_4.19/Engine/Binaries --- GameBranchPath = HOSEIN/h/Unreal Engine/Epic Games/UE_4.19/Engine/Binaries
[2018.07.24-04.46.16:630][847]LogTemp: IPP ERROR: Could not find provision directory 'C:\Users\Hosein\AppData\Local/Apple Computer/MobileDevice/Provisioning Profiles/'.
[2018.07.24-04.46.16:630][847]LogSlate: Only BGRA pngs, bmps or icos are supported in by External Image Picker
[2018.07.24-04.46.26:105][927]SourceControl: fatal: /Script: '/Script' is outside repository
[2018.07.24-04.46.30:220][416]LogSlate: Window 'Project Settings' being destroyed
[2018.07.24-04.46.30:222][416]LogSlate: Window 'Project Settings' being destroyed
[2018.07.24-04.46.38:996][770]LogAIModule: Creating AISystem for world ProjectR_MainHall
[2018.07.24-04.46.39:038][770]Cmd: MAP LOAD FILE="../../../../../Workstation/ProjectR/Content/ProjectR_MainHall.umap" TEMPLATE=0 SHOWPROGRESS=1 FEATURELEVEL=3
[2018.07.24-04.46.39:038][770]LightingResults: New page: Lighting Build
[2018.07.24-04.46.39:038][770]LoadErrors: New page: Loading map: ProjectR_MainHall.umap
[2018.07.24-04.46.39:072][770]MapCheck: New page: Map Check
[2018.07.24-04.46.39:073][770]LightingResults: New page: Lighting Build
[2018.07.24-04.46.39:259][770]LogEditorServer: Finished looking for orphan Actors (0.000 secs)
[2018.07.24-04.46.39:305][770]Cmd: MAP CHECKDEP NOCLEARLOG
[2018.07.24-04.46.39:337][770]MapCheck: Map check complete: 0 Error(s), 0 Warning(s), took 32.66ms to complete.
[2018.07.24-04.46.39:338][770]LogFileHelpers: Loading map 'ProjectR_MainHall' took 0.300
[2018.07.24-04.46.48:026][778]LogEditorViewport: Clicking on Actor (LMB): TriggerBox (TriggerBox)
[2018.07.24-04.46.50:033][990]LogSlate: FSceneViewport::OnFocusLost() reason 2
[2018.07.24-04.46.54:504][502]LogSlate: FSceneViewport::OnFocusLost() reason 2
[2018.07.24-04.46.54:988][502]LogContentBrowser: Native class hierarchy updated for 'BlueprintGraph' in 0.0004 seconds. Added 116 classes and 0 folders.
[2018.07.24-04.46.55:641][502]LogSlate: Took 0.023333 seconds to synchronously load lazily loaded font '../../../Engine/Content/Slate/Fonts/Roboto-BoldCondensed.ttf' (158K)
[2018.07.24-04.46.57:045][644]LogSlate: Window 'ProjectR_MainHall - Level Blueprint Editor' being destroyed
[2018.07.24-04.46.58:061][759]LogSlate: FSceneViewport::OnFocusLost() reason 0
[2018.07.24-04.47.16:875][975]LogSlate: Took 0.016805 seconds to synchronously load lazily loaded font '../../../Engine/Content/Slate/Fonts/Roboto-Italic.ttf' (157K)
[2018.07.24-04.47.30:648][544]LogEditorViewport: Clicking on Actor (CTRL LMB): StaticMeshActor (ProjectR_PointofInterest)
[2018.07.24-04.47.35:008][ 40]Cmd: CAMERA ALIGN ACTIVEVIEWPORTONLY
[2018.07.24-04.47.58:362][765]LogSlate: FSceneViewport::OnFocusLost() reason 0
[2018.07.24-04.48.27:310][190]LogEditorViewport: Clicking on Actor (LMB): StaticMeshActor (ProjectR_PointofInterest2)
[2018.07.24-04.48.29:079][393]LogSlate: FSceneViewport::OnFocusLost() reason 0
[2018.07.24-04.48.41:816][919]LogHttp: Warning: 00000210F6115600: request failed, libcurl error: 7 (Couldn't connect to server)
[2018.07.24-04.48.41:816][919]LogHttp: Warning: 00000210F6115600: libcurl info message cache 0 (Found bundle for host datarouter.ol.epicgames.com: 0x210f59e3fe8 [can pipeline])
[2018.07.24-04.48.41:816][919]LogHttp: Warning: 00000210F6115600: libcurl info message cache 1 (Re-using existing connection! (#0) with host datarouter.ol.epicgames.com)
[2018.07.24-04.48.41:816][919]LogHttp: Warning: 00000210F6115600: libcurl info message cache 2 (Connected to datarouter.ol.epicgames.com (35.169.42.52) port 443 (#0))
[2018.07.24-04.48.41:816][919]LogHttp: Warning: 00000210F6115600: libcurl info message cache 3 (upload completely sent off: 1215 out of 1215 bytes)
[2018.07.24-04.48.41:816][919]LogHttp: Warning: 00000210F6115600: libcurl info message cache 4 (SSL read: error:00000000:lib(0):func(0):reason(0), errno 10054)
[2018.07.24-04.48.41:816][919]LogHttp: Warning: 00000210F6115600: libcurl info message cache 5 (Connection died, retrying a fresh connect)
[2018.07.24-04.48.41:816][919]LogHttp: Warning: 00000210F6115600: libcurl info message cache 6 (Closing connection 0)
[2018.07.24-04.48.41:816][919]LogHttp: Warning: 00000210F6115600: libcurl info message cache 7 (Issue another request to this URL: 'https://datarouter.ol.epicgames.com/datarouter/api/v1/public/data?SessionID=%7B31B53B57-4368-B34D-0B57-01B98A698D65%7D&AppID=UEEditor.Rocket.Release&AppVersion=4.19.1-3989454%2B%2B%2BUE4%2BRelease-4.19&UserID=8f4d5c1c4eafcac68c351ba8404bab02%7C4d7499ea85c448a6913f6e898ee54099%7C2f2398f0-bd0a-4231-848c-fc7a92319f55&AppEnvironment=datacollector-binary&UploadType=eteventstream')
[2018.07.24-04.48.41:816][919]LogHttp: Warning: 00000210F6115600: libcurl info message cache 8 (  Trying 10.0.0.1...)
[2018.07.24-04.48.41:816][919]LogHttp: Warning: 00000210F6115600: libcurl info message cache 9 (connect to 10.0.0.1 port 443 failed: Timed out)
[2018.07.24-04.48.41:816][919]LogHttp: Warning: 00000210F6115600: libcurl info message cache 10 (Failed to connect to datarouter.ol.epicgames.com port 443: Timed out)
[2018.07.24-04.48.41:816][919]LogHttp: Warning: 00000210F6115600: libcurl info message cache 11 (Closing connection 1)
[2018.07.24-04.49.28:270][438]LogEditorViewport: Clicking on Actor (LMB): TargetPoint (TargetPoint)
[2018.07.24-04.49.29:118][536]LogSlate: FSceneViewport::OnFocusLost() reason 0
[2018.07.24-04.49.42:345][ 97]BlueprintLog: New page: Compile ProjectR_MainHall
[2018.07.24-04.49.45:464][435]LogEditorViewport: Clicking on Actor (context menu): Landscape (Landscape1)
[2018.07.24-04.49.45:547][435]LogSlate: FSceneViewport::OnFocusLost() reason 2
[2018.07.24-04.49.46:523][547]LogBlueprintUserMessages: Early PlayInEditor Detection: Level '/Game/ProjectR_MainHall.ProjectR_MainHall:PersistentLevel' has LevelScriptBlueprint '/Game/ProjectR_MainHall.ProjectR_MainHall:PersistentLevel.ProjectR_MainHall' with GeneratedClass '/Game/ProjectR_MainHall.ProjectR_MainHall_C' with ClassGeneratedBy '/Game/ProjectR_MainHall.ProjectR_MainHall:PersistentLevel.ProjectR_MainHall'
[2018.07.24-04.49.46:523][547]LogPlayLevel: PlayLevel: No blueprints needed recompiling
[2018.07.24-04.49.46:536][547]PIE: New page: PIE session: ProjectR_MainHall (Jul 24, 2018, 1:49:46 PM)
[2018.07.24-04.49.46:536][547]LogPlayLevel: Creating play world package: /Game/UEDPIE_0_ProjectR_MainHall
[2018.07.24-04.49.46:577][547]LogPlayLevel: PIE: StaticDuplicateObject took: (0.041466s)
[2018.07.24-04.49.46:577][547]LogAIModule: Creating AISystem for world ProjectR_MainHall
[2018.07.24-04.49.46:578][547]LogPlayLevel: PIE: World Init took: (0.000431s)
[2018.07.24-04.49.46:578][547]LogPlayLevel: PIE: Created PIE world by copying editor world from /Game/ProjectR_MainHall.ProjectR_MainHall to /Game/UEDPIE_0_ProjectR_MainHall.ProjectR_MainHall (0.042048s)
[2018.07.24-04.49.46:594][547]LogInit: XAudio2 using 'Speakers (Realtek High Definition Audio)' : 2 channels at 48 kHz using 32 bits per sample (channel mask 0x3)
[2018.07.24-04.49.46:608][547]LogInit: FAudioDevice initialized.
[2018.07.24-04.49.46:608][547]LogSlate: FSceneViewport::OnFocusLost() reason 2
[2018.07.24-04.49.46:651][547]LogLoad: Game class is 'ThirdPersonGameMode_C'
[2018.07.24-04.49.46:669][547]LogWorld: Bringing World /Game/UEDPIE_0_ProjectR_MainHall.ProjectR_MainHall up for play (max tick rate 0) at 2018.07.24-09.19.46
[2018.07.24-04.49.46:670][547]LogWorld: Bringing up level for play took: 0.006255
[2018.07.24-04.49.46:742][547]LogContentBrowser: Native class hierarchy updated for 'MovieSceneCapture' in 0.0002 seconds. Added 11 classes and 0 folders.
[2018.07.24-04.49.46:768][547]PIE: Play in editor start time for /Game/UEDPIE_0_ProjectR_MainHall -0.196
[2018.07.24-04.49.46:768][547]LogBlueprintUserMessages: Late PlayInEditor Detection: Level '/Game/ProjectR_MainHall.ProjectR_MainHall:PersistentLevel' has LevelScriptBlueprint '/Game/ProjectR_MainHall.ProjectR_MainHall:PersistentLevel.ProjectR_MainHall' with GeneratedClass '/Game/ProjectR_MainHall.ProjectR_MainHall_C' with ClassGeneratedBy '/Game/ProjectR_MainHall.ProjectR_MainHall:PersistentLevel.ProjectR_MainHall'
[2018.07.24-04.49.52:292][204]LogBlueprintUserMessages: Early EndPlayMap Detection: Level '/Game/ProjectR_MainHall.ProjectR_MainHall:PersistentLevel' has LevelScriptBlueprint '/Game/ProjectR_MainHall.ProjectR_MainHall:PersistentLevel.ProjectR_MainHall' with GeneratedClass '/Game/ProjectR_MainHall.ProjectR_MainHall_C' with ClassGeneratedBy '/Game/ProjectR_MainHall.ProjectR_MainHall:PersistentLevel.ProjectR_MainHall'
[2018.07.24-04.49.52:323][204]LogBlueprintUserMessages: Late EndPlayMap Detection: Level '/Game/ProjectR_MainHall.ProjectR_MainHall:PersistentLevel' has LevelScriptBlueprint '/Game/ProjectR_MainHall.ProjectR_MainHall:PersistentLevel.ProjectR_MainHall' with GeneratedClass '/Game/ProjectR_MainHall.ProjectR_MainHall_C' with ClassGeneratedBy '/Game/ProjectR_MainHall.ProjectR_MainHall:PersistentLevel.ProjectR_MainHall'
[2018.07.24-04.49.53:079][291]LogSlate: FSceneViewport::OnFocusLost() reason 0
[2018.07.24-04.50.17:771][225]BlueprintLog: New page: Compile ProjectR_MainHall
[2018.07.24-04.50.18:708][327]LogEditorViewport: Clicking on Actor (context menu): Landscape (Landscape1)
[2018.07.24-04.50.18:734][327]LogSlate: FSceneViewport::OnFocusLost() reason 2
[2018.07.24-04.50.19:605][429]LogEditorViewport: Clicking on Actor (context menu): Landscape (Landscape1)
[2018.07.24-04.50.19:622][429]LogSlate: FSceneViewport::OnFocusLost() reason 2
[2018.07.24-04.50.20:821][572]LogBlueprintUserMessages: Early PlayInEditor Detection: Level '/Game/ProjectR_MainHall.ProjectR_MainHall:PersistentLevel' has LevelScriptBlueprint '/Game/ProjectR_MainHall.ProjectR_MainHall:PersistentLevel.ProjectR_MainHall' with GeneratedClass '/Game/ProjectR_MainHall.ProjectR_MainHall_C' with ClassGeneratedBy '/Game/ProjectR_MainHall.ProjectR_MainHall:PersistentLevel.ProjectR_MainHall'
[2018.07.24-04.50.20:821][572]LogPlayLevel: PlayLevel: No blueprints needed recompiling
[2018.07.24-04.50.20:821][572]PIE: New page: PIE session: ProjectR_MainHall (Jul 24, 2018, 1:50:20 PM)
[2018.07.24-04.50.20:821][572]LogPlayLevel: Creating play world package: /Game/UEDPIE_0_ProjectR_MainHall
[2018.07.24-04.50.20:841][572]LogPlayLevel: PIE: StaticDuplicateObject took: (0.019880s)
[2018.07.24-04.50.20:841][572]LogAIModule: Creating AISystem for world ProjectR_MainHall
[2018.07.24-04.50.20:842][572]LogPlayLevel: PIE: World Init took: (0.000455s)
[2018.07.24-04.50.20:842][572]LogPlayLevel: PIE: Created PIE world by copying editor world from /Game/ProjectR_MainHall.ProjectR_MainHall to /Game/UEDPIE_0_ProjectR_MainHall.ProjectR_MainHall (0.020458s)
[2018.07.24-04.50.20:858][572]LogInit: XAudio2 using 'Speakers (Realtek High Definition Audio)' : 2 channels at 48 kHz using 32 bits per sample (channel mask 0x3)
[2018.07.24-04.50.20:872][572]LogInit: FAudioDevice initialized.
[2018.07.24-04.50.20:872][572]LogSlate: FSceneViewport::OnFocusLost() reason 2
[2018.07.24-04.50.20:900][572]LogLoad: Game class is 'ThirdPersonGameMode_C'
[2018.07.24-04.50.20:907][572]LogWorld: Bringing World /Game/UEDPIE_0_ProjectR_MainHall.ProjectR_MainHall up for play (max tick rate 0) at 2018.07.24-09.20.20
[2018.07.24-04.50.20:907][572]LogWorld: Bringing up level for play took: 0.005722
[2018.07.24-04.50.20:909][572]PIE: Play in editor start time for /Game/UEDPIE_0_ProjectR_MainHall -0.055
[2018.07.24-04.50.20:909][572]LogBlueprintUserMessages: Late PlayInEditor Detection: Level '/Game/ProjectR_MainHall.ProjectR_MainHall:PersistentLevel' has LevelScriptBlueprint '/Game/ProjectR_MainHall.ProjectR_MainHall:PersistentLevel.ProjectR_MainHall' with GeneratedClass '/Game/ProjectR_MainHall.ProjectR_MainHall_C' with ClassGeneratedBy '/Game/ProjectR_MainHall.ProjectR_MainHall:PersistentLevel.ProjectR_MainHall'
[2018.07.24-04.50.25:621][135]LogBlueprintUserMessages: Early EndPlayMap Detection: Level '/Game/ProjectR_MainHall.ProjectR_MainHall:PersistentLevel' has LevelScriptBlueprint '/Game/ProjectR_MainHall.ProjectR_MainHall:PersistentLevel.ProjectR_MainHall' with GeneratedClass '/Game/ProjectR_MainHall.ProjectR_MainHall_C' with ClassGeneratedBy '/Game/ProjectR_MainHall.ProjectR_MainHall:PersistentLevel.ProjectR_MainHall'
[2018.07.24-04.50.25:656][135]LogBlueprintUserMessages: Late EndPlayMap Detection: Level '/Game/ProjectR_MainHall.ProjectR_MainHall:PersistentLevel' has LevelScriptBlueprint '/Game/ProjectR_MainHall.ProjectR_MainHall:PersistentLevel.ProjectR_MainHall' with GeneratedClass '/Game/ProjectR_MainHall.ProjectR_MainHall_C' with ClassGeneratedBy '/Game/ProjectR_MainHall.ProjectR_MainHall:PersistentLevel.ProjectR_MainHall'
[2018.07.24-04.50.26:687][255]LogSlate: FSceneViewport::OnFocusLost() reason 0
[2018.07.24-04.50.31:838][871]BlueprintLog: New page: Compile ProjectR_MainHall
[2018.07.24-04.50.36:152][368]LogEditorViewport: Clicking on Actor (LMB): TargetPoint (TargetPoint)
[2018.07.24-04.50.37:707][550]LogSlate: FSceneViewport::OnFocusLost() reason 0
[2018.07.24-04.51.02:857][545]LogHttp: Warning: 000002110123C580: request failed, libcurl error: 7 (Couldn't connect to server)
[2018.07.24-04.51.02:857][545]LogHttp: Warning: 000002110123C580: libcurl info message cache 0 (Hostname in DNS cache was stale, zapped)
[2018.07.24-04.51.02:857][545]LogHttp: Warning: 000002110123C580: libcurl info message cache 1 (  Trying 10.0.0.1...)
[2018.07.24-04.51.02:857][545]LogHttp: Warning: 000002110123C580: libcurl info message cache 2 (connect to 10.0.0.1 port 443 failed: Timed out)
[2018.07.24-04.51.02:857][545]LogHttp: Warning: 000002110123C580: libcurl info message cache 3 (Failed to connect to datarouter.ol.epicgames.com port 443: Timed out)
[2018.07.24-04.51.02:857][545]LogHttp: Warning: 000002110123C580: libcurl info message cache 4 (Closing connection 2)
[2018.07.24-04.51.26:573][368]BlueprintLog: New page: Compile ProjectR_MainHall
[2018.07.24-04.51.31:095][881]LogEditorViewport: Clicking on Actor (context menu): Landscape (Landscape1)
[2018.07.24-04.51.31:123][881]LogSlate: FSceneViewport::OnFocusLost() reason 2
[2018.07.24-04.51.31:744][952]LogBlueprintUserMessages: Early PlayInEditor Detection: Level '/Game/ProjectR_MainHall.ProjectR_MainHall:PersistentLevel' has LevelScriptBlueprint '/Game/ProjectR_MainHall.ProjectR_MainHall:PersistentLevel.ProjectR_MainHall' with GeneratedClass '/Game/ProjectR_MainHall.ProjectR_MainHall_C' with ClassGeneratedBy '/Game/ProjectR_MainHall.ProjectR_MainHall:PersistentLevel.ProjectR_MainHall'
[2018.07.24-04.51.31:744][952]LogPlayLevel: PlayLevel: No blueprints needed recompiling
[2018.07.24-04.51.31:744][952]PIE: New page: PIE session: ProjectR_MainHall (Jul 24, 2018, 1:51:31 PM)
[2018.07.24-04.51.31:744][952]LogPlayLevel: Creating play world package: /Game/UEDPIE_0_ProjectR_MainHall
[2018.07.24-04.51.31:763][952]LogPlayLevel: PIE: StaticDuplicateObject took: (0.019046s)
[2018.07.24-04.51.31:763][952]LogAIModule: Creating AISystem for world ProjectR_MainHall
[2018.07.24-04.51.31:763][952]LogPlayLevel: PIE: World Init took: (0.000422s)
[2018.07.24-04.51.31:763][952]LogPlayLevel: PIE: Created PIE world by copying editor world from /Game/ProjectR_MainHall.ProjectR_MainHall to /Game/UEDPIE_0_ProjectR_MainHall.ProjectR_MainHall (0.019591s)
[2018.07.24-04.51.31:780][952]LogInit: XAudio2 using 'Speakers (Realtek High Definition Audio)' : 2 channels at 48 kHz using 32 bits per sample (channel mask 0x3)
[2018.07.24-04.51.31:793][952]LogInit: FAudioDevice initialized.
[2018.07.24-04.51.31:794][952]LogSlate: FSceneViewport::OnFocusLost() reason 2
[2018.07.24-04.51.31:824][952]LogLoad: Game class is 'ThirdPersonGameMode_C'
[2018.07.24-04.51.31:830][952]LogWorld: Bringing World /Game/UEDPIE_0_ProjectR_MainHall.ProjectR_MainHall up for play (max tick rate 0) at 2018.07.24-09.21.31
[2018.07.24-04.51.31:831][952]LogWorld: Bringing up level for play took: 0.005483
[2018.07.24-04.51.31:832][952]PIE: Play in editor start time for /Game/UEDPIE_0_ProjectR_MainHall 0.868
[2018.07.24-04.51.31:832][952]LogBlueprintUserMessages: Late PlayInEditor Detection: Level '/Game/ProjectR_MainHall.ProjectR_MainHall:PersistentLevel' has LevelScriptBlueprint '/Game/ProjectR_MainHall.ProjectR_MainHall:PersistentLevel.ProjectR_MainHall' with GeneratedClass '/Game/ProjectR_MainHall.ProjectR_MainHall_C' with ClassGeneratedBy '/Game/ProjectR_MainHall.ProjectR_MainHall:PersistentLevel.ProjectR_MainHall'
[2018.07.24-04.51.39:344][851]LogBlueprintUserMessages: Early EndPlayMap Detection: Level '/Game/ProjectR_MainHall.ProjectR_MainHall:PersistentLevel' has LevelScriptBlueprint '/Game/ProjectR_MainHall.ProjectR_MainHall:PersistentLevel.ProjectR_MainHall' with GeneratedClass '/Game/ProjectR_MainHall.ProjectR_MainHall_C' with ClassGeneratedBy '/Game/ProjectR_MainHall.ProjectR_MainHall:PersistentLevel.ProjectR_MainHall'
[2018.07.24-04.51.39:381][851]LogBlueprintUserMessages: Late EndPlayMap Detection: Level '/Game/ProjectR_MainHall.ProjectR_MainHall:PersistentLevel' has LevelScriptBlueprint '/Game/ProjectR_MainHall.ProjectR_MainHall:PersistentLevel.ProjectR_MainHall' with GeneratedClass '/Game/ProjectR_MainHall.ProjectR_MainHall_C' with ClassGeneratedBy '/Game/ProjectR_MainHall.ProjectR_MainHall:PersistentLevel.ProjectR_MainHall'
[2018.07.24-04.51.45:649][591]LogSlate: FSceneViewport::OnFocusLost() reason 0
[2018.07.24-04.52.22:048][930]BlueprintLog: New page: Compile ProjectR_MainHall
[2018.07.24-04.52.22:683][997]LogTemp: Repeating last play command: Selected Viewport
[2018.07.24-04.52.22:699][997]LogBlueprintUserMessages: Early PlayInEditor Detection: Level '/Game/ProjectR_MainHall.ProjectR_MainHall:PersistentLevel' has LevelScriptBlueprint '/Game/ProjectR_MainHall.ProjectR_MainHall:PersistentLevel.ProjectR_MainHall' with GeneratedClass '/Game/ProjectR_MainHall.ProjectR_MainHall_C' with ClassGeneratedBy '/Game/ProjectR_MainHall.ProjectR_MainHall:PersistentLevel.ProjectR_MainHall'
[2018.07.24-04.52.22:699][997]LogPlayLevel: PlayLevel: No blueprints needed recompiling
[2018.07.24-04.52.22:700][997]PIE: New page: PIE session: ProjectR_MainHall (Jul 24, 2018, 1:52:22 PM)
[2018.07.24-04.52.22:700][997]LogPlayLevel: Creating play world package: /Game/UEDPIE_0_ProjectR_MainHall
[2018.07.24-04.52.22:719][997]LogPlayLevel: PIE: StaticDuplicateObject took: (0.019363s)
[2018.07.24-04.52.22:719][997]LogAIModule: Creating AISystem for world ProjectR_MainHall
[2018.07.24-04.52.22:719][997]LogPlayLevel: PIE: World Init took: (0.000411s)
[2018.07.24-04.52.22:719][997]LogPlayLevel: PIE: Created PIE world by copying editor world from /Game/ProjectR_MainHall.ProjectR_MainHall to /Game/UEDPIE_0_ProjectR_MainHall.ProjectR_MainHall (0.019899s)
[2018.07.24-04.52.22:736][997]LogInit: XAudio2 using 'Speakers (Realtek High Definition Audio)' : 2 channels at 48 kHz using 32 bits per sample (channel mask 0x3)
[2018.07.24-04.52.22:750][997]LogInit: FAudioDevice initialized.
[2018.07.24-04.52.22:799][997]LogLoad: Game class is 'ThirdPersonGameMode_C'
[2018.07.24-04.52.22:806][997]LogWorld: Bringing World /Game/UEDPIE_0_ProjectR_MainHall.ProjectR_MainHall up for play (max tick rate 0) at 2018.07.24-09.22.22
[2018.07.24-04.52.22:806][997]LogWorld: Bringing up level for play took: 0.005823
[2018.07.24-04.52.22:809][997]PIE: Play in editor start time for /Game/UEDPIE_0_ProjectR_MainHall -0.156
[2018.07.24-04.52.22:809][997]LogBlueprintUserMessages: Late PlayInEditor Detection: Level '/Game/ProjectR_MainHall.ProjectR_MainHall:PersistentLevel' has LevelScriptBlueprint '/Game/ProjectR_MainHall.ProjectR_MainHall:PersistentLevel.ProjectR_MainHall' with GeneratedClass '/Game/ProjectR_MainHall.ProjectR_MainHall_C' with ClassGeneratedBy '/Game/ProjectR_MainHall.ProjectR_MainHall:PersistentLevel.ProjectR_MainHall'
[2018.07.24-04.52.22:839][997]LogRenderer: Reallocating scene render targets to support 1292x920 Format 10 NumSamples 1 (Frame:1).
[2018.07.24-04.52.24:453][181]LogBlueprintUserMessages: Early EndPlayMap Detection: Level '/Game/ProjectR_MainHall.ProjectR_MainHall:PersistentLevel' has LevelScriptBlueprint '/Game/ProjectR_MainHall.ProjectR_MainHall:PersistentLevel.ProjectR_MainHall' with GeneratedClass '/Game/ProjectR_MainHall.ProjectR_MainHall_C' with ClassGeneratedBy '/Game/ProjectR_MainHall.ProjectR_MainHall:PersistentLevel.ProjectR_MainHall'
[2018.07.24-04.52.24:464][181]LogSlate: Window 'ProjectR Game Preview Standalone (64-bit/PCD3D_SM5)' being destroyed
[2018.07.24-04.52.24:496][181]LogBlueprintUserMessages: Late EndPlayMap Detection: Level '/Game/ProjectR_MainHall.ProjectR_MainHall:PersistentLevel' has LevelScriptBlueprint '/Game/ProjectR_MainHall.ProjectR_MainHall:PersistentLevel.ProjectR_MainHall' with GeneratedClass '/Game/ProjectR_MainHall.ProjectR_MainHall_C' with ClassGeneratedBy '/Game/ProjectR_MainHall.ProjectR_MainHall:PersistentLevel.ProjectR_MainHall'
[2018.07.24-04.52.27:176][499]LogEditorViewport: Clicking on Actor (context menu): Landscape (Landscape1)
[2018.07.24-04.52.27:202][499]LogSlate: FSceneViewport::OnFocusLost() reason 2
[2018.07.24-04.52.27:896][579]LogBlueprintUserMessages: Early PlayInEditor Detection: Level '/Game/ProjectR_MainHall.ProjectR_MainHall:PersistentLevel' has LevelScriptBlueprint '/Game/ProjectR_MainHall.ProjectR_MainHall:PersistentLevel.ProjectR_MainHall' with GeneratedClass '/Game/ProjectR_MainHall.ProjectR_MainHall_C' with ClassGeneratedBy '/Game/ProjectR_MainHall.ProjectR_MainHall:PersistentLevel.ProjectR_MainHall'
[2018.07.24-04.52.27:896][579]LogPlayLevel: PlayLevel: No blueprints needed recompiling
[2018.07.24-04.52.27:896][579]PIE: New page: PIE session: ProjectR_MainHall (Jul 24, 2018, 1:52:27 PM)
[2018.07.24-04.52.27:896][579]LogPlayLevel: Creating play world package: /Game/UEDPIE_0_ProjectR_MainHall
[2018.07.24-04.52.27:916][579]LogPlayLevel: PIE: StaticDuplicateObject took: (0.019708s)
[2018.07.24-04.52.27:916][579]LogAIModule: Creating AISystem for world ProjectR_MainHall
[2018.07.24-04.52.27:916][579]LogPlayLevel: PIE: World Init took: (0.000421s)
[2018.07.24-04.52.27:916][579]LogPlayLevel: PIE: Created PIE world by copying editor world from /Game/ProjectR_MainHall.ProjectR_MainHall to /Game/UEDPIE_0_ProjectR_MainHall.ProjectR_MainHall (0.020266s)
[2018.07.24-04.52.27:933][579]LogInit: XAudio2 using 'Speakers (Realtek High Definition Audio)' : 2 channels at 48 kHz using 32 bits per sample (channel mask 0x3)
[2018.07.24-04.52.27:947][579]LogInit: FAudioDevice initialized.
[2018.07.24-04.52.27:947][579]LogSlate: FSceneViewport::OnFocusLost() reason 2
[2018.07.24-04.52.27:978][579]LogLoad: Game class is 'ThirdPersonGameMode_C'
[2018.07.24-04.52.27:983][579]LogWorld: Bringing World /Game/UEDPIE_0_ProjectR_MainHall.ProjectR_MainHall up for play (max tick rate 0) at 2018.07.24-09.22.27
[2018.07.24-04.52.27:984][579]LogWorld: Bringing up level for play took: 0.005321
[2018.07.24-04.52.27:985][579]PIE: Play in editor start time for /Game/UEDPIE_0_ProjectR_MainHall 1.021
[2018.07.24-04.52.27:985][579]LogBlueprintUserMessages: Late PlayInEditor Detection: Level '/Game/ProjectR_MainHall.ProjectR_MainHall:PersistentLevel' has LevelScriptBlueprint '/Game/ProjectR_MainHall.ProjectR_MainHall:PersistentLevel.ProjectR_MainHall' with GeneratedClass '/Game/ProjectR_MainHall.ProjectR_MainHall_C' with ClassGeneratedBy '/Game/ProjectR_MainHall.ProjectR_MainHall:PersistentLevel.ProjectR_MainHall'
[2018.07.24-04.52.33:389][222]LogBlueprintUserMessages: Early EndPlayMap Detection: Level '/Game/ProjectR_MainHall.ProjectR_MainHall:PersistentLevel' has LevelScriptBlueprint '/Game/ProjectR_MainHall.ProjectR_MainHall:PersistentLevel.ProjectR_MainHall' with GeneratedClass '/Game/ProjectR_MainHall.ProjectR_MainHall_C' with ClassGeneratedBy '/Game/ProjectR_MainHall.ProjectR_MainHall:PersistentLevel.ProjectR_MainHall'
[2018.07.24-04.52.33:425][222]LogBlueprintUserMessages: Late EndPlayMap Detection: Level '/Game/ProjectR_MainHall.ProjectR_MainHall:PersistentLevel' has LevelScriptBlueprint '/Game/ProjectR_MainHall.ProjectR_MainHall:PersistentLevel.ProjectR_MainHall' with GeneratedClass '/Game/ProjectR_MainHall.ProjectR_MainHall_C' with ClassGeneratedBy '/Game/ProjectR_MainHall.ProjectR_MainHall:PersistentLevel.ProjectR_MainHall'
[2018.07.24-04.52.38:725][848]LogSlate: FSceneViewport::OnFocusLost() reason 2
[2018.07.24-04.52.38:756][848]LogSlate: FSceneViewport::OnFocusLost() reason 2
[2018.07.24-04.52.38:806][848]Cmd: OBJ SAVEPACKAGE PACKAGE="/Game/ProjectR_MainHall" FILE="../../../../../Workstation/ProjectR/Content/ProjectR_MainHall.umap" SILENT=true AUTOSAVING=false KEEPDIRTY=false
[2018.07.24-04.52.39:265][848]LogSavePackage: Save=364.00ms
[2018.07.24-04.52.39:265][848]LogSavePackage: Moving '../../../../../Workstation/ProjectR/Saved/ProjectR_MainHallB48576BC4CBC05BAF5D30AB1FCE7CA3E.tmp' to '../../../../../Workstation/ProjectR/Content/ProjectR_MainHall.umap'
[2018.07.24-04.52.39:269][848]LogSavePackage: Display: Finished SavePackage ../../../../../Workstation/ProjectR/Content/ProjectR_MainHall.umap
[2018.07.24-04.52.39:289][848]LogFileHelpers: Saving map 'ProjectR_MainHall' took 0.529
[2018.07.24-04.52.39:799][894]LogSlate: FSceneViewport::OnFocusLost() reason 0
[2018.07.24-04.52.49:039][  2]BlueprintLog: New page: Compile ProjectR_MainHall
[2018.07.24-04.53.11:822][ 80]LogSlate: FSceneViewport::OnFocusLost() reason 2
[2018.07.24-04.53.14:841][433]LogSlate: FSceneViewport::OnFocusLost() reason 2
[2018.07.24-04.53.14:867][433]LogSlate: FSceneViewport::OnFocusLost() reason 2
[2018.07.24-04.53.14:903][433]Cmd: OBJ SAVEPACKAGE PACKAGE="/Game/ProjectR_MainHall" FILE="../../../../../Workstation/ProjectR/Content/ProjectR_MainHall.umap" SILENT=true AUTOSAVING=false KEEPDIRTY=false
[2018.07.24-04.53.15:252][433]LogSavePackage: Save=332.26ms
[2018.07.24-04.53.15:252][433]LogSavePackage: Moving '../../../../../Workstation/ProjectR/Saved/ProjectR_MainHall6C80C3FD41045DB2F40E08968422FC1E.tmp' to '../../../../../Workstation/ProjectR/Content/ProjectR_MainHall.umap'
[2018.07.24-04.53.15:253][433]LogSavePackage: Display: Finished SavePackage ../../../../../Workstation/ProjectR/Content/ProjectR_MainHall.umap
[2018.07.24-04.53.15:271][433]LogFileHelpers: Saving map 'ProjectR_MainHall' took 0.402
[2018.07.24-04.53.16:173][541]LogSlate: FSceneViewport::OnFocusLost() reason 2
[2018.07.24-04.53.17:289][675]SourceControl: fatal: h:/Unreal Engine/Epic Games/UE_4.19/Engine/Content: 'h:/Unreal Engine/Epic Games/UE_4.19/Engine/Content' is outside repository
[2018.07.24-04.53.17:367][675]LogSlate: FSceneViewport::OnFocusLost() reason 2
[2018.07.24-04.53.27:662][675]LogSlate: Window 'Submit Files' being destroyed
[2018.07.24-04.53.27:674][675]LogSlate: FSceneViewport::OnFocusLost() reason 2
[2018.07.24-04.53.27:755][675]LogSlate: FSceneViewport::OnFocusLost() reason 2
[2018.07.24-04.53.28:320][675]LogSlate: FSceneViewport::OnFocusLost() reason 2
[2018.07.24-04.53.31:411][675]LogSourceControl: commit successful: [master 2c42f92] 1
[2018.07.24-04.53.31:485][675]SourceControl: [master 2c42f92] 1
[2018.07.24-04.53.31:485][675]SourceControl:  12 files changed, 44 insertions(+), 2 deletions(-)
[2018.07.24-04.53.31:485][675]SourceControl:  create mode 100644 Content/Import/House/ProjectR_House1.uasset
[2018.07.24-04.53.31:485][675]SourceControl:  create mode 100644 Content/Import/House/ProjectR_House2.uasset
[2018.07.24-04.53.31:485][675]SourceControl:  create mode 100644 Content/Import/House/ProjectR_House3.uasset
[2018.07.24-04.53.31:485][675]SourceControl:  create mode 100644 Content/Import/House/ProjectR_PointofInterest.uasset
[2018.07.24-04.53.31:485][675]SourceControl:  create mode 100644 Content/Import/House/lambert1.uasset
[2018.07.24-04.53.31:485][675]SourceControl:  create mode 100644 Content/Import/House/lambert2.uasset
[2018.07.24-04.53.31:485][675]SourceControl:  create mode 100644 Content/Import/House/lambert3.uasset
[2018.07.24-04.53.31:485][675]SourceControl:  create mode 100644 Content/Import/House/lambert4.uasset
[2018.07.24-04.53.31:485][675]SourceControl:  rewrite Content/Import/MainHallFront/ProjectR_MainHallFront_pCube15.uasset (94%)
[2018.07.24-04.53.31:487][675]SourceControl: Commited [master 2c42f92] 1.
[2018.07.24-04.53.31:492][676]LogHttp: Warning: 0000021088624100: request failed, libcurl error: 7 (Couldn't connect to server)
[2018.07.24-04.53.31:492][676]LogHttp: Warning: 0000021088624100: libcurl info message cache 0 (Hostname in DNS cache was stale, zapped)
[2018.07.24-04.53.31:492][676]LogHttp: Warning: 0000021088624100: libcurl info message cache 1 (  Trying 10.0.0.1...)
[2018.07.24-04.53.31:492][676]LogHttp: Warning: 0000021088624100: libcurl info message cache 2 (connect to 10.0.0.1 port 443 failed: Timed out)
[2018.07.24-04.53.31:492][676]LogHttp: Warning: 0000021088624100: libcurl info message cache 3 (Failed to connect to datarouter.ol.epicgames.com port 443: Timed out)
[2018.07.24-04.53.31:492][676]LogHttp: Warning: 0000021088624100: libcurl info message cache 4 (Closing connection 3)
[2018.07.24-04.55.53:107][997]LogHttp: Warning: 00000210DDEE2F80: request failed, libcurl error: 7 (Couldn't connect to server)
[2018.07.24-04.55.53:107][997]LogHttp: Warning: 00000210DDEE2F80: libcurl info message cache 0 (Hostname in DNS cache was stale, zapped)
[2018.07.24-04.55.53:107][997]LogHttp: Warning: 00000210DDEE2F80: libcurl info message cache 1 (  Trying 10.0.0.1...)
[2018.07.24-04.55.53:107][997]LogHttp: Warning: 00000210DDEE2F80: libcurl info message cache 2 (connect to 10.0.0.1 port 443 failed: Timed out)
[2018.07.24-04.55.53:107][997]LogHttp: Warning: 00000210DDEE2F80: libcurl info message cache 3 (Failed to connect to datarouter.ol.epicgames.com port 443: Timed out)
[2018.07.24-04.55.53:107][997]LogHttp: Warning: 00000210DDEE2F80: libcurl info message cache 4 (Closing connection 4)
[2018.07.24-04.57.31:816][433]LogSlate: FSceneViewport::OnFocusLost() reason 0
[2018.07.24-04.57.52:932][959]BlueprintLog: New page: Compile ProjectR_MainHall
[2018.07.24-04.58.34:393][431]LogEditorViewport: Clicking on Actor (context menu): Landscape (Landscape1)
[2018.07.24-04.58.34:422][431]LogSlate: FSceneViewport::OnFocusLost() reason 2
[2018.07.24-04.58.35:259][528]LogBlueprintUserMessages: Early PlayInEditor Detection: Level '/Game/ProjectR_MainHall.ProjectR_MainHall:PersistentLevel' has LevelScriptBlueprint '/Game/ProjectR_MainHall.ProjectR_MainHall:PersistentLevel.ProjectR_MainHall' with GeneratedClass '/Game/ProjectR_MainHall.ProjectR_MainHall_C' with ClassGeneratedBy '/Game/ProjectR_MainHall.ProjectR_MainHall:PersistentLevel.ProjectR_MainHall'
[2018.07.24-04.58.35:259][528]LogPlayLevel: PlayLevel: No blueprints needed recompiling
[2018.07.24-04.58.35:259][528]PIE: New page: PIE session: ProjectR_MainHall (Jul 24, 2018, 1:58:35 PM)
[2018.07.24-04.58.35:259][528]LogPlayLevel: Creating play world package: /Game/UEDPIE_0_ProjectR_MainHall
[2018.07.24-04.58.35:280][528]LogPlayLevel: PIE: StaticDuplicateObject took: (0.020466s)
[2018.07.24-04.58.35:280][528]LogAIModule: Creating AISystem for world ProjectR_MainHall
[2018.07.24-04.58.35:280][528]LogPlayLevel: PIE: World Init took: (0.000526s)
[2018.07.24-04.58.35:280][528]LogPlayLevel: PIE: Created PIE world by copying editor world from /Game/ProjectR_MainHall.ProjectR_MainHall to /Game/UEDPIE_0_ProjectR_MainHall.ProjectR_MainHall (0.021140s)
[2018.07.24-04.58.35:297][528]LogInit: XAudio2 using 'Speakers (Realtek High Definition Audio)' : 2 channels at 48 kHz using 32 bits per sample (channel mask 0x3)
[2018.07.24-04.58.35:311][528]LogInit: FAudioDevice initialized.
[2018.07.24-04.58.35:311][528]LogSlate: FSceneViewport::OnFocusLost() reason 2
[2018.07.24-04.58.35:343][528]LogLoad: Game class is 'ThirdPersonGameMode_C'
[2018.07.24-04.58.35:349][528]LogWorld: Bringing World /Game/UEDPIE_0_ProjectR_MainHall.ProjectR_MainHall up for play (max tick rate 0) at 2018.07.24-09.28.35
[2018.07.24-04.58.35:349][528]LogWorld: Bringing up level for play took: 0.005693
[2018.07.24-04.58.35:351][528]PIE: Play in editor start time for /Game/UEDPIE_0_ProjectR_MainHall 0.386
[2018.07.24-04.58.35:351][528]LogBlueprintUserMessages: Late PlayInEditor Detection: Level '/Game/ProjectR_MainHall.ProjectR_MainHall:PersistentLevel' has LevelScriptBlueprint '/Game/ProjectR_MainHall.ProjectR_MainHall:PersistentLevel.ProjectR_MainHall' with GeneratedClass '/Game/ProjectR_MainHall.ProjectR_MainHall_C' with ClassGeneratedBy '/Game/ProjectR_MainHall.ProjectR_MainHall:PersistentLevel.ProjectR_MainHall'
[2018.07.24-04.58.39:923][ 74]LogBlueprintUserMessages: Early EndPlayMap Detection: Level '/Game/ProjectR_MainHall.ProjectR_MainHall:PersistentLevel' has LevelScriptBlueprint '/Game/ProjectR_MainHall.ProjectR_MainHall:PersistentLevel.ProjectR_MainHall' with GeneratedClass '/Game/ProjectR_MainHall.ProjectR_MainHall_C' with ClassGeneratedBy '/Game/ProjectR_MainHall.ProjectR_MainHall:PersistentLevel.ProjectR_MainHall'
[2018.07.24-04.58.39:960][ 74]LogBlueprintUserMessages: Late EndPlayMap Detection: Level '/Game/ProjectR_MainHall.ProjectR_MainHall:PersistentLevel' has LevelScriptBlueprint '/Game/ProjectR_MainHall.ProjectR_MainHall:PersistentLevel.ProjectR_MainHall' with GeneratedClass '/Game/ProjectR_MainHall.ProjectR_MainHall_C' with ClassGeneratedBy '/Game/ProjectR_MainHall.ProjectR_MainHall:PersistentLevel.ProjectR_MainHall'
[2018.07.24-04.58.40:836][175]LogSlate: FSceneViewport::OnFocusLost() reason 0
[2018.07.24-05.00.59:475][381]Cmd: OBJ SAVEPACKAGE PACKAGE="/Game/ProjectR_MainHall" FILE="../../../../../Workstation/ProjectR/Content/ProjectR_MainHall.umap" SILENT=true AUTOSAVING=false KEEPDIRTY=false
[2018.07.24-05.00.59:825][381]LogSavePackage: Save=330.48ms
[2018.07.24-05.00.59:825][381]LogSavePackage: Moving '../../../../../Workstation/ProjectR/Saved/ProjectR_MainHall75AE2184418731A1D9AE3C85FF6DB592.tmp' to '../../../../../Workstation/ProjectR/Content/ProjectR_MainHall.umap'
[2018.07.24-05.00.59:826][381]LogSavePackage: Display: Finished SavePackage ../../../../../Workstation/ProjectR/Content/ProjectR_MainHall.umap
[2018.07.24-05.00.59:845][381]LogFileHelpers: Saving map 'ProjectR_MainHall' took 0.406
[2018.07.24-05.01.12:112][384]SourceControl: fatal: h:/Unreal Engine/Epic Games/UE_4.19/Engine/Content: 'h:/Unreal Engine/Epic Games/UE_4.19/Engine/Content' is outside repository
[2018.07.24-05.01.14:944][384]LogSlate: Window 'Submit Files' being destroyed
